/autofs/nccs-svm1_sw/summit/.swci/0-core/opt/spack/20180914/linux-rhel7-ppc64le/gcc-4.8.5/cmake-3.15.2-xit2o3iepxvqbyku77lwcugufilztu7t/bin/cmake -S/gpfs/alpine/proj-shared/csc143/jwang/local-build/zfp -B/gpfs/alpine/proj-shared/csc143/jwang/local-build/zfp/build_debug --check-build-system CMakeFiles/Makefile.cmake 0
/autofs/nccs-svm1_sw/summit/.swci/0-core/opt/spack/20180914/linux-rhel7-ppc64le/gcc-4.8.5/cmake-3.15.2-xit2o3iepxvqbyku77lwcugufilztu7t/bin/cmake -E cmake_progress_start /gpfs/alpine/proj-shared/csc143/jwang/local-build/zfp/build_debug/CMakeFiles /gpfs/alpine/proj-shared/csc143/jwang/local-build/zfp/build_debug/CMakeFiles/progress.marks
make -f CMakeFiles/Makefile2 all
make[1]: Entering directory `/gpfs/alpine/csc143/proj-shared/jwang/local-build/zfp/build_debug'
make -f src/CMakeFiles/zfp.dir/build.make src/CMakeFiles/zfp.dir/depend
make[2]: Entering directory `/gpfs/alpine/csc143/proj-shared/jwang/local-build/zfp/build_debug'
[  2%] Building NVCC (Device) object src/CMakeFiles/zfp.dir/cuda_zfp/zfp_generated_cuZFP.cu.o
cd /gpfs/alpine/proj-shared/csc143/jwang/local-build/zfp/build_debug/src/CMakeFiles/zfp.dir/cuda_zfp && /autofs/nccs-svm1_sw/summit/.swci/0-core/opt/spack/20180914/linux-rhel7-ppc64le/gcc-4.8.5/cmake-3.15.2-xit2o3iepxvqbyku77lwcugufilztu7t/bin/cmake -E make_directory /gpfs/alpine/proj-shared/csc143/jwang/local-build/zfp/build_debug/src/CMakeFiles/zfp.dir/cuda_zfp/.
cd /gpfs/alpine/proj-shared/csc143/jwang/local-build/zfp/build_debug/src/CMakeFiles/zfp.dir/cuda_zfp && /autofs/nccs-svm1_sw/summit/.swci/0-core/opt/spack/20180914/linux-rhel7-ppc64le/gcc-4.8.5/cmake-3.15.2-xit2o3iepxvqbyku77lwcugufilztu7t/bin/cmake -D verbose:BOOL=1 -D build_configuration:STRING=Release -D generated_file:STRING=/gpfs/alpine/proj-shared/csc143/jwang/local-build/zfp/build_debug/src/CMakeFiles/zfp.dir/cuda_zfp/./zfp_generated_cuZFP.cu.o -D generated_cubin_file:STRING=/gpfs/alpine/proj-shared/csc143/jwang/local-build/zfp/build_debug/src/CMakeFiles/zfp.dir/cuda_zfp/./zfp_generated_cuZFP.cu.o.cubin.txt -P /gpfs/alpine/proj-shared/csc143/jwang/local-build/zfp/build_debug/src/CMakeFiles/zfp.dir/cuda_zfp/zfp_generated_cuZFP.cu.o.Release.cmake
-- Removing /gpfs/alpine/proj-shared/csc143/jwang/local-build/zfp/build_debug/src/CMakeFiles/zfp.dir/cuda_zfp/./zfp_generated_cuZFP.cu.o
/autofs/nccs-svm1_sw/summit/.swci/0-core/opt/spack/20180914/linux-rhel7-ppc64le/gcc-4.8.5/cmake-3.15.2-xit2o3iepxvqbyku77lwcugufilztu7t/bin/cmake -E remove /gpfs/alpine/proj-shared/csc143/jwang/local-build/zfp/build_debug/src/CMakeFiles/zfp.dir/cuda_zfp/./zfp_generated_cuZFP.cu.o
-- Generating dependency file: /gpfs/alpine/proj-shared/csc143/jwang/local-build/zfp/build_debug/src/CMakeFiles/zfp.dir/cuda_zfp/zfp_generated_cuZFP.cu.o.NVCC-depend
/sw/summit/cuda/10.1.168/bin/nvcc -M -D__CUDACC__ /gpfs/alpine/proj-shared/csc143/jwang/local-build/zfp/src/cuda_zfp/cuZFP.cu -o /gpfs/alpine/proj-shared/csc143/jwang/local-build/zfp/build_debug/src/CMakeFiles/zfp.dir/cuda_zfp/zfp_generated_cuZFP.cu.o.NVCC-depend -ccbin /usr/bin/cc -m64 -DZFP_WITH_CUDA -Xcompiler ,\"-fPIC\",\"-O3\",\"-DNDEBUG\" -arch=sm_70 --maxrregcount=32 --ptxas-options=-v --keep -Xptxas -dlcm=ca -DNVCC -I/gpfs/alpine/proj-shared/csc143/jwang/local-build/zfp/include -I/sw/summit/cuda/10.1.168/include
-- Generating temporary cmake readable file: /gpfs/alpine/proj-shared/csc143/jwang/local-build/zfp/build_debug/src/CMakeFiles/zfp.dir/cuda_zfp/zfp_generated_cuZFP.cu.o.depend.tmp
/autofs/nccs-svm1_sw/summit/.swci/0-core/opt/spack/20180914/linux-rhel7-ppc64le/gcc-4.8.5/cmake-3.15.2-xit2o3iepxvqbyku77lwcugufilztu7t/bin/cmake -D input_file:FILEPATH=/gpfs/alpine/proj-shared/csc143/jwang/local-build/zfp/build_debug/src/CMakeFiles/zfp.dir/cuda_zfp/zfp_generated_cuZFP.cu.o.NVCC-depend -D output_file:FILEPATH=/gpfs/alpine/proj-shared/csc143/jwang/local-build/zfp/build_debug/src/CMakeFiles/zfp.dir/cuda_zfp/zfp_generated_cuZFP.cu.o.depend.tmp -D verbose=1 -P /autofs/nccs-svm1_sw/summit/.swci/0-core/opt/spack/20180914/linux-rhel7-ppc64le/gcc-4.8.5/cmake-3.15.2-xit2o3iepxvqbyku77lwcugufilztu7t/share/cmake-3.15/Modules/FindCUDA/make2cmake.cmake
-- Copy if different /gpfs/alpine/proj-shared/csc143/jwang/local-build/zfp/build_debug/src/CMakeFiles/zfp.dir/cuda_zfp/zfp_generated_cuZFP.cu.o.depend.tmp to /gpfs/alpine/proj-shared/csc143/jwang/local-build/zfp/build_debug/src/CMakeFiles/zfp.dir/cuda_zfp/zfp_generated_cuZFP.cu.o.depend
/autofs/nccs-svm1_sw/summit/.swci/0-core/opt/spack/20180914/linux-rhel7-ppc64le/gcc-4.8.5/cmake-3.15.2-xit2o3iepxvqbyku77lwcugufilztu7t/bin/cmake -E copy_if_different /gpfs/alpine/proj-shared/csc143/jwang/local-build/zfp/build_debug/src/CMakeFiles/zfp.dir/cuda_zfp/zfp_generated_cuZFP.cu.o.depend.tmp /gpfs/alpine/proj-shared/csc143/jwang/local-build/zfp/build_debug/src/CMakeFiles/zfp.dir/cuda_zfp/zfp_generated_cuZFP.cu.o.depend
-- Removing /gpfs/alpine/proj-shared/csc143/jwang/local-build/zfp/build_debug/src/CMakeFiles/zfp.dir/cuda_zfp/zfp_generated_cuZFP.cu.o.depend.tmp and /gpfs/alpine/proj-shared/csc143/jwang/local-build/zfp/build_debug/src/CMakeFiles/zfp.dir/cuda_zfp/zfp_generated_cuZFP.cu.o.NVCC-depend
/autofs/nccs-svm1_sw/summit/.swci/0-core/opt/spack/20180914/linux-rhel7-ppc64le/gcc-4.8.5/cmake-3.15.2-xit2o3iepxvqbyku77lwcugufilztu7t/bin/cmake -E remove /gpfs/alpine/proj-shared/csc143/jwang/local-build/zfp/build_debug/src/CMakeFiles/zfp.dir/cuda_zfp/zfp_generated_cuZFP.cu.o.depend.tmp /gpfs/alpine/proj-shared/csc143/jwang/local-build/zfp/build_debug/src/CMakeFiles/zfp.dir/cuda_zfp/zfp_generated_cuZFP.cu.o.NVCC-depend
-- Generating /gpfs/alpine/proj-shared/csc143/jwang/local-build/zfp/build_debug/src/CMakeFiles/zfp.dir/cuda_zfp/./zfp_generated_cuZFP.cu.o
/sw/summit/cuda/10.1.168/bin/nvcc /gpfs/alpine/proj-shared/csc143/jwang/local-build/zfp/src/cuda_zfp/cuZFP.cu -c -o /gpfs/alpine/proj-shared/csc143/jwang/local-build/zfp/build_debug/src/CMakeFiles/zfp.dir/cuda_zfp/./zfp_generated_cuZFP.cu.o -ccbin /usr/bin/cc -m64 -DZFP_WITH_CUDA -Xcompiler ,\"-fPIC\",\"-O3\",\"-DNDEBUG\" -arch=sm_70 --maxrregcount=32 --ptxas-options=-v --keep -Xptxas -dlcm=ca -DNVCC -I/gpfs/alpine/proj-shared/csc143/jwang/local-build/zfp/include -I/sw/summit/cuda/10.1.168/include
/gpfs/alpine/proj-shared/csc143/jwang/local-build/zfp/src/cuda_zfp/cuZFP.cu(343): warning: variable "field_bytes" was declared but never referenced

ptxas info    : 0 bytes gmem, 84 bytes cmem[3]
ptxas info    : Compiling entry function '_ZN5cuZFP11cudaDecode2IxLi16EEEvPyPT_5uint24int2S4_j' for 'sm_70'
ptxas info    : Function properties for _ZN5cuZFP11cudaDecode2IxLi16EEEvPyPT_5uint24int2S4_j
    448 bytes stack frame, 516 bytes spill stores, 520 bytes spill loads
ptxas info    : Used 32 registers, 396 bytes cmem[0]
ptxas info    : Compiling entry function '_ZN5cuZFP11cudaDecode1IxEEvPyPT_jijjj' for 'sm_70'
ptxas info    : Function properties for _ZN5cuZFP11cudaDecode1IxEEvPyPT_jijjj
    64 bytes stack frame, 0 bytes spill stores, 0 bytes spill loads
ptxas info    : Used 32 registers, 388 bytes cmem[0]
ptxas info    : Compiling entry function '_ZN5cuZFP11cudaDecode3IxLi64EEEvPyPT_5uint34int3S4_j' for 'sm_70'
ptxas info    : Function properties for _ZN5cuZFP11cudaDecode3IxLi64EEEvPyPT_5uint34int3S4_j
    3232 bytes stack frame, 6408 bytes spill stores, 6684 bytes spill loads
ptxas info    : Used 32 registers, 408 bytes cmem[0]
ptxas info    : Compiling entry function '_ZN5cuZFP11cudaDecode2IiLi16EEEvPyPT_5uint24int2S4_j' for 'sm_70'
ptxas info    : Function properties for _ZN5cuZFP11cudaDecode2IiLi16EEEvPyPT_5uint24int2S4_j
    176 bytes stack frame, 48 bytes spill stores, 64 bytes spill loads
ptxas info    : Used 32 registers, 396 bytes cmem[0]
ptxas info    : Compiling entry function '_ZN5cuZFP11cudaDecode1IiEEvPyPT_jijjj' for 'sm_70'
ptxas info    : Function properties for _ZN5cuZFP11cudaDecode1IiEEvPyPT_jijjj
    32 bytes stack frame, 0 bytes spill stores, 0 bytes spill loads
ptxas info    : Used 32 registers, 388 bytes cmem[0]
ptxas info    : Compiling entry function '_ZN5cuZFP11cudaDecode3IiLi64EEEvPyPT_5uint34int3S4_j' for 'sm_70'
ptxas info    : Function properties for _ZN5cuZFP11cudaDecode3IiLi64EEEvPyPT_5uint34int3S4_j
    1408 bytes stack frame, 2208 bytes spill stores, 2228 bytes spill loads
ptxas info    : Used 32 registers, 408 bytes cmem[0]
ptxas info    : Compiling entry function '_ZN5cuZFP11cudaDecode2IdLi16EEEvPyPT_5uint24int2S4_j' for 'sm_70'
ptxas info    : Function properties for _ZN5cuZFP11cudaDecode2IdLi16EEEvPyPT_5uint24int2S4_j
    400 bytes stack frame, 512 bytes spill stores, 516 bytes spill loads
ptxas info    : Used 32 registers, 396 bytes cmem[0]
ptxas info    : Compiling entry function '_ZN5cuZFP11cudaDecode1IdEEvPyPT_jijjj' for 'sm_70'
ptxas info    : Function properties for _ZN5cuZFP11cudaDecode1IdEEvPyPT_jijjj
    64 bytes stack frame, 0 bytes spill stores, 0 bytes spill loads
ptxas info    : Used 32 registers, 388 bytes cmem[0]
ptxas info    : Compiling entry function '_ZN5cuZFP11cudaDecode3IdLi64EEEvPyPT_5uint34int3S4_j' for 'sm_70'
ptxas info    : Function properties for _ZN5cuZFP11cudaDecode3IdLi64EEEvPyPT_5uint34int3S4_j
    2464 bytes stack frame, 5468 bytes spill stores, 5252 bytes spill loads
ptxas info    : Used 32 registers, 408 bytes cmem[0]
ptxas info    : Compiling entry function '_ZN5cuZFP11cudaDecode2IfLi16EEEvPyPT_5uint24int2S4_j' for 'sm_70'
ptxas info    : Function properties for _ZN5cuZFP11cudaDecode2IfLi16EEEvPyPT_5uint24int2S4_j
    160 bytes stack frame, 44 bytes spill stores, 60 bytes spill loads
ptxas info    : Used 32 registers, 396 bytes cmem[0]
ptxas info    : Compiling entry function '_ZN5cuZFP11cudaDecode1IfEEvPyPT_jijjj' for 'sm_70'
ptxas info    : Function properties for _ZN5cuZFP11cudaDecode1IfEEvPyPT_jijjj
    32 bytes stack frame, 0 bytes spill stores, 0 bytes spill loads
ptxas info    : Used 32 registers, 388 bytes cmem[0]
ptxas info    : Compiling entry function '_ZN5cuZFP11cudaDecode3IfLi64EEEvPyPT_5uint34int3S4_j' for 'sm_70'
ptxas info    : Function properties for _ZN5cuZFP11cudaDecode3IfLi64EEEvPyPT_5uint34int3S4_j
    1296 bytes stack frame, 2424 bytes spill stores, 2472 bytes spill loads
ptxas info    : Used 32 registers, 408 bytes cmem[0]
ptxas info    : Compiling entry function '_ZN5cuZFP10cudaEncodeIxEEvjPKT_Py5uint34int3S5_j' for 'sm_70'
ptxas info    : Function properties for _ZN5cuZFP10cudaEncodeIxEEvjPKT_Py5uint34int3S5_j
    512 bytes stack frame, 0 bytes spill stores, 0 bytes spill loads
ptxas info    : Used 32 registers, 416 bytes cmem[0], 60 bytes cmem[2]
ptxas info    : Compiling entry function '_ZN5cuZFP11cudaEncode2IxEEvjPKT_Py5uint24int2S5_j' for 'sm_70'
ptxas info    : Function properties for _ZN5cuZFP11cudaEncode2IxEEvjPKT_Py5uint24int2S5_j
    128 bytes stack frame, 0 bytes spill stores, 0 bytes spill loads
ptxas info    : Used 32 registers, 404 bytes cmem[0], 12 bytes cmem[2]
ptxas info    : Compiling entry function '_ZN5cuZFP11cudaEncode1IxEEvjPKT_Pyjijj' for 'sm_70'
ptxas info    : Function properties for _ZN5cuZFP11cudaEncode1IxEEvjPKT_Pyjijj
    32 bytes stack frame, 0 bytes spill stores, 0 bytes spill loads
ptxas info    : Used 31 registers, 392 bytes cmem[0]
ptxas info    : Compiling entry function '_ZN5cuZFP10cudaEncodeIiEEvjPKT_Py5uint34int3S5_j' for 'sm_70'
ptxas info    : Function properties for _ZN5cuZFP10cudaEncodeIiEEvjPKT_Py5uint34int3S5_j
    288 bytes stack frame, 28 bytes spill stores, 28 bytes spill loads
ptxas info    : Used 32 registers, 416 bytes cmem[0], 60 bytes cmem[2]
ptxas info    : Compiling entry function '_ZN5cuZFP11cudaEncode2IiEEvjPKT_Py5uint24int2S5_j' for 'sm_70'
ptxas info    : Function properties for _ZN5cuZFP11cudaEncode2IiEEvjPKT_Py5uint24int2S5_j
    64 bytes stack frame, 0 bytes spill stores, 0 bytes spill loads
ptxas info    : Used 32 registers, 404 bytes cmem[0], 12 bytes cmem[2]
ptxas info    : Compiling entry function '_ZN5cuZFP11cudaEncode1IiEEvjPKT_Pyjijj' for 'sm_70'
ptxas info    : Function properties for _ZN5cuZFP11cudaEncode1IiEEvjPKT_Pyjijj
    16 bytes stack frame, 0 bytes spill stores, 0 bytes spill loads
ptxas info    : Used 29 registers, 392 bytes cmem[0]
ptxas info    : Compiling entry function '_ZN5cuZFP10cudaEncodeIdEEvjPKT_Py5uint34int3S5_j' for 'sm_70'
ptxas info    : Function properties for _ZN5cuZFP10cudaEncodeIdEEvjPKT_Py5uint34int3S5_j
    512 bytes stack frame, 0 bytes spill stores, 0 bytes spill loads
ptxas info    : Used 32 registers, 416 bytes cmem[0], 60 bytes cmem[2]
ptxas info    : Compiling entry function '_ZN5cuZFP11cudaEncode2IdEEvjPKT_Py5uint24int2S5_j' for 'sm_70'
ptxas info    : Function properties for _ZN5cuZFP11cudaEncode2IdEEvjPKT_Py5uint24int2S5_j
    128 bytes stack frame, 0 bytes spill stores, 0 bytes spill loads
ptxas info    : Used 32 registers, 404 bytes cmem[0], 12 bytes cmem[2]
ptxas info    : Compiling entry function '_ZN5cuZFP11cudaEncode1IdEEvjPKT_Pyjijj' for 'sm_70'
ptxas info    : Function properties for _ZN5cuZFP11cudaEncode1IdEEvjPKT_Pyjijj
    64 bytes stack frame, 0 bytes spill stores, 0 bytes spill loads
ptxas info    : Used 32 registers, 392 bytes cmem[0]
ptxas info    : Compiling entry function '_ZN5cuZFP10cudaEncodeIfEEvjPKT_Py5uint34int3S5_j' for 'sm_70'
ptxas info    : Function properties for _ZN5cuZFP10cudaEncodeIfEEvjPKT_Py5uint34int3S5_j
    288 bytes stack frame, 28 bytes spill stores, 28 bytes spill loads
ptxas info    : Used 32 registers, 416 bytes cmem[0], 60 bytes cmem[2]
ptxas info    : Compiling entry function '_ZN5cuZFP11cudaEncode2IfEEvjPKT_Py5uint24int2S5_j' for 'sm_70'
ptxas info    : Function properties for _ZN5cuZFP11cudaEncode2IfEEvjPKT_Py5uint24int2S5_j
    64 bytes stack frame, 0 bytes spill stores, 0 bytes spill loads
ptxas info    : Used 32 registers, 404 bytes cmem[0], 12 bytes cmem[2]
ptxas info    : Compiling entry function '_ZN5cuZFP11cudaEncode1IfEEvjPKT_Pyjijj' for 'sm_70'
ptxas info    : Function properties for _ZN5cuZFP11cudaEncode1IfEEvjPKT_Pyjijj
    32 bytes stack frame, 0 bytes spill stores, 0 bytes spill loads
ptxas info    : Used 31 registers, 392 bytes cmem[0]
/gpfs/alpine/proj-shared/csc143/jwang/local-build/zfp/include/zfp.h:771:12: warning: 'sysEndianType' initialized and declared 'extern' [enabled by default]
 extern int sysEndianType = 1;
            ^
Generated /gpfs/alpine/proj-shared/csc143/jwang/local-build/zfp/build_debug/src/CMakeFiles/zfp.dir/cuda_zfp/./zfp_generated_cuZFP.cu.o successfully.
cd /gpfs/alpine/proj-shared/csc143/jwang/local-build/zfp/build_debug && /autofs/nccs-svm1_sw/summit/.swci/0-core/opt/spack/20180914/linux-rhel7-ppc64le/gcc-4.8.5/cmake-3.15.2-xit2o3iepxvqbyku77lwcugufilztu7t/bin/cmake -E cmake_depends "Unix Makefiles" /gpfs/alpine/proj-shared/csc143/jwang/local-build/zfp /gpfs/alpine/proj-shared/csc143/jwang/local-build/zfp/src /gpfs/alpine/proj-shared/csc143/jwang/local-build/zfp/build_debug /gpfs/alpine/proj-shared/csc143/jwang/local-build/zfp/build_debug/src /gpfs/alpine/proj-shared/csc143/jwang/local-build/zfp/build_debug/src/CMakeFiles/zfp.dir/DependInfo.cmake --color=
make[2]: Leaving directory `/gpfs/alpine/csc143/proj-shared/jwang/local-build/zfp/build_debug'
make -f src/CMakeFiles/zfp.dir/build.make src/CMakeFiles/zfp.dir/build
make[2]: Entering directory `/gpfs/alpine/csc143/proj-shared/jwang/local-build/zfp/build_debug'
[  5%] Building C object src/CMakeFiles/zfp.dir/zfp.c.o
cd /gpfs/alpine/proj-shared/csc143/jwang/local-build/zfp/build_debug/src && /usr/bin/cc -DZFP_WITH_CUDA -I/gpfs/alpine/proj-shared/csc143/jwang/local-build/zfp/include  -O3 -DNDEBUG -fPIC   -fopenmp -std=gnu99 -o CMakeFiles/zfp.dir/zfp.c.o   -c /gpfs/alpine/proj-shared/csc143/jwang/local-build/zfp/src/zfp.c
In file included from /gpfs/alpine/proj-shared/csc143/jwang/local-build/zfp/src/zfp.c:5:0:
/gpfs/alpine/proj-shared/csc143/jwang/local-build/zfp/include/zfp.h:771:12: warning: 'sysEndianType' initialized and declared 'extern' [enabled by default]
 extern int sysEndianType = 1;
            ^
In file included from /gpfs/alpine/proj-shared/csc143/jwang/local-build/zfp/src/zfp.c:62:0:
/gpfs/alpine/proj-shared/csc143/jwang/local-build/zfp/src/template/compress.c: In function 'compress_int32_1':
/gpfs/alpine/proj-shared/csc143/jwang/local-build/zfp/src/template/compress.c:509:7: warning: implicit declaration of function 'fwd_xform_int32_1' [-Wimplicit-function-declaration]
       _t2(fwd_xform, Int, 1)(iblock);
       ^
In file included from /gpfs/alpine/proj-shared/csc143/jwang/local-build/zfp/src/zfp.c:81:0:
/gpfs/alpine/proj-shared/csc143/jwang/local-build/zfp/src/template/compress.c: In function 'compress_int64_1':
/gpfs/alpine/proj-shared/csc143/jwang/local-build/zfp/src/template/compress.c:509:7: warning: implicit declaration of function 'fwd_xform_int64_1' [-Wimplicit-function-declaration]
       _t2(fwd_xform, Int, 1)(iblock);
       ^
In file included from /gpfs/alpine/proj-shared/csc143/jwang/local-build/zfp/src/zfp.c:7:0:
/gpfs/alpine/proj-shared/csc143/jwang/local-build/zfp/src/zfp.c: At top level:
/gpfs/alpine/proj-shared/csc143/jwang/local-build/zfp/src/zfp.c:133:10: warning: conflicting types for 'fwd_xform_int32_1' [enabled by default]
 void _t2(fwd_xform, int32, 1)(int32* p)
          ^
/gpfs/alpine/proj-shared/csc143/jwang/local-build/zfp/src/template/template.h:9:24: note: in definition of macro '_cat3'
 #define _cat3(x, y, z) x ## _ ## y ## _ ## z
                        ^
/gpfs/alpine/proj-shared/csc143/jwang/local-build/zfp/src/zfp.c:133:6: note: in expansion of macro '_t2'
 void _t2(fwd_xform, int32, 1)(int32* p)
      ^
/gpfs/alpine/proj-shared/csc143/jwang/local-build/zfp/src/template/compress.c:509:11: note: previous implicit declaration of 'fwd_xform_int32_1' was here
       _t2(fwd_xform, Int, 1)(iblock);
           ^
/gpfs/alpine/proj-shared/csc143/jwang/local-build/zfp/src/template/template.h:9:24: note: in definition of macro '_cat3'
 #define _cat3(x, y, z) x ## _ ## y ## _ ## z
                        ^
/gpfs/alpine/proj-shared/csc143/jwang/local-build/zfp/src/template/compress.c:509:7: note: in expansion of macro '_t2'
       _t2(fwd_xform, Int, 1)(iblock);
       ^
/gpfs/alpine/proj-shared/csc143/jwang/local-build/zfp/src/zfp.c:154:10: warning: conflicting types for 'fwd_xform_int64_1' [enabled by default]
 void _t2(fwd_xform, int64, 1)(int64* p)
          ^
/gpfs/alpine/proj-shared/csc143/jwang/local-build/zfp/src/template/template.h:9:24: note: in definition of macro '_cat3'
 #define _cat3(x, y, z) x ## _ ## y ## _ ## z
                        ^
/gpfs/alpine/proj-shared/csc143/jwang/local-build/zfp/src/zfp.c:154:6: note: in expansion of macro '_t2'
 void _t2(fwd_xform, int64, 1)(int64* p)
      ^
/gpfs/alpine/proj-shared/csc143/jwang/local-build/zfp/src/template/compress.c:509:11: note: previous implicit declaration of 'fwd_xform_int64_1' was here
       _t2(fwd_xform, Int, 1)(iblock);
           ^
/gpfs/alpine/proj-shared/csc143/jwang/local-build/zfp/src/template/template.h:9:24: note: in definition of macro '_cat3'
 #define _cat3(x, y, z) x ## _ ## y ## _ ## z
                        ^
/gpfs/alpine/proj-shared/csc143/jwang/local-build/zfp/src/template/compress.c:509:7: note: in expansion of macro '_t2'
       _t2(fwd_xform, Int, 1)(iblock);
       ^
[  7%] Building C object src/CMakeFiles/zfp.dir/bitstream.c.o
cd /gpfs/alpine/proj-shared/csc143/jwang/local-build/zfp/build_debug/src && /usr/bin/cc -DZFP_WITH_CUDA -I/gpfs/alpine/proj-shared/csc143/jwang/local-build/zfp/include  -O3 -DNDEBUG -fPIC   -fopenmp -std=gnu99 -o CMakeFiles/zfp.dir/bitstream.c.o   -c /gpfs/alpine/proj-shared/csc143/jwang/local-build/zfp/src/bitstream.c
In file included from /gpfs/alpine/proj-shared/csc143/jwang/local-build/zfp/src/inline/bitstream.c:106:0,
                 from /gpfs/alpine/proj-shared/csc143/jwang/local-build/zfp/src/bitstream.c:2:
/gpfs/alpine/proj-shared/csc143/jwang/local-build/zfp/include/zfp.h:771:12: warning: 'sysEndianType' initialized and declared 'extern' [enabled by default]
 extern int sysEndianType = 1;
            ^
[ 10%] Building C object src/CMakeFiles/zfp.dir/encode1f.c.o
cd /gpfs/alpine/proj-shared/csc143/jwang/local-build/zfp/build_debug/src && /usr/bin/cc -DZFP_WITH_CUDA -I/gpfs/alpine/proj-shared/csc143/jwang/local-build/zfp/include  -O3 -DNDEBUG -fPIC   -fopenmp -std=gnu99 -o CMakeFiles/zfp.dir/encode1f.c.o   -c /gpfs/alpine/proj-shared/csc143/jwang/local-build/zfp/src/encode1f.c
In file included from /gpfs/alpine/proj-shared/csc143/jwang/local-build/zfp/src/encode1f.c:2:0:
/gpfs/alpine/proj-shared/csc143/jwang/local-build/zfp/include/zfp.h:771:12: warning: 'sysEndianType' initialized and declared 'extern' [enabled by default]
 extern int sysEndianType = 1;
            ^
[ 13%] Building C object src/CMakeFiles/zfp.dir/encode1d.c.o
cd /gpfs/alpine/proj-shared/csc143/jwang/local-build/zfp/build_debug/src && /usr/bin/cc -DZFP_WITH_CUDA -I/gpfs/alpine/proj-shared/csc143/jwang/local-build/zfp/include  -O3 -DNDEBUG -fPIC   -fopenmp -std=gnu99 -o CMakeFiles/zfp.dir/encode1d.c.o   -c /gpfs/alpine/proj-shared/csc143/jwang/local-build/zfp/src/encode1d.c
In file included from /gpfs/alpine/proj-shared/csc143/jwang/local-build/zfp/src/encode1d.c:2:0:
/gpfs/alpine/proj-shared/csc143/jwang/local-build/zfp/include/zfp.h:771:12: warning: 'sysEndianType' initialized and declared 'extern' [enabled by default]
 extern int sysEndianType = 1;
            ^
[ 15%] Building C object src/CMakeFiles/zfp.dir/encode1i.c.o
cd /gpfs/alpine/proj-shared/csc143/jwang/local-build/zfp/build_debug/src && /usr/bin/cc -DZFP_WITH_CUDA -I/gpfs/alpine/proj-shared/csc143/jwang/local-build/zfp/include  -O3 -DNDEBUG -fPIC   -fopenmp -std=gnu99 -o CMakeFiles/zfp.dir/encode1i.c.o   -c /gpfs/alpine/proj-shared/csc143/jwang/local-build/zfp/src/encode1i.c
In file included from /gpfs/alpine/proj-shared/csc143/jwang/local-build/zfp/src/encode1i.c:2:0:
/gpfs/alpine/proj-shared/csc143/jwang/local-build/zfp/include/zfp.h:771:12: warning: 'sysEndianType' initialized and declared 'extern' [enabled by default]
 extern int sysEndianType = 1;
            ^
[ 18%] Building C object src/CMakeFiles/zfp.dir/encode1l.c.o
cd /gpfs/alpine/proj-shared/csc143/jwang/local-build/zfp/build_debug/src && /usr/bin/cc -DZFP_WITH_CUDA -I/gpfs/alpine/proj-shared/csc143/jwang/local-build/zfp/include  -O3 -DNDEBUG -fPIC   -fopenmp -std=gnu99 -o CMakeFiles/zfp.dir/encode1l.c.o   -c /gpfs/alpine/proj-shared/csc143/jwang/local-build/zfp/src/encode1l.c
In file included from /gpfs/alpine/proj-shared/csc143/jwang/local-build/zfp/src/encode1l.c:2:0:
/gpfs/alpine/proj-shared/csc143/jwang/local-build/zfp/include/zfp.h:771:12: warning: 'sysEndianType' initialized and declared 'extern' [enabled by default]
 extern int sysEndianType = 1;
            ^
[ 21%] Building C object src/CMakeFiles/zfp.dir/decode1f.c.o
cd /gpfs/alpine/proj-shared/csc143/jwang/local-build/zfp/build_debug/src && /usr/bin/cc -DZFP_WITH_CUDA -I/gpfs/alpine/proj-shared/csc143/jwang/local-build/zfp/include  -O3 -DNDEBUG -fPIC   -fopenmp -std=gnu99 -o CMakeFiles/zfp.dir/decode1f.c.o   -c /gpfs/alpine/proj-shared/csc143/jwang/local-build/zfp/src/decode1f.c
In file included from /gpfs/alpine/proj-shared/csc143/jwang/local-build/zfp/src/decode1f.c:2:0:
/gpfs/alpine/proj-shared/csc143/jwang/local-build/zfp/include/zfp.h:771:12: warning: 'sysEndianType' initialized and declared 'extern' [enabled by default]
 extern int sysEndianType = 1;
            ^
[ 23%] Building C object src/CMakeFiles/zfp.dir/decode1d.c.o
cd /gpfs/alpine/proj-shared/csc143/jwang/local-build/zfp/build_debug/src && /usr/bin/cc -DZFP_WITH_CUDA -I/gpfs/alpine/proj-shared/csc143/jwang/local-build/zfp/include  -O3 -DNDEBUG -fPIC   -fopenmp -std=gnu99 -o CMakeFiles/zfp.dir/decode1d.c.o   -c /gpfs/alpine/proj-shared/csc143/jwang/local-build/zfp/src/decode1d.c
In file included from /gpfs/alpine/proj-shared/csc143/jwang/local-build/zfp/src/decode1d.c:2:0:
/gpfs/alpine/proj-shared/csc143/jwang/local-build/zfp/include/zfp.h:771:12: warning: 'sysEndianType' initialized and declared 'extern' [enabled by default]
 extern int sysEndianType = 1;
            ^
[ 26%] Building C object src/CMakeFiles/zfp.dir/decode1i.c.o
cd /gpfs/alpine/proj-shared/csc143/jwang/local-build/zfp/build_debug/src && /usr/bin/cc -DZFP_WITH_CUDA -I/gpfs/alpine/proj-shared/csc143/jwang/local-build/zfp/include  -O3 -DNDEBUG -fPIC   -fopenmp -std=gnu99 -o CMakeFiles/zfp.dir/decode1i.c.o   -c /gpfs/alpine/proj-shared/csc143/jwang/local-build/zfp/src/decode1i.c
In file included from /gpfs/alpine/proj-shared/csc143/jwang/local-build/zfp/src/decode1i.c:2:0:
/gpfs/alpine/proj-shared/csc143/jwang/local-build/zfp/include/zfp.h:771:12: warning: 'sysEndianType' initialized and declared 'extern' [enabled by default]
 extern int sysEndianType = 1;
            ^
[ 28%] Building C object src/CMakeFiles/zfp.dir/decode1l.c.o
cd /gpfs/alpine/proj-shared/csc143/jwang/local-build/zfp/build_debug/src && /usr/bin/cc -DZFP_WITH_CUDA -I/gpfs/alpine/proj-shared/csc143/jwang/local-build/zfp/include  -O3 -DNDEBUG -fPIC   -fopenmp -std=gnu99 -o CMakeFiles/zfp.dir/decode1l.c.o   -c /gpfs/alpine/proj-shared/csc143/jwang/local-build/zfp/src/decode1l.c
In file included from /gpfs/alpine/proj-shared/csc143/jwang/local-build/zfp/src/decode1l.c:2:0:
/gpfs/alpine/proj-shared/csc143/jwang/local-build/zfp/include/zfp.h:771:12: warning: 'sysEndianType' initialized and declared 'extern' [enabled by default]
 extern int sysEndianType = 1;
            ^
[ 31%] Building C object src/CMakeFiles/zfp.dir/encode2f.c.o
cd /gpfs/alpine/proj-shared/csc143/jwang/local-build/zfp/build_debug/src && /usr/bin/cc -DZFP_WITH_CUDA -I/gpfs/alpine/proj-shared/csc143/jwang/local-build/zfp/include  -O3 -DNDEBUG -fPIC   -fopenmp -std=gnu99 -o CMakeFiles/zfp.dir/encode2f.c.o   -c /gpfs/alpine/proj-shared/csc143/jwang/local-build/zfp/src/encode2f.c
In file included from /gpfs/alpine/proj-shared/csc143/jwang/local-build/zfp/src/encode2f.c:2:0:
/gpfs/alpine/proj-shared/csc143/jwang/local-build/zfp/include/zfp.h:771:12: warning: 'sysEndianType' initialized and declared 'extern' [enabled by default]
 extern int sysEndianType = 1;
            ^
[ 34%] Building C object src/CMakeFiles/zfp.dir/encode2d.c.o
cd /gpfs/alpine/proj-shared/csc143/jwang/local-build/zfp/build_debug/src && /usr/bin/cc -DZFP_WITH_CUDA -I/gpfs/alpine/proj-shared/csc143/jwang/local-build/zfp/include  -O3 -DNDEBUG -fPIC   -fopenmp -std=gnu99 -o CMakeFiles/zfp.dir/encode2d.c.o   -c /gpfs/alpine/proj-shared/csc143/jwang/local-build/zfp/src/encode2d.c
In file included from /gpfs/alpine/proj-shared/csc143/jwang/local-build/zfp/src/encode2d.c:2:0:
/gpfs/alpine/proj-shared/csc143/jwang/local-build/zfp/include/zfp.h:771:12: warning: 'sysEndianType' initialized and declared 'extern' [enabled by default]
 extern int sysEndianType = 1;
            ^
[ 36%] Building C object src/CMakeFiles/zfp.dir/encode2i.c.o
cd /gpfs/alpine/proj-shared/csc143/jwang/local-build/zfp/build_debug/src && /usr/bin/cc -DZFP_WITH_CUDA -I/gpfs/alpine/proj-shared/csc143/jwang/local-build/zfp/include  -O3 -DNDEBUG -fPIC   -fopenmp -std=gnu99 -o CMakeFiles/zfp.dir/encode2i.c.o   -c /gpfs/alpine/proj-shared/csc143/jwang/local-build/zfp/src/encode2i.c
In file included from /gpfs/alpine/proj-shared/csc143/jwang/local-build/zfp/src/encode2i.c:2:0:
/gpfs/alpine/proj-shared/csc143/jwang/local-build/zfp/include/zfp.h:771:12: warning: 'sysEndianType' initialized and declared 'extern' [enabled by default]
 extern int sysEndianType = 1;
            ^
[ 39%] Building C object src/CMakeFiles/zfp.dir/encode2l.c.o
cd /gpfs/alpine/proj-shared/csc143/jwang/local-build/zfp/build_debug/src && /usr/bin/cc -DZFP_WITH_CUDA -I/gpfs/alpine/proj-shared/csc143/jwang/local-build/zfp/include  -O3 -DNDEBUG -fPIC   -fopenmp -std=gnu99 -o CMakeFiles/zfp.dir/encode2l.c.o   -c /gpfs/alpine/proj-shared/csc143/jwang/local-build/zfp/src/encode2l.c
In file included from /gpfs/alpine/proj-shared/csc143/jwang/local-build/zfp/src/encode2l.c:2:0:
/gpfs/alpine/proj-shared/csc143/jwang/local-build/zfp/include/zfp.h:771:12: warning: 'sysEndianType' initialized and declared 'extern' [enabled by default]
 extern int sysEndianType = 1;
            ^
[ 42%] Building C object src/CMakeFiles/zfp.dir/decode2f.c.o
cd /gpfs/alpine/proj-shared/csc143/jwang/local-build/zfp/build_debug/src && /usr/bin/cc -DZFP_WITH_CUDA -I/gpfs/alpine/proj-shared/csc143/jwang/local-build/zfp/include  -O3 -DNDEBUG -fPIC   -fopenmp -std=gnu99 -o CMakeFiles/zfp.dir/decode2f.c.o   -c /gpfs/alpine/proj-shared/csc143/jwang/local-build/zfp/src/decode2f.c
In file included from /gpfs/alpine/proj-shared/csc143/jwang/local-build/zfp/src/decode2f.c:2:0:
/gpfs/alpine/proj-shared/csc143/jwang/local-build/zfp/include/zfp.h:771:12: warning: 'sysEndianType' initialized and declared 'extern' [enabled by default]
 extern int sysEndianType = 1;
            ^
[ 44%] Building C object src/CMakeFiles/zfp.dir/decode2d.c.o
cd /gpfs/alpine/proj-shared/csc143/jwang/local-build/zfp/build_debug/src && /usr/bin/cc -DZFP_WITH_CUDA -I/gpfs/alpine/proj-shared/csc143/jwang/local-build/zfp/include  -O3 -DNDEBUG -fPIC   -fopenmp -std=gnu99 -o CMakeFiles/zfp.dir/decode2d.c.o   -c /gpfs/alpine/proj-shared/csc143/jwang/local-build/zfp/src/decode2d.c
In file included from /gpfs/alpine/proj-shared/csc143/jwang/local-build/zfp/src/decode2d.c:2:0:
/gpfs/alpine/proj-shared/csc143/jwang/local-build/zfp/include/zfp.h:771:12: warning: 'sysEndianType' initialized and declared 'extern' [enabled by default]
 extern int sysEndianType = 1;
            ^
[ 47%] Building C object src/CMakeFiles/zfp.dir/decode2i.c.o
cd /gpfs/alpine/proj-shared/csc143/jwang/local-build/zfp/build_debug/src && /usr/bin/cc -DZFP_WITH_CUDA -I/gpfs/alpine/proj-shared/csc143/jwang/local-build/zfp/include  -O3 -DNDEBUG -fPIC   -fopenmp -std=gnu99 -o CMakeFiles/zfp.dir/decode2i.c.o   -c /gpfs/alpine/proj-shared/csc143/jwang/local-build/zfp/src/decode2i.c
In file included from /gpfs/alpine/proj-shared/csc143/jwang/local-build/zfp/src/decode2i.c:2:0:
/gpfs/alpine/proj-shared/csc143/jwang/local-build/zfp/include/zfp.h:771:12: warning: 'sysEndianType' initialized and declared 'extern' [enabled by default]
 extern int sysEndianType = 1;
            ^
[ 50%] Building C object src/CMakeFiles/zfp.dir/decode2l.c.o
cd /gpfs/alpine/proj-shared/csc143/jwang/local-build/zfp/build_debug/src && /usr/bin/cc -DZFP_WITH_CUDA -I/gpfs/alpine/proj-shared/csc143/jwang/local-build/zfp/include  -O3 -DNDEBUG -fPIC   -fopenmp -std=gnu99 -o CMakeFiles/zfp.dir/decode2l.c.o   -c /gpfs/alpine/proj-shared/csc143/jwang/local-build/zfp/src/decode2l.c
In file included from /gpfs/alpine/proj-shared/csc143/jwang/local-build/zfp/src/decode2l.c:2:0:
/gpfs/alpine/proj-shared/csc143/jwang/local-build/zfp/include/zfp.h:771:12: warning: 'sysEndianType' initialized and declared 'extern' [enabled by default]
 extern int sysEndianType = 1;
            ^
[ 52%] Building C object src/CMakeFiles/zfp.dir/encode3f.c.o
cd /gpfs/alpine/proj-shared/csc143/jwang/local-build/zfp/build_debug/src && /usr/bin/cc -DZFP_WITH_CUDA -I/gpfs/alpine/proj-shared/csc143/jwang/local-build/zfp/include  -O3 -DNDEBUG -fPIC   -fopenmp -std=gnu99 -o CMakeFiles/zfp.dir/encode3f.c.o   -c /gpfs/alpine/proj-shared/csc143/jwang/local-build/zfp/src/encode3f.c
In file included from /gpfs/alpine/proj-shared/csc143/jwang/local-build/zfp/src/encode3f.c:2:0:
/gpfs/alpine/proj-shared/csc143/jwang/local-build/zfp/include/zfp.h:771:12: warning: 'sysEndianType' initialized and declared 'extern' [enabled by default]
 extern int sysEndianType = 1;
            ^
[ 55%] Building C object src/CMakeFiles/zfp.dir/encode3d.c.o
cd /gpfs/alpine/proj-shared/csc143/jwang/local-build/zfp/build_debug/src && /usr/bin/cc -DZFP_WITH_CUDA -I/gpfs/alpine/proj-shared/csc143/jwang/local-build/zfp/include  -O3 -DNDEBUG -fPIC   -fopenmp -std=gnu99 -o CMakeFiles/zfp.dir/encode3d.c.o   -c /gpfs/alpine/proj-shared/csc143/jwang/local-build/zfp/src/encode3d.c
In file included from /gpfs/alpine/proj-shared/csc143/jwang/local-build/zfp/src/encode3d.c:2:0:
/gpfs/alpine/proj-shared/csc143/jwang/local-build/zfp/include/zfp.h:771:12: warning: 'sysEndianType' initialized and declared 'extern' [enabled by default]
 extern int sysEndianType = 1;
            ^
[ 57%] Building C object src/CMakeFiles/zfp.dir/encode3i.c.o
cd /gpfs/alpine/proj-shared/csc143/jwang/local-build/zfp/build_debug/src && /usr/bin/cc -DZFP_WITH_CUDA -I/gpfs/alpine/proj-shared/csc143/jwang/local-build/zfp/include  -O3 -DNDEBUG -fPIC   -fopenmp -std=gnu99 -o CMakeFiles/zfp.dir/encode3i.c.o   -c /gpfs/alpine/proj-shared/csc143/jwang/local-build/zfp/src/encode3i.c
In file included from /gpfs/alpine/proj-shared/csc143/jwang/local-build/zfp/src/encode3i.c:2:0:
/gpfs/alpine/proj-shared/csc143/jwang/local-build/zfp/include/zfp.h:771:12: warning: 'sysEndianType' initialized and declared 'extern' [enabled by default]
 extern int sysEndianType = 1;
            ^
[ 60%] Building C object src/CMakeFiles/zfp.dir/encode3l.c.o
cd /gpfs/alpine/proj-shared/csc143/jwang/local-build/zfp/build_debug/src && /usr/bin/cc -DZFP_WITH_CUDA -I/gpfs/alpine/proj-shared/csc143/jwang/local-build/zfp/include  -O3 -DNDEBUG -fPIC   -fopenmp -std=gnu99 -o CMakeFiles/zfp.dir/encode3l.c.o   -c /gpfs/alpine/proj-shared/csc143/jwang/local-build/zfp/src/encode3l.c
In file included from /gpfs/alpine/proj-shared/csc143/jwang/local-build/zfp/src/encode3l.c:2:0:
/gpfs/alpine/proj-shared/csc143/jwang/local-build/zfp/include/zfp.h:771:12: warning: 'sysEndianType' initialized and declared 'extern' [enabled by default]
 extern int sysEndianType = 1;
            ^
[ 63%] Building C object src/CMakeFiles/zfp.dir/decode3f.c.o
cd /gpfs/alpine/proj-shared/csc143/jwang/local-build/zfp/build_debug/src && /usr/bin/cc -DZFP_WITH_CUDA -I/gpfs/alpine/proj-shared/csc143/jwang/local-build/zfp/include  -O3 -DNDEBUG -fPIC   -fopenmp -std=gnu99 -o CMakeFiles/zfp.dir/decode3f.c.o   -c /gpfs/alpine/proj-shared/csc143/jwang/local-build/zfp/src/decode3f.c
In file included from /gpfs/alpine/proj-shared/csc143/jwang/local-build/zfp/src/decode3f.c:2:0:
/gpfs/alpine/proj-shared/csc143/jwang/local-build/zfp/include/zfp.h:771:12: warning: 'sysEndianType' initialized and declared 'extern' [enabled by default]
 extern int sysEndianType = 1;
            ^
[ 65%] Building C object src/CMakeFiles/zfp.dir/decode3d.c.o
cd /gpfs/alpine/proj-shared/csc143/jwang/local-build/zfp/build_debug/src && /usr/bin/cc -DZFP_WITH_CUDA -I/gpfs/alpine/proj-shared/csc143/jwang/local-build/zfp/include  -O3 -DNDEBUG -fPIC   -fopenmp -std=gnu99 -o CMakeFiles/zfp.dir/decode3d.c.o   -c /gpfs/alpine/proj-shared/csc143/jwang/local-build/zfp/src/decode3d.c
In file included from /gpfs/alpine/proj-shared/csc143/jwang/local-build/zfp/src/decode3d.c:2:0:
/gpfs/alpine/proj-shared/csc143/jwang/local-build/zfp/include/zfp.h:771:12: warning: 'sysEndianType' initialized and declared 'extern' [enabled by default]
 extern int sysEndianType = 1;
            ^
[ 68%] Building C object src/CMakeFiles/zfp.dir/decode3i.c.o
cd /gpfs/alpine/proj-shared/csc143/jwang/local-build/zfp/build_debug/src && /usr/bin/cc -DZFP_WITH_CUDA -I/gpfs/alpine/proj-shared/csc143/jwang/local-build/zfp/include  -O3 -DNDEBUG -fPIC   -fopenmp -std=gnu99 -o CMakeFiles/zfp.dir/decode3i.c.o   -c /gpfs/alpine/proj-shared/csc143/jwang/local-build/zfp/src/decode3i.c
In file included from /gpfs/alpine/proj-shared/csc143/jwang/local-build/zfp/src/decode3i.c:2:0:
/gpfs/alpine/proj-shared/csc143/jwang/local-build/zfp/include/zfp.h:771:12: warning: 'sysEndianType' initialized and declared 'extern' [enabled by default]
 extern int sysEndianType = 1;
            ^
[ 71%] Building C object src/CMakeFiles/zfp.dir/decode3l.c.o
cd /gpfs/alpine/proj-shared/csc143/jwang/local-build/zfp/build_debug/src && /usr/bin/cc -DZFP_WITH_CUDA -I/gpfs/alpine/proj-shared/csc143/jwang/local-build/zfp/include  -O3 -DNDEBUG -fPIC   -fopenmp -std=gnu99 -o CMakeFiles/zfp.dir/decode3l.c.o   -c /gpfs/alpine/proj-shared/csc143/jwang/local-build/zfp/src/decode3l.c
In file included from /gpfs/alpine/proj-shared/csc143/jwang/local-build/zfp/src/decode3l.c:2:0:
/gpfs/alpine/proj-shared/csc143/jwang/local-build/zfp/include/zfp.h:771:12: warning: 'sysEndianType' initialized and declared 'extern' [enabled by default]
 extern int sysEndianType = 1;
            ^
[ 73%] Building C object src/CMakeFiles/zfp.dir/encode4f.c.o
cd /gpfs/alpine/proj-shared/csc143/jwang/local-build/zfp/build_debug/src && /usr/bin/cc -DZFP_WITH_CUDA -I/gpfs/alpine/proj-shared/csc143/jwang/local-build/zfp/include  -O3 -DNDEBUG -fPIC   -fopenmp -std=gnu99 -o CMakeFiles/zfp.dir/encode4f.c.o   -c /gpfs/alpine/proj-shared/csc143/jwang/local-build/zfp/src/encode4f.c
In file included from /gpfs/alpine/proj-shared/csc143/jwang/local-build/zfp/src/encode4f.c:2:0:
/gpfs/alpine/proj-shared/csc143/jwang/local-build/zfp/include/zfp.h:771:12: warning: 'sysEndianType' initialized and declared 'extern' [enabled by default]
 extern int sysEndianType = 1;
            ^
[ 76%] Building C object src/CMakeFiles/zfp.dir/encode4d.c.o
cd /gpfs/alpine/proj-shared/csc143/jwang/local-build/zfp/build_debug/src && /usr/bin/cc -DZFP_WITH_CUDA -I/gpfs/alpine/proj-shared/csc143/jwang/local-build/zfp/include  -O3 -DNDEBUG -fPIC   -fopenmp -std=gnu99 -o CMakeFiles/zfp.dir/encode4d.c.o   -c /gpfs/alpine/proj-shared/csc143/jwang/local-build/zfp/src/encode4d.c
In file included from /gpfs/alpine/proj-shared/csc143/jwang/local-build/zfp/src/encode4d.c:2:0:
/gpfs/alpine/proj-shared/csc143/jwang/local-build/zfp/include/zfp.h:771:12: warning: 'sysEndianType' initialized and declared 'extern' [enabled by default]
 extern int sysEndianType = 1;
            ^
[ 78%] Building C object src/CMakeFiles/zfp.dir/encode4i.c.o
cd /gpfs/alpine/proj-shared/csc143/jwang/local-build/zfp/build_debug/src && /usr/bin/cc -DZFP_WITH_CUDA -I/gpfs/alpine/proj-shared/csc143/jwang/local-build/zfp/include  -O3 -DNDEBUG -fPIC   -fopenmp -std=gnu99 -o CMakeFiles/zfp.dir/encode4i.c.o   -c /gpfs/alpine/proj-shared/csc143/jwang/local-build/zfp/src/encode4i.c
In file included from /gpfs/alpine/proj-shared/csc143/jwang/local-build/zfp/src/encode4i.c:2:0:
/gpfs/alpine/proj-shared/csc143/jwang/local-build/zfp/include/zfp.h:771:12: warning: 'sysEndianType' initialized and declared 'extern' [enabled by default]
 extern int sysEndianType = 1;
            ^
[ 81%] Building C object src/CMakeFiles/zfp.dir/encode4l.c.o
cd /gpfs/alpine/proj-shared/csc143/jwang/local-build/zfp/build_debug/src && /usr/bin/cc -DZFP_WITH_CUDA -I/gpfs/alpine/proj-shared/csc143/jwang/local-build/zfp/include  -O3 -DNDEBUG -fPIC   -fopenmp -std=gnu99 -o CMakeFiles/zfp.dir/encode4l.c.o   -c /gpfs/alpine/proj-shared/csc143/jwang/local-build/zfp/src/encode4l.c
In file included from /gpfs/alpine/proj-shared/csc143/jwang/local-build/zfp/src/encode4l.c:2:0:
/gpfs/alpine/proj-shared/csc143/jwang/local-build/zfp/include/zfp.h:771:12: warning: 'sysEndianType' initialized and declared 'extern' [enabled by default]
 extern int sysEndianType = 1;
            ^
[ 84%] Building C object src/CMakeFiles/zfp.dir/decode4f.c.o
cd /gpfs/alpine/proj-shared/csc143/jwang/local-build/zfp/build_debug/src && /usr/bin/cc -DZFP_WITH_CUDA -I/gpfs/alpine/proj-shared/csc143/jwang/local-build/zfp/include  -O3 -DNDEBUG -fPIC   -fopenmp -std=gnu99 -o CMakeFiles/zfp.dir/decode4f.c.o   -c /gpfs/alpine/proj-shared/csc143/jwang/local-build/zfp/src/decode4f.c
In file included from /gpfs/alpine/proj-shared/csc143/jwang/local-build/zfp/src/decode4f.c:2:0:
/gpfs/alpine/proj-shared/csc143/jwang/local-build/zfp/include/zfp.h:771:12: warning: 'sysEndianType' initialized and declared 'extern' [enabled by default]
 extern int sysEndianType = 1;
            ^
[ 86%] Building C object src/CMakeFiles/zfp.dir/decode4d.c.o
cd /gpfs/alpine/proj-shared/csc143/jwang/local-build/zfp/build_debug/src && /usr/bin/cc -DZFP_WITH_CUDA -I/gpfs/alpine/proj-shared/csc143/jwang/local-build/zfp/include  -O3 -DNDEBUG -fPIC   -fopenmp -std=gnu99 -o CMakeFiles/zfp.dir/decode4d.c.o   -c /gpfs/alpine/proj-shared/csc143/jwang/local-build/zfp/src/decode4d.c
In file included from /gpfs/alpine/proj-shared/csc143/jwang/local-build/zfp/src/decode4d.c:2:0:
/gpfs/alpine/proj-shared/csc143/jwang/local-build/zfp/include/zfp.h:771:12: warning: 'sysEndianType' initialized and declared 'extern' [enabled by default]
 extern int sysEndianType = 1;
            ^
[ 89%] Building C object src/CMakeFiles/zfp.dir/decode4i.c.o
cd /gpfs/alpine/proj-shared/csc143/jwang/local-build/zfp/build_debug/src && /usr/bin/cc -DZFP_WITH_CUDA -I/gpfs/alpine/proj-shared/csc143/jwang/local-build/zfp/include  -O3 -DNDEBUG -fPIC   -fopenmp -std=gnu99 -o CMakeFiles/zfp.dir/decode4i.c.o   -c /gpfs/alpine/proj-shared/csc143/jwang/local-build/zfp/src/decode4i.c
In file included from /gpfs/alpine/proj-shared/csc143/jwang/local-build/zfp/src/decode4i.c:2:0:
/gpfs/alpine/proj-shared/csc143/jwang/local-build/zfp/include/zfp.h:771:12: warning: 'sysEndianType' initialized and declared 'extern' [enabled by default]
 extern int sysEndianType = 1;
            ^
[ 92%] Building C object src/CMakeFiles/zfp.dir/decode4l.c.o
cd /gpfs/alpine/proj-shared/csc143/jwang/local-build/zfp/build_debug/src && /usr/bin/cc -DZFP_WITH_CUDA -I/gpfs/alpine/proj-shared/csc143/jwang/local-build/zfp/include  -O3 -DNDEBUG -fPIC   -fopenmp -std=gnu99 -o CMakeFiles/zfp.dir/decode4l.c.o   -c /gpfs/alpine/proj-shared/csc143/jwang/local-build/zfp/src/decode4l.c
In file included from /gpfs/alpine/proj-shared/csc143/jwang/local-build/zfp/src/decode4l.c:2:0:
/gpfs/alpine/proj-shared/csc143/jwang/local-build/zfp/include/zfp.h:771:12: warning: 'sysEndianType' initialized and declared 'extern' [enabled by default]
 extern int sysEndianType = 1;
            ^
[ 94%] Linking C static library ../lib64/libzfp.a
cd /gpfs/alpine/proj-shared/csc143/jwang/local-build/zfp/build_debug/src && /autofs/nccs-svm1_sw/summit/.swci/0-core/opt/spack/20180914/linux-rhel7-ppc64le/gcc-4.8.5/cmake-3.15.2-xit2o3iepxvqbyku77lwcugufilztu7t/bin/cmake -P CMakeFiles/zfp.dir/cmake_clean_target.cmake
cd /gpfs/alpine/proj-shared/csc143/jwang/local-build/zfp/build_debug/src && /autofs/nccs-svm1_sw/summit/.swci/0-core/opt/spack/20180914/linux-rhel7-ppc64le/gcc-4.8.5/cmake-3.15.2-xit2o3iepxvqbyku77lwcugufilztu7t/bin/cmake -E cmake_link_script CMakeFiles/zfp.dir/link.txt --verbose=1
/usr/bin/ar qc ../lib64/libzfp.a  CMakeFiles/zfp.dir/zfp.c.o CMakeFiles/zfp.dir/bitstream.c.o CMakeFiles/zfp.dir/encode1f.c.o CMakeFiles/zfp.dir/encode1d.c.o CMakeFiles/zfp.dir/encode1i.c.o CMakeFiles/zfp.dir/encode1l.c.o CMakeFiles/zfp.dir/decode1f.c.o CMakeFiles/zfp.dir/decode1d.c.o CMakeFiles/zfp.dir/decode1i.c.o CMakeFiles/zfp.dir/decode1l.c.o CMakeFiles/zfp.dir/encode2f.c.o CMakeFiles/zfp.dir/encode2d.c.o CMakeFiles/zfp.dir/encode2i.c.o CMakeFiles/zfp.dir/encode2l.c.o CMakeFiles/zfp.dir/decode2f.c.o CMakeFiles/zfp.dir/decode2d.c.o CMakeFiles/zfp.dir/decode2i.c.o CMakeFiles/zfp.dir/decode2l.c.o CMakeFiles/zfp.dir/encode3f.c.o CMakeFiles/zfp.dir/encode3d.c.o CMakeFiles/zfp.dir/encode3i.c.o CMakeFiles/zfp.dir/encode3l.c.o CMakeFiles/zfp.dir/decode3f.c.o CMakeFiles/zfp.dir/decode3d.c.o CMakeFiles/zfp.dir/decode3i.c.o CMakeFiles/zfp.dir/decode3l.c.o CMakeFiles/zfp.dir/encode4f.c.o CMakeFiles/zfp.dir/encode4d.c.o CMakeFiles/zfp.dir/encode4i.c.o CMakeFiles/zfp.dir/encode4l.c.o CMakeFiles/zfp.dir/decode4f.c.o CMakeFiles/zfp.dir/decode4d.c.o CMakeFiles/zfp.dir/decode4i.c.o CMakeFiles/zfp.dir/decode4l.c.o CMakeFiles/zfp.dir/cuda_zfp/zfp_generated_cuZFP.cu.o
/usr/bin/ranlib ../lib64/libzfp.a
make[2]: Leaving directory `/gpfs/alpine/csc143/proj-shared/jwang/local-build/zfp/build_debug'
[ 94%] Built target zfp
make -f utils/CMakeFiles/zfpcmd.dir/build.make utils/CMakeFiles/zfpcmd.dir/depend
make[2]: Entering directory `/gpfs/alpine/csc143/proj-shared/jwang/local-build/zfp/build_debug'
cd /gpfs/alpine/proj-shared/csc143/jwang/local-build/zfp/build_debug && /autofs/nccs-svm1_sw/summit/.swci/0-core/opt/spack/20180914/linux-rhel7-ppc64le/gcc-4.8.5/cmake-3.15.2-xit2o3iepxvqbyku77lwcugufilztu7t/bin/cmake -E cmake_depends "Unix Makefiles" /gpfs/alpine/proj-shared/csc143/jwang/local-build/zfp /gpfs/alpine/proj-shared/csc143/jwang/local-build/zfp/utils /gpfs/alpine/proj-shared/csc143/jwang/local-build/zfp/build_debug /gpfs/alpine/proj-shared/csc143/jwang/local-build/zfp/build_debug/utils /gpfs/alpine/proj-shared/csc143/jwang/local-build/zfp/build_debug/utils/CMakeFiles/zfpcmd.dir/DependInfo.cmake --color=
make[2]: Leaving directory `/gpfs/alpine/csc143/proj-shared/jwang/local-build/zfp/build_debug'
make -f utils/CMakeFiles/zfpcmd.dir/build.make utils/CMakeFiles/zfpcmd.dir/build
make[2]: Entering directory `/gpfs/alpine/csc143/proj-shared/jwang/local-build/zfp/build_debug'
[ 97%] Building C object utils/CMakeFiles/zfpcmd.dir/zfp.c.o
cd /gpfs/alpine/proj-shared/csc143/jwang/local-build/zfp/build_debug/utils && /usr/bin/cc  -I/gpfs/alpine/proj-shared/csc143/jwang/local-build/zfp/include -I/gpfs/alpine/proj-shared/csc143/jwang/local-build/zfp/array  -O3 -DNDEBUG -fPIE   -std=gnu99 -o CMakeFiles/zfpcmd.dir/zfp.c.o   -c /gpfs/alpine/proj-shared/csc143/jwang/local-build/zfp/utils/zfp.c
In file included from /gpfs/alpine/proj-shared/csc143/jwang/local-build/zfp/utils/zfp.c:7:0:
/gpfs/alpine/proj-shared/csc143/jwang/local-build/zfp/include/zfp.h:771:12: warning: 'sysEndianType' initialized and declared 'extern' [enabled by default]
 extern int sysEndianType = 1;
            ^
[100%] Linking C executable ../bin/zfp
cd /gpfs/alpine/proj-shared/csc143/jwang/local-build/zfp/build_debug/utils && /autofs/nccs-svm1_sw/summit/.swci/0-core/opt/spack/20180914/linux-rhel7-ppc64le/gcc-4.8.5/cmake-3.15.2-xit2o3iepxvqbyku77lwcugufilztu7t/bin/cmake -E cmake_link_script CMakeFiles/zfpcmd.dir/link.txt --verbose=1
/usr/bin/cc -O3 -DNDEBUG  -rdynamic CMakeFiles/zfpcmd.dir/zfp.c.o  -o ../bin/zfp -Wl,-rpath,/sw/summit/cuda/10.1.168/lib64 ../lib64/libzfp.a -lm -lgomp -lpthread -lm /sw/summit/cuda/10.1.168/lib64/libcudart.so -lstdc++ 
../lib64/libzfp.a(zfp.c.o):(.data+0x300): multiple definition of `sysEndianType'
CMakeFiles/zfpcmd.dir/zfp.c.o:(.data+0x0): first defined here
../lib64/libzfp.a(bitstream.c.o):(.data+0x0): multiple definition of `sysEndianType'
CMakeFiles/zfpcmd.dir/zfp.c.o:(.data+0x0): first defined here
../lib64/libzfp.a(encode1f.c.o):(.data+0x0): multiple definition of `sysEndianType'
CMakeFiles/zfpcmd.dir/zfp.c.o:(.data+0x0): first defined here
../lib64/libzfp.a(encode1d.c.o):(.data+0x0): multiple definition of `sysEndianType'
CMakeFiles/zfpcmd.dir/zfp.c.o:(.data+0x0): first defined here
../lib64/libzfp.a(encode1i.c.o):(.data+0x0): multiple definition of `sysEndianType'
CMakeFiles/zfpcmd.dir/zfp.c.o:(.data+0x0): first defined here
../lib64/libzfp.a(encode1l.c.o):(.data+0x0): multiple definition of `sysEndianType'
CMakeFiles/zfpcmd.dir/zfp.c.o:(.data+0x0): first defined here
../lib64/libzfp.a(decode1f.c.o):(.data+0x0): multiple definition of `sysEndianType'
CMakeFiles/zfpcmd.dir/zfp.c.o:(.data+0x0): first defined here
../lib64/libzfp.a(decode1d.c.o):(.data+0x0): multiple definition of `sysEndianType'
CMakeFiles/zfpcmd.dir/zfp.c.o:(.data+0x0): first defined here
../lib64/libzfp.a(decode1i.c.o):(.data+0x0): multiple definition of `sysEndianType'
CMakeFiles/zfpcmd.dir/zfp.c.o:(.data+0x0): first defined here
../lib64/libzfp.a(decode1l.c.o):(.data+0x0): multiple definition of `sysEndianType'
CMakeFiles/zfpcmd.dir/zfp.c.o:(.data+0x0): first defined here
../lib64/libzfp.a(encode2f.c.o):(.data+0x0): multiple definition of `sysEndianType'
CMakeFiles/zfpcmd.dir/zfp.c.o:(.data+0x0): first defined here
../lib64/libzfp.a(encode2d.c.o):(.data+0x0): multiple definition of `sysEndianType'
CMakeFiles/zfpcmd.dir/zfp.c.o:(.data+0x0): first defined here
../lib64/libzfp.a(encode2i.c.o):(.data+0x0): multiple definition of `sysEndianType'
CMakeFiles/zfpcmd.dir/zfp.c.o:(.data+0x0): first defined here
../lib64/libzfp.a(encode2l.c.o):(.data+0x0): multiple definition of `sysEndianType'
CMakeFiles/zfpcmd.dir/zfp.c.o:(.data+0x0): first defined here
../lib64/libzfp.a(decode2f.c.o):(.data+0x0): multiple definition of `sysEndianType'
CMakeFiles/zfpcmd.dir/zfp.c.o:(.data+0x0): first defined here
../lib64/libzfp.a(decode2d.c.o):(.data+0x0): multiple definition of `sysEndianType'
CMakeFiles/zfpcmd.dir/zfp.c.o:(.data+0x0): first defined here
../lib64/libzfp.a(decode2i.c.o):(.data+0x0): multiple definition of `sysEndianType'
CMakeFiles/zfpcmd.dir/zfp.c.o:(.data+0x0): first defined here
../lib64/libzfp.a(decode2l.c.o):(.data+0x0): multiple definition of `sysEndianType'
CMakeFiles/zfpcmd.dir/zfp.c.o:(.data+0x0): first defined here
../lib64/libzfp.a(encode3f.c.o):(.data+0x0): multiple definition of `sysEndianType'
CMakeFiles/zfpcmd.dir/zfp.c.o:(.data+0x0): first defined here
../lib64/libzfp.a(encode3d.c.o):(.data+0x0): multiple definition of `sysEndianType'
CMakeFiles/zfpcmd.dir/zfp.c.o:(.data+0x0): first defined here
../lib64/libzfp.a(encode3i.c.o):(.data+0x0): multiple definition of `sysEndianType'
CMakeFiles/zfpcmd.dir/zfp.c.o:(.data+0x0): first defined here
../lib64/libzfp.a(encode3l.c.o):(.data+0x0): multiple definition of `sysEndianType'
CMakeFiles/zfpcmd.dir/zfp.c.o:(.data+0x0): first defined here
../lib64/libzfp.a(decode3f.c.o):(.data+0x0): multiple definition of `sysEndianType'
CMakeFiles/zfpcmd.dir/zfp.c.o:(.data+0x0): first defined here
../lib64/libzfp.a(decode3d.c.o):(.data+0x0): multiple definition of `sysEndianType'
CMakeFiles/zfpcmd.dir/zfp.c.o:(.data+0x0): first defined here
../lib64/libzfp.a(decode3i.c.o):(.data+0x0): multiple definition of `sysEndianType'
CMakeFiles/zfpcmd.dir/zfp.c.o:(.data+0x0): first defined here
../lib64/libzfp.a(decode3l.c.o):(.data+0x0): multiple definition of `sysEndianType'
CMakeFiles/zfpcmd.dir/zfp.c.o:(.data+0x0): first defined here
../lib64/libzfp.a(encode4f.c.o):(.data+0x0): multiple definition of `sysEndianType'
CMakeFiles/zfpcmd.dir/zfp.c.o:(.data+0x0): first defined here
../lib64/libzfp.a(encode4d.c.o):(.data+0x0): multiple definition of `sysEndianType'
CMakeFiles/zfpcmd.dir/zfp.c.o:(.data+0x0): first defined here
../lib64/libzfp.a(encode4i.c.o):(.data+0x0): multiple definition of `sysEndianType'
CMakeFiles/zfpcmd.dir/zfp.c.o:(.data+0x0): first defined here
../lib64/libzfp.a(encode4l.c.o):(.data+0x0): multiple definition of `sysEndianType'
CMakeFiles/zfpcmd.dir/zfp.c.o:(.data+0x0): first defined here
../lib64/libzfp.a(decode4f.c.o):(.data+0x0): multiple definition of `sysEndianType'
CMakeFiles/zfpcmd.dir/zfp.c.o:(.data+0x0): first defined here
../lib64/libzfp.a(decode4d.c.o):(.data+0x0): multiple definition of `sysEndianType'
CMakeFiles/zfpcmd.dir/zfp.c.o:(.data+0x0): first defined here
../lib64/libzfp.a(decode4i.c.o):(.data+0x0): multiple definition of `sysEndianType'
CMakeFiles/zfpcmd.dir/zfp.c.o:(.data+0x0): first defined here
../lib64/libzfp.a(decode4l.c.o):(.data+0x0): multiple definition of `sysEndianType'
CMakeFiles/zfpcmd.dir/zfp.c.o:(.data+0x0): first defined here
../lib64/libzfp.a(zfp_generated_cuZFP.cu.o):(.data+0x0): multiple definition of `sysEndianType'
CMakeFiles/zfpcmd.dir/zfp.c.o:(.data+0x0): first defined here
../lib64/libzfp.a(zfp.c.o): In function `zfp_compress':
zfp.c:(.text+0x208fc): undefined reference to `createHuffmanTree'
/usr/bin/ld: link errors found, deleting executable `../bin/zfp'
collect2: error: ld returned 1 exit status
make[2]: *** [bin/zfp] Error 1
make[2]: Leaving directory `/gpfs/alpine/csc143/proj-shared/jwang/local-build/zfp/build_debug'
make[1]: *** [utils/CMakeFiles/zfpcmd.dir/all] Error 2
make[1]: Leaving directory `/gpfs/alpine/csc143/proj-shared/jwang/local-build/zfp/build_debug'
make: *** [all] Error 2
