static
rm -f ../lib/libzfp.a ../lib/libzfp.so bitstream.o decode1i.o decode1l.o decode1f.o decode1d.o encode1i.o encode1l.o encode1f.o encode1d.o decode2i.o decode2l.o decode2f.o decode2d.o encode2i.o encode2l.o encode2f.o encode2d.o decode3i.o decode3l.o decode3f.o decode3d.o encode3i.o encode3l.o encode3f.o encode3d.o decode4i.o decode4l.o decode4f.o decode4d.o encode4i.o encode4l.o encode4f.o encode4d.o zfp.o
gcc -std=c99 -O3 -fPIC -Wall -Wextra -pedantic -I../include  -c bitstream.c
gcc -std=c99 -O3 -fPIC -Wall -Wextra -pedantic -I../include  -c decode1i.c
gcc -std=c99 -O3 -fPIC -Wall -Wextra -pedantic -I../include  -c decode1l.c
gcc -std=c99 -O3 -fPIC -Wall -Wextra -pedantic -I../include  -c decode1f.c
gcc -std=c99 -O3 -fPIC -Wall -Wextra -pedantic -I../include  -c decode1d.c
gcc -std=c99 -O3 -fPIC -Wall -Wextra -pedantic -I../include  -c encode1i.c
In file included from encode1i.c:10:0:
template/encode.c: In function 'encode_ints_uint32':
template/encode.c:82:20: warning: unused variable 'nn' [-Wunused-variable]
   uint i, k, m, n, nn;
                    ^
gcc -std=c99 -O3 -fPIC -Wall -Wextra -pedantic -I../include  -c encode1l.c
In file included from encode1l.c:10:0:
template/encode.c: In function 'encode_ints_uint64':
template/encode.c:82:20: warning: unused variable 'nn' [-Wunused-variable]
   uint i, k, m, n, nn;
                    ^
gcc -std=c99 -O3 -fPIC -Wall -Wextra -pedantic -I../include  -c encode1f.c
In file included from encode1f.c:11:0:
template/encode.c: In function 'encode_ints_uint32':
template/encode.c:82:20: warning: unused variable 'nn' [-Wunused-variable]
   uint i, k, m, n, nn;
                    ^
In file included from encode1f.c:16:0:
template/revencodef.c: In function 'rev_fwd_cast_float':
template/revencodef.c:18:54: warning: unused parameter 'fblock' [-Wunused-parameter]
 _t1(rev_fwd_cast, Scalar)(Int* iblock, const Scalar* fblock, uint n, int emax)
                                                      ^
gcc -std=c99 -O3 -fPIC -Wall -Wextra -pedantic -I../include  -c encode1d.c
In file included from encode1d.c:11:0:
template/encode.c: In function 'encode_ints_uint64':
template/encode.c:82:20: warning: unused variable 'nn' [-Wunused-variable]
   uint i, k, m, n, nn;
                    ^
In file included from encode1d.c:16:0:
template/revencodef.c: In function 'rev_fwd_cast_double':
template/revencodef.c:18:54: warning: unused parameter 'fblock' [-Wunused-parameter]
 _t1(rev_fwd_cast, Scalar)(Int* iblock, const Scalar* fblock, uint n, int emax)
                                                      ^
gcc -std=c99 -O3 -fPIC -Wall -Wextra -pedantic -I../include  -c decode2i.c
gcc -std=c99 -O3 -fPIC -Wall -Wextra -pedantic -I../include  -c decode2l.c
gcc -std=c99 -O3 -fPIC -Wall -Wextra -pedantic -I../include  -c decode2f.c
gcc -std=c99 -O3 -fPIC -Wall -Wextra -pedantic -I../include  -c decode2d.c
gcc -std=c99 -O3 -fPIC -Wall -Wextra -pedantic -I../include  -c encode2i.c
In file included from encode2i.c:10:0:
template/encode.c: In function 'encode_ints_uint32':
template/encode.c:82:20: warning: unused variable 'nn' [-Wunused-variable]
   uint i, k, m, n, nn;
                    ^
gcc -std=c99 -O3 -fPIC -Wall -Wextra -pedantic -I../include  -c encode2l.c
In file included from encode2l.c:10:0:
template/encode.c: In function 'encode_ints_uint64':
template/encode.c:82:20: warning: unused variable 'nn' [-Wunused-variable]
   uint i, k, m, n, nn;
                    ^
gcc -std=c99 -O3 -fPIC -Wall -Wextra -pedantic -I../include  -c encode2f.c
In file included from encode2f.c:11:0:
template/encode.c: In function 'encode_ints_uint32':
template/encode.c:82:20: warning: unused variable 'nn' [-Wunused-variable]
   uint i, k, m, n, nn;
                    ^
In file included from encode2f.c:16:0:
template/revencodef.c: In function 'rev_fwd_cast_float':
template/revencodef.c:18:54: warning: unused parameter 'fblock' [-Wunused-parameter]
 _t1(rev_fwd_cast, Scalar)(Int* iblock, const Scalar* fblock, uint n, int emax)
                                                      ^
gcc -std=c99 -O3 -fPIC -Wall -Wextra -pedantic -I../include  -c encode2d.c
In file included from encode2d.c:11:0:
template/encode.c: In function 'encode_ints_uint64':
template/encode.c:82:20: warning: unused variable 'nn' [-Wunused-variable]
   uint i, k, m, n, nn;
                    ^
In file included from encode2d.c:16:0:
template/revencodef.c: In function 'rev_fwd_cast_double':
template/revencodef.c:18:54: warning: unused parameter 'fblock' [-Wunused-parameter]
 _t1(rev_fwd_cast, Scalar)(Int* iblock, const Scalar* fblock, uint n, int emax)
                                                      ^
gcc -std=c99 -O3 -fPIC -Wall -Wextra -pedantic -I../include  -c decode3i.c
gcc -std=c99 -O3 -fPIC -Wall -Wextra -pedantic -I../include  -c decode3l.c
gcc -std=c99 -O3 -fPIC -Wall -Wextra -pedantic -I../include  -c decode3f.c
gcc -std=c99 -O3 -fPIC -Wall -Wextra -pedantic -I../include  -c decode3d.c
gcc -std=c99 -O3 -fPIC -Wall -Wextra -pedantic -I../include  -c encode3i.c
In file included from encode3i.c:10:0:
template/encode.c: In function 'encode_ints_uint32':
template/encode.c:82:20: warning: unused variable 'nn' [-Wunused-variable]
   uint i, k, m, n, nn;
                    ^
In file included from encode3i.c:12:0:
template/encode3.c: In function 'fwd_xform_int32_3':
template/encode3.c:35:29: warning: unused parameter 'p' [-Wunused-parameter]
 _t2(fwd_xform, Int, 3)(Int* p)
                             ^
In file included from encode3i.c:6:0:
encode3i.c: At top level:
template/encode.c:32:5: warning: 'fwd_lift_int32' defined but not used [-Wunused-function]
 _t1(fwd_lift, Int)(Int* p, uint s)
     ^
template/template.h:7:21: note: in definition of macro '_cat2'
 #define _cat2(x, y) x ## _ ## y
                     ^
template/encode.c:32:1: note: in expansion of macro '_t1'
 _t1(fwd_lift, Int)(Int* p, uint s)
 ^
gcc -std=c99 -O3 -fPIC -Wall -Wextra -pedantic -I../include  -c encode3l.c
In file included from encode3l.c:10:0:
template/encode.c: In function 'encode_ints_uint64':
template/encode.c:82:20: warning: unused variable 'nn' [-Wunused-variable]
   uint i, k, m, n, nn;
                    ^
In file included from encode3l.c:12:0:
template/encode3.c: In function 'fwd_xform_int64_3':
template/encode3.c:35:29: warning: unused parameter 'p' [-Wunused-parameter]
 _t2(fwd_xform, Int, 3)(Int* p)
                             ^
In file included from encode3l.c:6:0:
encode3l.c: At top level:
template/encode.c:32:5: warning: 'fwd_lift_int64' defined but not used [-Wunused-function]
 _t1(fwd_lift, Int)(Int* p, uint s)
     ^
template/template.h:7:21: note: in definition of macro '_cat2'
 #define _cat2(x, y) x ## _ ## y
                     ^
template/encode.c:32:1: note: in expansion of macro '_t1'
 _t1(fwd_lift, Int)(Int* p, uint s)
 ^
gcc -std=c99 -O3 -fPIC -Wall -Wextra -pedantic -I../include  -c encode3f.c
In file included from encode3f.c:11:0:
template/encode.c: In function 'encode_ints_uint32':
template/encode.c:82:20: warning: unused variable 'nn' [-Wunused-variable]
   uint i, k, m, n, nn;
                    ^
In file included from encode3f.c:13:0:
template/encode3.c: In function 'fwd_xform_int32_3':
template/encode3.c:35:29: warning: unused parameter 'p' [-Wunused-parameter]
 _t2(fwd_xform, Int, 3)(Int* p)
                             ^
In file included from encode3f.c:16:0:
template/revencodef.c: In function 'rev_fwd_cast_float':
template/revencodef.c:18:54: warning: unused parameter 'fblock' [-Wunused-parameter]
 _t1(rev_fwd_cast, Scalar)(Int* iblock, const Scalar* fblock, uint n, int emax)
                                                      ^
In file included from encode3f.c:6:0:
encode3f.c: At top level:
template/encode.c:32:5: warning: 'fwd_lift_int32' defined but not used [-Wunused-function]
 _t1(fwd_lift, Int)(Int* p, uint s)
     ^
template/template.h:7:21: note: in definition of macro '_cat2'
 #define _cat2(x, y) x ## _ ## y
                     ^
template/encode.c:32:1: note: in expansion of macro '_t1'
 _t1(fwd_lift, Int)(Int* p, uint s)
 ^
gcc -std=c99 -O3 -fPIC -Wall -Wextra -pedantic -I../include  -c encode3d.c
In file included from encode3d.c:11:0:
template/encode.c: In function 'encode_ints_uint64':
template/encode.c:82:20: warning: unused variable 'nn' [-Wunused-variable]
   uint i, k, m, n, nn;
                    ^
In file included from encode3d.c:13:0:
template/encode3.c: In function 'fwd_xform_int64_3':
template/encode3.c:35:29: warning: unused parameter 'p' [-Wunused-parameter]
 _t2(fwd_xform, Int, 3)(Int* p)
                             ^
In file included from encode3d.c:16:0:
template/revencodef.c: In function 'rev_fwd_cast_double':
template/revencodef.c:18:54: warning: unused parameter 'fblock' [-Wunused-parameter]
 _t1(rev_fwd_cast, Scalar)(Int* iblock, const Scalar* fblock, uint n, int emax)
                                                      ^
In file included from encode3d.c:6:0:
encode3d.c: At top level:
template/encode.c:32:5: warning: 'fwd_lift_int64' defined but not used [-Wunused-function]
 _t1(fwd_lift, Int)(Int* p, uint s)
     ^
template/template.h:7:21: note: in definition of macro '_cat2'
 #define _cat2(x, y) x ## _ ## y
                     ^
template/encode.c:32:1: note: in expansion of macro '_t1'
 _t1(fwd_lift, Int)(Int* p, uint s)
 ^
gcc -std=c99 -O3 -fPIC -Wall -Wextra -pedantic -I../include  -c decode4i.c
gcc -std=c99 -O3 -fPIC -Wall -Wextra -pedantic -I../include  -c decode4l.c
gcc -std=c99 -O3 -fPIC -Wall -Wextra -pedantic -I../include  -c decode4f.c
gcc -std=c99 -O3 -fPIC -Wall -Wextra -pedantic -I../include  -c decode4d.c
gcc -std=c99 -O3 -fPIC -Wall -Wextra -pedantic -I../include  -c encode4i.c
In file included from encode4i.c:10:0:
template/encode.c: In function 'encode_ints_uint32':
template/encode.c:82:20: warning: unused variable 'nn' [-Wunused-variable]
   uint i, k, m, n, nn;
                    ^
gcc -std=c99 -O3 -fPIC -Wall -Wextra -pedantic -I../include  -c encode4l.c
In file included from encode4l.c:10:0:
template/encode.c: In function 'encode_ints_uint64':
template/encode.c:82:20: warning: unused variable 'nn' [-Wunused-variable]
   uint i, k, m, n, nn;
                    ^
gcc -std=c99 -O3 -fPIC -Wall -Wextra -pedantic -I../include  -c encode4f.c
In file included from encode4f.c:11:0:
template/encode.c: In function 'encode_ints_uint32':
template/encode.c:82:20: warning: unused variable 'nn' [-Wunused-variable]
   uint i, k, m, n, nn;
                    ^
In file included from encode4f.c:16:0:
template/revencodef.c: In function 'rev_fwd_cast_float':
template/revencodef.c:18:54: warning: unused parameter 'fblock' [-Wunused-parameter]
 _t1(rev_fwd_cast, Scalar)(Int* iblock, const Scalar* fblock, uint n, int emax)
                                                      ^
gcc -std=c99 -O3 -fPIC -Wall -Wextra -pedantic -I../include  -c encode4d.c
In file included from encode4d.c:11:0:
template/encode.c: In function 'encode_ints_uint64':
template/encode.c:82:20: warning: unused variable 'nn' [-Wunused-variable]
   uint i, k, m, n, nn;
                    ^
In file included from encode4d.c:16:0:
template/revencodef.c: In function 'rev_fwd_cast_double':
template/revencodef.c:18:54: warning: unused parameter 'fblock' [-Wunused-parameter]
 _t1(rev_fwd_cast, Scalar)(Int* iblock, const Scalar* fblock, uint n, int emax)
                                                      ^
gcc -std=c99 -O3 -fPIC -Wall -Wextra -pedantic -I../include  -c zfp.c
In file included from zfp.c:62:0:
template/compress.c: In function 'compress_int32_1':
template/compress.c:509:7: warning: implicit declaration of function 'fwd_xform_int32_1' [-Wimplicit-function-declaration]
       _t2(fwd_xform, Int, 1)(iblock);
       ^
template/compress.c:490:8: warning: unused variable 'outputsize' [-Wunused-variable]
   uint outputsize=0;
        ^
In file included from zfp.c:81:0:
template/compress.c: In function 'compress_int64_1':
template/compress.c:506:7: warning: format '%d' expects argument of type 'int', but argument 2 has type 'int64' [-Wformat=]
       for(int i = 0; i < BLOCK_SIZE; i++) printf("iblock=%d\n", iblock[i]);
       ^
template/compress.c:509:7: warning: implicit declaration of function 'fwd_xform_int64_1' [-Wimplicit-function-declaration]
       _t2(fwd_xform, Int, 1)(iblock);
       ^
template/compress.c:490:8: warning: unused variable 'outputsize' [-Wunused-variable]
   uint outputsize=0;
        ^
In file included from zfp.c:99:0:
template/compress.c: In function 'compress_float_1':
template/compress.c:490:8: warning: unused variable 'outputsize' [-Wunused-variable]
   uint outputsize=0;
        ^
In file included from zfp.c:117:0:
template/compress.c: In function 'compress_double_1':
template/compress.c:506:7: warning: format '%d' expects argument of type 'int', but argument 2 has type 'int64' [-Wformat=]
       for(int i = 0; i < BLOCK_SIZE; i++) printf("iblock=%d\n", iblock[i]);
       ^
template/compress.c:490:8: warning: unused variable 'outputsize' [-Wunused-variable]
   uint outputsize=0;
        ^
In file included from zfp.c:7:0:
zfp.c: At top level:
zfp.c:133:10: warning: conflicting types for 'fwd_xform_int32_1' [enabled by default]
 void _t2(fwd_xform, int32, 1)(int32* p)
          ^
template/template.h:9:24: note: in definition of macro '_cat3'
 #define _cat3(x, y, z) x ## _ ## y ## _ ## z
                        ^
zfp.c:133:6: note: in expansion of macro '_t2'
 void _t2(fwd_xform, int32, 1)(int32* p)
      ^
template/compress.c:509:11: note: previous implicit declaration of 'fwd_xform_int32_1' was here
       _t2(fwd_xform, Int, 1)(iblock);
           ^
template/template.h:9:24: note: in definition of macro '_cat3'
 #define _cat3(x, y, z) x ## _ ## y ## _ ## z
                        ^
template/compress.c:509:7: note: in expansion of macro '_t2'
       _t2(fwd_xform, Int, 1)(iblock);
       ^
zfp.c:154:10: warning: conflicting types for 'fwd_xform_int64_1' [enabled by default]
 void _t2(fwd_xform, int64, 1)(int64* p)
          ^
template/template.h:9:24: note: in definition of macro '_cat3'
 #define _cat3(x, y, z) x ## _ ## y ## _ ## z
                        ^
zfp.c:154:6: note: in expansion of macro '_t2'
 void _t2(fwd_xform, int64, 1)(int64* p)
      ^
template/compress.c:509:11: note: previous implicit declaration of 'fwd_xform_int64_1' was here
       _t2(fwd_xform, Int, 1)(iblock);
           ^
template/template.h:9:24: note: in definition of macro '_cat3'
 #define _cat3(x, y, z) x ## _ ## y ## _ ## z
                        ^
template/compress.c:509:7: note: in expansion of macro '_t2'
       _t2(fwd_xform, Int, 1)(iblock);
       ^
zfp.c: In function 'zfp_compress':
zfp.c:1142:16: warning: unused variable 'huffmanTree' [-Wunused-variable]
   HuffmanTree* huffmanTree = createHuffmanTree(stateNum);
                ^
mkdir -p ../lib
rm -f ../lib/libzfp.a
ar rc ../lib/libzfp.a bitstream.o decode1i.o decode1l.o decode1f.o decode1d.o encode1i.o encode1l.o encode1f.o encode1d.o decode2i.o decode2l.o decode2f.o decode2d.o encode2i.o encode2l.o encode2f.o encode2d.o decode3i.o decode3l.o decode3f.o decode3d.o encode3i.o encode3l.o encode3f.o encode3d.o decode4i.o decode4l.o decode4f.o decode4d.o encode4i.o encode4l.o encode4f.o encode4d.o zfp.o
rm -f ../bin/zfp fields.o
mkdir -p ../bin
gcc -std=c99 -O3 -fPIC -Wall -Wextra -pedantic -I../include  zfp.c -L../lib -lzfp -lm -o ../bin/zfp
zfp.c: In function 'main':
zfp.c:641:17: warning: unused variable 'type_name' [-Wunused-variable]
     const char* type_name[] = { "int32", "int64", "float", "double" };
                 ^
../lib/libzfp.a(zfp.o): In function `zfp_compress':
zfp.c:(.text+0x1a474): undefined reference to `createHuffmanTree'
/usr/bin/ld: link errors found, deleting executable `../bin/zfp'
collect2: error: ld returned 1 exit status
make[1]: *** [../bin/zfp] Error 1
make: *** [all] Error 2
