The system is: Linux - 4.4.0-1112-aws - x86_64
Compiling the C compiler identification source file "CMakeCCompilerId.c" succeeded.
Compiler: /usr/bin/cc 
Build flags: 
Id flags: 

The output was:
0


Compilation of the C compiler identification source "CMakeCCompilerId.c" produced "a.out"

The C compiler identification is GNU, found in "/home/ubuntu/local_build/zfp/build_debug/cmocka-build/CMakeFiles/3.5.1/CompilerIdC/a.out"

Determining if the C compiler works passed with the following output:
Change Dir: /home/ubuntu/local_build/zfp/build_debug/cmocka-build/CMakeFiles/CMakeTmp

Run Build Command:"/usr/bin/make" "cmTC_32e75/fast"
make[3]: Entering directory '/home/ubuntu/local_build/zfp/build_debug/cmocka-build/CMakeFiles/CMakeTmp'
/usr/bin/make -f CMakeFiles/cmTC_32e75.dir/build.make CMakeFiles/cmTC_32e75.dir/build
make[4]: Entering directory '/home/ubuntu/local_build/zfp/build_debug/cmocka-build/CMakeFiles/CMakeTmp'
Building C object CMakeFiles/cmTC_32e75.dir/testCCompiler.c.o
/usr/bin/cc     -o CMakeFiles/cmTC_32e75.dir/testCCompiler.c.o   -c /home/ubuntu/local_build/zfp/build_debug/cmocka-build/CMakeFiles/CMakeTmp/testCCompiler.c
Linking C executable cmTC_32e75
/usr/bin/cmake -E cmake_link_script CMakeFiles/cmTC_32e75.dir/link.txt --verbose=1
/usr/bin/cc       CMakeFiles/cmTC_32e75.dir/testCCompiler.c.o  -o cmTC_32e75 -rdynamic 
make[4]: Leaving directory '/home/ubuntu/local_build/zfp/build_debug/cmocka-build/CMakeFiles/CMakeTmp'
make[3]: Leaving directory '/home/ubuntu/local_build/zfp/build_debug/cmocka-build/CMakeFiles/CMakeTmp'


Detecting C compiler ABI info compiled with the following output:
Change Dir: /home/ubuntu/local_build/zfp/build_debug/cmocka-build/CMakeFiles/CMakeTmp

Run Build Command:"/usr/bin/make" "cmTC_1c1b4/fast"
make[3]: Entering directory '/home/ubuntu/local_build/zfp/build_debug/cmocka-build/CMakeFiles/CMakeTmp'
/usr/bin/make -f CMakeFiles/cmTC_1c1b4.dir/build.make CMakeFiles/cmTC_1c1b4.dir/build
make[4]: Entering directory '/home/ubuntu/local_build/zfp/build_debug/cmocka-build/CMakeFiles/CMakeTmp'
Building C object CMakeFiles/cmTC_1c1b4.dir/CMakeCCompilerABI.c.o
/usr/bin/cc     -o CMakeFiles/cmTC_1c1b4.dir/CMakeCCompilerABI.c.o   -c /usr/share/cmake-3.5/Modules/CMakeCCompilerABI.c
Linking C executable cmTC_1c1b4
/usr/bin/cmake -E cmake_link_script CMakeFiles/cmTC_1c1b4.dir/link.txt --verbose=1
/usr/bin/cc      -v CMakeFiles/cmTC_1c1b4.dir/CMakeCCompilerABI.c.o  -o cmTC_1c1b4 -rdynamic  
Using built-in specs.
COLLECT_GCC=/usr/bin/cc
COLLECT_LTO_WRAPPER=/usr/lib/gcc/x86_64-linux-gnu/5/lto-wrapper
Target: x86_64-linux-gnu
Configured with: ../src/configure -v --with-pkgversion='Ubuntu 5.4.0-6ubuntu1~16.04.12' --with-bugurl=file:///usr/share/doc/gcc-5/README.Bugs --enable-languages=c,ada,c++,java,go,d,fortran,objc,obj-c++ --prefix=/usr --program-suffix=-5 --enable-shared --enable-linker-build-id --libexecdir=/usr/lib --without-included-gettext --enable-threads=posix --libdir=/usr/lib --enable-nls --with-sysroot=/ --enable-clocale=gnu --enable-libstdcxx-debug --enable-libstdcxx-time=yes --with-default-libstdcxx-abi=new --enable-gnu-unique-object --disable-vtable-verify --enable-libmpx --enable-plugin --with-system-zlib --disable-browser-plugin --enable-java-awt=gtk --enable-gtk-cairo --with-java-home=/usr/lib/jvm/java-1.5.0-gcj-5-amd64/jre --enable-java-home --with-jvm-root-dir=/usr/lib/jvm/java-1.5.0-gcj-5-amd64 --with-jvm-jar-dir=/usr/lib/jvm-exports/java-1.5.0-gcj-5-amd64 --with-arch-directory=amd64 --with-ecj-jar=/usr/share/java/eclipse-ecj.jar --enable-objc-gc --enable-multiarch --disable-werror --with-arch-32=i686 --with-abi=m64 --with-multilib-list=m32,m64,mx32 --enable-multilib --with-tune=generic --enable-checking=release --build=x86_64-linux-gnu --host=x86_64-linux-gnu --target=x86_64-linux-gnu
Thread model: posix
gcc version 5.4.0 20160609 (Ubuntu 5.4.0-6ubuntu1~16.04.12) 
COMPILER_PATH=/usr/lib/gcc/x86_64-linux-gnu/5/:/usr/lib/gcc/x86_64-linux-gnu/5/:/usr/lib/gcc/x86_64-linux-gnu/:/usr/lib/gcc/x86_64-linux-gnu/5/:/usr/lib/gcc/x86_64-linux-gnu/
LIBRARY_PATH=/usr/lib/gcc/x86_64-linux-gnu/5/:/usr/lib/gcc/x86_64-linux-gnu/5/../../../x86_64-linux-gnu/:/usr/lib/gcc/x86_64-linux-gnu/5/../../../../lib/:/lib/x86_64-linux-gnu/:/lib/../lib/:/usr/lib/x86_64-linux-gnu/:/usr/lib/../lib/:/usr/lib/gcc/x86_64-linux-gnu/5/../../../:/lib/:/usr/lib/
COLLECT_GCC_OPTIONS='-v' '-o' 'cmTC_1c1b4' '-rdynamic' '-mtune=generic' '-march=x86-64'
 /usr/lib/gcc/x86_64-linux-gnu/5/collect2 -plugin /usr/lib/gcc/x86_64-linux-gnu/5/liblto_plugin.so -plugin-opt=/usr/lib/gcc/x86_64-linux-gnu/5/lto-wrapper -plugin-opt=-fresolution=/tmp/ccN8zYlc.res -plugin-opt=-pass-through=-lgcc -plugin-opt=-pass-through=-lgcc_s -plugin-opt=-pass-through=-lc -plugin-opt=-pass-through=-lgcc -plugin-opt=-pass-through=-lgcc_s --sysroot=/ --build-id --eh-frame-hdr -m elf_x86_64 --hash-style=gnu --as-needed -export-dynamic -dynamic-linker /lib64/ld-linux-x86-64.so.2 -z relro -o cmTC_1c1b4 /usr/lib/gcc/x86_64-linux-gnu/5/../../../x86_64-linux-gnu/crt1.o /usr/lib/gcc/x86_64-linux-gnu/5/../../../x86_64-linux-gnu/crti.o /usr/lib/gcc/x86_64-linux-gnu/5/crtbegin.o -L/usr/lib/gcc/x86_64-linux-gnu/5 -L/usr/lib/gcc/x86_64-linux-gnu/5/../../../x86_64-linux-gnu -L/usr/lib/gcc/x86_64-linux-gnu/5/../../../../lib -L/lib/x86_64-linux-gnu -L/lib/../lib -L/usr/lib/x86_64-linux-gnu -L/usr/lib/../lib -L/usr/lib/gcc/x86_64-linux-gnu/5/../../.. CMakeFiles/cmTC_1c1b4.dir/CMakeCCompilerABI.c.o -lgcc --as-needed -lgcc_s --no-as-needed -lc -lgcc --as-needed -lgcc_s --no-as-needed /usr/lib/gcc/x86_64-linux-gnu/5/crtend.o /usr/lib/gcc/x86_64-linux-gnu/5/../../../x86_64-linux-gnu/crtn.o
make[4]: Leaving directory '/home/ubuntu/local_build/zfp/build_debug/cmocka-build/CMakeFiles/CMakeTmp'
make[3]: Leaving directory '/home/ubuntu/local_build/zfp/build_debug/cmocka-build/CMakeFiles/CMakeTmp'


Parsed C implicit link information from above output:
  link line regex: [^( *|.*[/\])(ld|([^/\]+-)?ld|collect2)[^/\]*( |$)]
  ignore line: [Change Dir: /home/ubuntu/local_build/zfp/build_debug/cmocka-build/CMakeFiles/CMakeTmp]
  ignore line: []
  ignore line: [Run Build Command:"/usr/bin/make" "cmTC_1c1b4/fast"]
  ignore line: [make[3]: Entering directory '/home/ubuntu/local_build/zfp/build_debug/cmocka-build/CMakeFiles/CMakeTmp']
  ignore line: [/usr/bin/make -f CMakeFiles/cmTC_1c1b4.dir/build.make CMakeFiles/cmTC_1c1b4.dir/build]
  ignore line: [make[4]: Entering directory '/home/ubuntu/local_build/zfp/build_debug/cmocka-build/CMakeFiles/CMakeTmp']
  ignore line: [Building C object CMakeFiles/cmTC_1c1b4.dir/CMakeCCompilerABI.c.o]
  ignore line: [/usr/bin/cc     -o CMakeFiles/cmTC_1c1b4.dir/CMakeCCompilerABI.c.o   -c /usr/share/cmake-3.5/Modules/CMakeCCompilerABI.c]
  ignore line: [Linking C executable cmTC_1c1b4]
  ignore line: [/usr/bin/cmake -E cmake_link_script CMakeFiles/cmTC_1c1b4.dir/link.txt --verbose=1]
  ignore line: [/usr/bin/cc      -v CMakeFiles/cmTC_1c1b4.dir/CMakeCCompilerABI.c.o  -o cmTC_1c1b4 -rdynamic  ]
  ignore line: [Using built-in specs.]
  ignore line: [COLLECT_GCC=/usr/bin/cc]
  ignore line: [COLLECT_LTO_WRAPPER=/usr/lib/gcc/x86_64-linux-gnu/5/lto-wrapper]
  ignore line: [Target: x86_64-linux-gnu]
  ignore line: [Configured with: ../src/configure -v --with-pkgversion='Ubuntu 5.4.0-6ubuntu1~16.04.12' --with-bugurl=file:///usr/share/doc/gcc-5/README.Bugs --enable-languages=c,ada,c++,java,go,d,fortran,objc,obj-c++ --prefix=/usr --program-suffix=-5 --enable-shared --enable-linker-build-id --libexecdir=/usr/lib --without-included-gettext --enable-threads=posix --libdir=/usr/lib --enable-nls --with-sysroot=/ --enable-clocale=gnu --enable-libstdcxx-debug --enable-libstdcxx-time=yes --with-default-libstdcxx-abi=new --enable-gnu-unique-object --disable-vtable-verify --enable-libmpx --enable-plugin --with-system-zlib --disable-browser-plugin --enable-java-awt=gtk --enable-gtk-cairo --with-java-home=/usr/lib/jvm/java-1.5.0-gcj-5-amd64/jre --enable-java-home --with-jvm-root-dir=/usr/lib/jvm/java-1.5.0-gcj-5-amd64 --with-jvm-jar-dir=/usr/lib/jvm-exports/java-1.5.0-gcj-5-amd64 --with-arch-directory=amd64 --with-ecj-jar=/usr/share/java/eclipse-ecj.jar --enable-objc-gc --enable-multiarch --disable-werror --with-arch-32=i686 --with-abi=m64 --with-multilib-list=m32,m64,mx32 --enable-multilib --with-tune=generic --enable-checking=release --build=x86_64-linux-gnu --host=x86_64-linux-gnu --target=x86_64-linux-gnu]
  ignore line: [Thread model: posix]
  ignore line: [gcc version 5.4.0 20160609 (Ubuntu 5.4.0-6ubuntu1~16.04.12) ]
  ignore line: [COMPILER_PATH=/usr/lib/gcc/x86_64-linux-gnu/5/:/usr/lib/gcc/x86_64-linux-gnu/5/:/usr/lib/gcc/x86_64-linux-gnu/:/usr/lib/gcc/x86_64-linux-gnu/5/:/usr/lib/gcc/x86_64-linux-gnu/]
  ignore line: [LIBRARY_PATH=/usr/lib/gcc/x86_64-linux-gnu/5/:/usr/lib/gcc/x86_64-linux-gnu/5/../../../x86_64-linux-gnu/:/usr/lib/gcc/x86_64-linux-gnu/5/../../../../lib/:/lib/x86_64-linux-gnu/:/lib/../lib/:/usr/lib/x86_64-linux-gnu/:/usr/lib/../lib/:/usr/lib/gcc/x86_64-linux-gnu/5/../../../:/lib/:/usr/lib/]
  ignore line: [COLLECT_GCC_OPTIONS='-v' '-o' 'cmTC_1c1b4' '-rdynamic' '-mtune=generic' '-march=x86-64']
  link line: [ /usr/lib/gcc/x86_64-linux-gnu/5/collect2 -plugin /usr/lib/gcc/x86_64-linux-gnu/5/liblto_plugin.so -plugin-opt=/usr/lib/gcc/x86_64-linux-gnu/5/lto-wrapper -plugin-opt=-fresolution=/tmp/ccN8zYlc.res -plugin-opt=-pass-through=-lgcc -plugin-opt=-pass-through=-lgcc_s -plugin-opt=-pass-through=-lc -plugin-opt=-pass-through=-lgcc -plugin-opt=-pass-through=-lgcc_s --sysroot=/ --build-id --eh-frame-hdr -m elf_x86_64 --hash-style=gnu --as-needed -export-dynamic -dynamic-linker /lib64/ld-linux-x86-64.so.2 -z relro -o cmTC_1c1b4 /usr/lib/gcc/x86_64-linux-gnu/5/../../../x86_64-linux-gnu/crt1.o /usr/lib/gcc/x86_64-linux-gnu/5/../../../x86_64-linux-gnu/crti.o /usr/lib/gcc/x86_64-linux-gnu/5/crtbegin.o -L/usr/lib/gcc/x86_64-linux-gnu/5 -L/usr/lib/gcc/x86_64-linux-gnu/5/../../../x86_64-linux-gnu -L/usr/lib/gcc/x86_64-linux-gnu/5/../../../../lib -L/lib/x86_64-linux-gnu -L/lib/../lib -L/usr/lib/x86_64-linux-gnu -L/usr/lib/../lib -L/usr/lib/gcc/x86_64-linux-gnu/5/../../.. CMakeFiles/cmTC_1c1b4.dir/CMakeCCompilerABI.c.o -lgcc --as-needed -lgcc_s --no-as-needed -lc -lgcc --as-needed -lgcc_s --no-as-needed /usr/lib/gcc/x86_64-linux-gnu/5/crtend.o /usr/lib/gcc/x86_64-linux-gnu/5/../../../x86_64-linux-gnu/crtn.o]
    arg [/usr/lib/gcc/x86_64-linux-gnu/5/collect2] ==> ignore
    arg [-plugin] ==> ignore
    arg [/usr/lib/gcc/x86_64-linux-gnu/5/liblto_plugin.so] ==> ignore
    arg [-plugin-opt=/usr/lib/gcc/x86_64-linux-gnu/5/lto-wrapper] ==> ignore
    arg [-plugin-opt=-fresolution=/tmp/ccN8zYlc.res] ==> ignore
    arg [-plugin-opt=-pass-through=-lgcc] ==> ignore
    arg [-plugin-opt=-pass-through=-lgcc_s] ==> ignore
    arg [-plugin-opt=-pass-through=-lc] ==> ignore
    arg [-plugin-opt=-pass-through=-lgcc] ==> ignore
    arg [-plugin-opt=-pass-through=-lgcc_s] ==> ignore
    arg [--sysroot=/] ==> ignore
    arg [--build-id] ==> ignore
    arg [--eh-frame-hdr] ==> ignore
    arg [-m] ==> ignore
    arg [elf_x86_64] ==> ignore
    arg [--hash-style=gnu] ==> ignore
    arg [--as-needed] ==> ignore
    arg [-export-dynamic] ==> ignore
    arg [-dynamic-linker] ==> ignore
    arg [/lib64/ld-linux-x86-64.so.2] ==> ignore
    arg [-zrelro] ==> ignore
    arg [-o] ==> ignore
    arg [cmTC_1c1b4] ==> ignore
    arg [/usr/lib/gcc/x86_64-linux-gnu/5/../../../x86_64-linux-gnu/crt1.o] ==> ignore
    arg [/usr/lib/gcc/x86_64-linux-gnu/5/../../../x86_64-linux-gnu/crti.o] ==> ignore
    arg [/usr/lib/gcc/x86_64-linux-gnu/5/crtbegin.o] ==> ignore
    arg [-L/usr/lib/gcc/x86_64-linux-gnu/5] ==> dir [/usr/lib/gcc/x86_64-linux-gnu/5]
    arg [-L/usr/lib/gcc/x86_64-linux-gnu/5/../../../x86_64-linux-gnu] ==> dir [/usr/lib/gcc/x86_64-linux-gnu/5/../../../x86_64-linux-gnu]
    arg [-L/usr/lib/gcc/x86_64-linux-gnu/5/../../../../lib] ==> dir [/usr/lib/gcc/x86_64-linux-gnu/5/../../../../lib]
    arg [-L/lib/x86_64-linux-gnu] ==> dir [/lib/x86_64-linux-gnu]
    arg [-L/lib/../lib] ==> dir [/lib/../lib]
    arg [-L/usr/lib/x86_64-linux-gnu] ==> dir [/usr/lib/x86_64-linux-gnu]
    arg [-L/usr/lib/../lib] ==> dir [/usr/lib/../lib]
    arg [-L/usr/lib/gcc/x86_64-linux-gnu/5/../../..] ==> dir [/usr/lib/gcc/x86_64-linux-gnu/5/../../..]
    arg [CMakeFiles/cmTC_1c1b4.dir/CMakeCCompilerABI.c.o] ==> ignore
    arg [-lgcc] ==> lib [gcc]
    arg [--as-needed] ==> ignore
    arg [-lgcc_s] ==> lib [gcc_s]
    arg [--no-as-needed] ==> ignore
    arg [-lc] ==> lib [c]
    arg [-lgcc] ==> lib [gcc]
    arg [--as-needed] ==> ignore
    arg [-lgcc_s] ==> lib [gcc_s]
    arg [--no-as-needed] ==> ignore
    arg [/usr/lib/gcc/x86_64-linux-gnu/5/crtend.o] ==> ignore
    arg [/usr/lib/gcc/x86_64-linux-gnu/5/../../../x86_64-linux-gnu/crtn.o] ==> ignore
  remove lib [gcc]
  remove lib [gcc_s]
  remove lib [gcc]
  remove lib [gcc_s]
  collapse library dir [/usr/lib/gcc/x86_64-linux-gnu/5] ==> [/usr/lib/gcc/x86_64-linux-gnu/5]
  collapse library dir [/usr/lib/gcc/x86_64-linux-gnu/5/../../../x86_64-linux-gnu] ==> [/usr/lib/x86_64-linux-gnu]
  collapse library dir [/usr/lib/gcc/x86_64-linux-gnu/5/../../../../lib] ==> [/usr/lib]
  collapse library dir [/lib/x86_64-linux-gnu] ==> [/lib/x86_64-linux-gnu]
  collapse library dir [/lib/../lib] ==> [/lib]
  collapse library dir [/usr/lib/x86_64-linux-gnu] ==> [/usr/lib/x86_64-linux-gnu]
  collapse library dir [/usr/lib/../lib] ==> [/usr/lib]
  collapse library dir [/usr/lib/gcc/x86_64-linux-gnu/5/../../..] ==> [/usr/lib]
  implicit libs: [c]
  implicit dirs: [/usr/lib/gcc/x86_64-linux-gnu/5;/usr/lib/x86_64-linux-gnu;/usr/lib;/lib/x86_64-linux-gnu;/lib]
  implicit fwks: []




Detecting C [-std=c11] compiler features compiled with the following output:
Change Dir: /home/ubuntu/local_build/zfp/build_debug/cmocka-build/CMakeFiles/CMakeTmp

Run Build Command:"/usr/bin/make" "cmTC_ee0ab/fast"
make[3]: Entering directory '/home/ubuntu/local_build/zfp/build_debug/cmocka-build/CMakeFiles/CMakeTmp'
/usr/bin/make -f CMakeFiles/cmTC_ee0ab.dir/build.make CMakeFiles/cmTC_ee0ab.dir/build
make[4]: Entering directory '/home/ubuntu/local_build/zfp/build_debug/cmocka-build/CMakeFiles/CMakeTmp'
Building C object CMakeFiles/cmTC_ee0ab.dir/feature_tests.c.o
/usr/bin/cc    -std=c11 -o CMakeFiles/cmTC_ee0ab.dir/feature_tests.c.o   -c /home/ubuntu/local_build/zfp/build_debug/cmocka-build/CMakeFiles/feature_tests.c
Linking C executable cmTC_ee0ab
/usr/bin/cmake -E cmake_link_script CMakeFiles/cmTC_ee0ab.dir/link.txt --verbose=1
/usr/bin/cc       CMakeFiles/cmTC_ee0ab.dir/feature_tests.c.o  -o cmTC_ee0ab -rdynamic 
make[4]: Leaving directory '/home/ubuntu/local_build/zfp/build_debug/cmocka-build/CMakeFiles/CMakeTmp'
make[3]: Leaving directory '/home/ubuntu/local_build/zfp/build_debug/cmocka-build/CMakeFiles/CMakeTmp'


    Feature record: C_FEATURE:1c_function_prototypes
    Feature record: C_FEATURE:1c_restrict
    Feature record: C_FEATURE:1c_static_assert
    Feature record: C_FEATURE:1c_variadic_macros


Detecting C [-std=c99] compiler features compiled with the following output:
Change Dir: /home/ubuntu/local_build/zfp/build_debug/cmocka-build/CMakeFiles/CMakeTmp

Run Build Command:"/usr/bin/make" "cmTC_00673/fast"
make[3]: Entering directory '/home/ubuntu/local_build/zfp/build_debug/cmocka-build/CMakeFiles/CMakeTmp'
/usr/bin/make -f CMakeFiles/cmTC_00673.dir/build.make CMakeFiles/cmTC_00673.dir/build
make[4]: Entering directory '/home/ubuntu/local_build/zfp/build_debug/cmocka-build/CMakeFiles/CMakeTmp'
Building C object CMakeFiles/cmTC_00673.dir/feature_tests.c.o
/usr/bin/cc    -std=c99 -o CMakeFiles/cmTC_00673.dir/feature_tests.c.o   -c /home/ubuntu/local_build/zfp/build_debug/cmocka-build/CMakeFiles/feature_tests.c
Linking C executable cmTC_00673
/usr/bin/cmake -E cmake_link_script CMakeFiles/cmTC_00673.dir/link.txt --verbose=1
/usr/bin/cc       CMakeFiles/cmTC_00673.dir/feature_tests.c.o  -o cmTC_00673 -rdynamic 
make[4]: Leaving directory '/home/ubuntu/local_build/zfp/build_debug/cmocka-build/CMakeFiles/CMakeTmp'
make[3]: Leaving directory '/home/ubuntu/local_build/zfp/build_debug/cmocka-build/CMakeFiles/CMakeTmp'


    Feature record: C_FEATURE:1c_function_prototypes
    Feature record: C_FEATURE:1c_restrict
    Feature record: C_FEATURE:0c_static_assert
    Feature record: C_FEATURE:1c_variadic_macros


Detecting C [-std=c90] compiler features compiled with the following output:
Change Dir: /home/ubuntu/local_build/zfp/build_debug/cmocka-build/CMakeFiles/CMakeTmp

Run Build Command:"/usr/bin/make" "cmTC_fcf4d/fast"
make[3]: Entering directory '/home/ubuntu/local_build/zfp/build_debug/cmocka-build/CMakeFiles/CMakeTmp'
/usr/bin/make -f CMakeFiles/cmTC_fcf4d.dir/build.make CMakeFiles/cmTC_fcf4d.dir/build
make[4]: Entering directory '/home/ubuntu/local_build/zfp/build_debug/cmocka-build/CMakeFiles/CMakeTmp'
Building C object CMakeFiles/cmTC_fcf4d.dir/feature_tests.c.o
/usr/bin/cc    -std=c90 -o CMakeFiles/cmTC_fcf4d.dir/feature_tests.c.o   -c /home/ubuntu/local_build/zfp/build_debug/cmocka-build/CMakeFiles/feature_tests.c
Linking C executable cmTC_fcf4d
/usr/bin/cmake -E cmake_link_script CMakeFiles/cmTC_fcf4d.dir/link.txt --verbose=1
/usr/bin/cc       CMakeFiles/cmTC_fcf4d.dir/feature_tests.c.o  -o cmTC_fcf4d -rdynamic 
make[4]: Leaving directory '/home/ubuntu/local_build/zfp/build_debug/cmocka-build/CMakeFiles/CMakeTmp'
make[3]: Leaving directory '/home/ubuntu/local_build/zfp/build_debug/cmocka-build/CMakeFiles/CMakeTmp'


    Feature record: C_FEATURE:1c_function_prototypes
    Feature record: C_FEATURE:0c_restrict
    Feature record: C_FEATURE:0c_static_assert
    Feature record: C_FEATURE:0c_variadic_macros
Performing C SOURCE FILE Test WITH_FPIC succeeded with the following output:
Change Dir: /home/ubuntu/local_build/zfp/build_debug/cmocka-build/CMakeFiles/CMakeTmp

Run Build Command:"/usr/bin/make" "cmTC_f1fef/fast"
make[3]: Entering directory '/home/ubuntu/local_build/zfp/build_debug/cmocka-build/CMakeFiles/CMakeTmp'
/usr/bin/make -f CMakeFiles/cmTC_f1fef.dir/build.make CMakeFiles/cmTC_f1fef.dir/build
make[4]: Entering directory '/home/ubuntu/local_build/zfp/build_debug/cmocka-build/CMakeFiles/CMakeTmp'
Building C object CMakeFiles/cmTC_f1fef.dir/src.c.o
/usr/bin/cc    -std=gnu99 -pedantic -pedantic-errors -Wall -Wextra -Wshadow -Wmissing-prototypes -Wdeclaration-after-statement -Wunused -Wfloat-equal -Wpointer-arith -Wwrite-strings -Wformat-security -Wmissing-format-attribute -Wundef -DWITH_FPIC   -fPIC -o CMakeFiles/cmTC_f1fef.dir/src.c.o   -c /home/ubuntu/local_build/zfp/build_debug/cmocka-build/CMakeFiles/CMakeTmp/src.c
Linking C executable cmTC_f1fef
/usr/bin/cmake -E cmake_link_script CMakeFiles/cmTC_f1fef.dir/link.txt --verbose=1
/usr/bin/cc   -std=gnu99 -pedantic -pedantic-errors -Wall -Wextra -Wshadow -Wmissing-prototypes -Wdeclaration-after-statement -Wunused -Wfloat-equal -Wpointer-arith -Wwrite-strings -Wformat-security -Wmissing-format-attribute -Wundef -DWITH_FPIC    CMakeFiles/cmTC_f1fef.dir/src.c.o  -o cmTC_f1fef -rdynamic 
make[4]: Leaving directory '/home/ubuntu/local_build/zfp/build_debug/cmocka-build/CMakeFiles/CMakeTmp'
make[3]: Leaving directory '/home/ubuntu/local_build/zfp/build_debug/cmocka-build/CMakeFiles/CMakeTmp'

Source file was:
int main(void) { return 0; }
Performing C SOURCE FILE Test WITH_STACK_PROTECTOR succeeded with the following output:
Change Dir: /home/ubuntu/local_build/zfp/build_debug/cmocka-build/CMakeFiles/CMakeTmp

Run Build Command:"/usr/bin/make" "cmTC_feef9/fast"
make[3]: Entering directory '/home/ubuntu/local_build/zfp/build_debug/cmocka-build/CMakeFiles/CMakeTmp'
/usr/bin/make -f CMakeFiles/cmTC_feef9.dir/build.make CMakeFiles/cmTC_feef9.dir/build
make[4]: Entering directory '/home/ubuntu/local_build/zfp/build_debug/cmocka-build/CMakeFiles/CMakeTmp'
Building C object CMakeFiles/cmTC_feef9.dir/src.c.o
/usr/bin/cc    -std=gnu99 -pedantic -pedantic-errors -Wall -Wextra -Wshadow -Wmissing-prototypes -Wdeclaration-after-statement -Wunused -Wfloat-equal -Wpointer-arith -Wwrite-strings -Wformat-security -Wmissing-format-attribute -Wundef -fPIC -DWITH_STACK_PROTECTOR   -fstack-protector -o CMakeFiles/cmTC_feef9.dir/src.c.o   -c /home/ubuntu/local_build/zfp/build_debug/cmocka-build/CMakeFiles/CMakeTmp/src.c
/home/ubuntu/local_build/zfp/build_debug/cmocka-build/CMakeFiles/CMakeTmp/src.c: In function ‘main’:
/home/ubuntu/local_build/zfp/build_debug/cmocka-build/CMakeFiles/CMakeTmp/src.c:1:27: warning: unused parameter ‘argv’ [-Wunused-parameter]
 int main(int argc, char **argv) { char buffer[256]; return buffer[argc]=0;}
                           ^
Linking C executable cmTC_feef9
/usr/bin/cmake -E cmake_link_script CMakeFiles/cmTC_feef9.dir/link.txt --verbose=1
/usr/bin/cc   -std=gnu99 -pedantic -pedantic-errors -Wall -Wextra -Wshadow -Wmissing-prototypes -Wdeclaration-after-statement -Wunused -Wfloat-equal -Wpointer-arith -Wwrite-strings -Wformat-security -Wmissing-format-attribute -Wundef -fPIC -DWITH_STACK_PROTECTOR    CMakeFiles/cmTC_feef9.dir/src.c.o  -o cmTC_feef9 -rdynamic 
make[4]: Leaving directory '/home/ubuntu/local_build/zfp/build_debug/cmocka-build/CMakeFiles/CMakeTmp'
make[3]: Leaving directory '/home/ubuntu/local_build/zfp/build_debug/cmocka-build/CMakeFiles/CMakeTmp'

Source file was:
int main(int argc, char **argv) { char buffer[256]; return buffer[argc]=0;}
Performing C SOURCE FILE Test WITH_VISIBILITY_HIDDEN succeeded with the following output:
Change Dir: /home/ubuntu/local_build/zfp/build_debug/cmocka-build/CMakeFiles/CMakeTmp

Run Build Command:"/usr/bin/make" "cmTC_d23d8/fast"
make[3]: Entering directory '/home/ubuntu/local_build/zfp/build_debug/cmocka-build/CMakeFiles/CMakeTmp'
/usr/bin/make -f CMakeFiles/cmTC_d23d8.dir/build.make CMakeFiles/cmTC_d23d8.dir/build
make[4]: Entering directory '/home/ubuntu/local_build/zfp/build_debug/cmocka-build/CMakeFiles/CMakeTmp'
Building C object CMakeFiles/cmTC_d23d8.dir/src.c.o
/usr/bin/cc    -std=gnu99 -pedantic -pedantic-errors -Wall -Wextra -Wshadow -Wmissing-prototypes -Wdeclaration-after-statement -Wunused -Wfloat-equal -Wpointer-arith -Wwrite-strings -Wformat-security -Wmissing-format-attribute -Wundef -fPIC -fstack-protector -D_GNU_SOURCE -D_LARGEFILE64_SOURCE -DWITH_VISIBILITY_HIDDEN   -fvisibility=hidden -o CMakeFiles/cmTC_d23d8.dir/src.c.o   -c /home/ubuntu/local_build/zfp/build_debug/cmocka-build/CMakeFiles/CMakeTmp/src.c
Linking C executable cmTC_d23d8
/usr/bin/cmake -E cmake_link_script CMakeFiles/cmTC_d23d8.dir/link.txt --verbose=1
/usr/bin/cc   -std=gnu99 -pedantic -pedantic-errors -Wall -Wextra -Wshadow -Wmissing-prototypes -Wdeclaration-after-statement -Wunused -Wfloat-equal -Wpointer-arith -Wwrite-strings -Wformat-security -Wmissing-format-attribute -Wundef -fPIC -fstack-protector -D_GNU_SOURCE -D_LARGEFILE64_SOURCE -DWITH_VISIBILITY_HIDDEN    CMakeFiles/cmTC_d23d8.dir/src.c.o  -o cmTC_d23d8 -rdynamic 
make[4]: Leaving directory '/home/ubuntu/local_build/zfp/build_debug/cmocka-build/CMakeFiles/CMakeTmp'
make[3]: Leaving directory '/home/ubuntu/local_build/zfp/build_debug/cmocka-build/CMakeFiles/CMakeTmp'

Source file was:
int main(void) { return 0; }
Determining if the include file assert.h exists passed with the following output:
Change Dir: /home/ubuntu/local_build/zfp/build_debug/cmocka-build/CMakeFiles/CMakeTmp

Run Build Command:"/usr/bin/make" "cmTC_ec1da/fast"
make[3]: Entering directory '/home/ubuntu/local_build/zfp/build_debug/cmocka-build/CMakeFiles/CMakeTmp'
/usr/bin/make -f CMakeFiles/cmTC_ec1da.dir/build.make CMakeFiles/cmTC_ec1da.dir/build
make[4]: Entering directory '/home/ubuntu/local_build/zfp/build_debug/cmocka-build/CMakeFiles/CMakeTmp'
Building C object CMakeFiles/cmTC_ec1da.dir/CheckIncludeFile.c.o
/usr/bin/cc    -std=gnu99 -pedantic -pedantic-errors -Wall -Wextra -Wshadow -Wmissing-prototypes -Wdeclaration-after-statement -Wunused -Wfloat-equal -Wpointer-arith -Wwrite-strings -Wformat-security -Wmissing-format-attribute -Wundef -fPIC -fstack-protector -D_GNU_SOURCE -D_LARGEFILE64_SOURCE    -o CMakeFiles/cmTC_ec1da.dir/CheckIncludeFile.c.o   -c /home/ubuntu/local_build/zfp/build_debug/cmocka-build/CMakeFiles/CMakeTmp/CheckIncludeFile.c
Linking C executable cmTC_ec1da
/usr/bin/cmake -E cmake_link_script CMakeFiles/cmTC_ec1da.dir/link.txt --verbose=1
/usr/bin/cc   -std=gnu99 -pedantic -pedantic-errors -Wall -Wextra -Wshadow -Wmissing-prototypes -Wdeclaration-after-statement -Wunused -Wfloat-equal -Wpointer-arith -Wwrite-strings -Wformat-security -Wmissing-format-attribute -Wundef -fPIC -fstack-protector -D_GNU_SOURCE -D_LARGEFILE64_SOURCE     CMakeFiles/cmTC_ec1da.dir/CheckIncludeFile.c.o  -o cmTC_ec1da -rdynamic 
make[4]: Leaving directory '/home/ubuntu/local_build/zfp/build_debug/cmocka-build/CMakeFiles/CMakeTmp'
make[3]: Leaving directory '/home/ubuntu/local_build/zfp/build_debug/cmocka-build/CMakeFiles/CMakeTmp'


Determining if the include file inttypes.h exists passed with the following output:
Change Dir: /home/ubuntu/local_build/zfp/build_debug/cmocka-build/CMakeFiles/CMakeTmp

Run Build Command:"/usr/bin/make" "cmTC_b6555/fast"
make[3]: Entering directory '/home/ubuntu/local_build/zfp/build_debug/cmocka-build/CMakeFiles/CMakeTmp'
/usr/bin/make -f CMakeFiles/cmTC_b6555.dir/build.make CMakeFiles/cmTC_b6555.dir/build
make[4]: Entering directory '/home/ubuntu/local_build/zfp/build_debug/cmocka-build/CMakeFiles/CMakeTmp'
Building C object CMakeFiles/cmTC_b6555.dir/CheckIncludeFile.c.o
/usr/bin/cc    -std=gnu99 -pedantic -pedantic-errors -Wall -Wextra -Wshadow -Wmissing-prototypes -Wdeclaration-after-statement -Wunused -Wfloat-equal -Wpointer-arith -Wwrite-strings -Wformat-security -Wmissing-format-attribute -Wundef -fPIC -fstack-protector -D_GNU_SOURCE -D_LARGEFILE64_SOURCE    -o CMakeFiles/cmTC_b6555.dir/CheckIncludeFile.c.o   -c /home/ubuntu/local_build/zfp/build_debug/cmocka-build/CMakeFiles/CMakeTmp/CheckIncludeFile.c
Linking C executable cmTC_b6555
/usr/bin/cmake -E cmake_link_script CMakeFiles/cmTC_b6555.dir/link.txt --verbose=1
/usr/bin/cc   -std=gnu99 -pedantic -pedantic-errors -Wall -Wextra -Wshadow -Wmissing-prototypes -Wdeclaration-after-statement -Wunused -Wfloat-equal -Wpointer-arith -Wwrite-strings -Wformat-security -Wmissing-format-attribute -Wundef -fPIC -fstack-protector -D_GNU_SOURCE -D_LARGEFILE64_SOURCE     CMakeFiles/cmTC_b6555.dir/CheckIncludeFile.c.o  -o cmTC_b6555 -rdynamic 
make[4]: Leaving directory '/home/ubuntu/local_build/zfp/build_debug/cmocka-build/CMakeFiles/CMakeTmp'
make[3]: Leaving directory '/home/ubuntu/local_build/zfp/build_debug/cmocka-build/CMakeFiles/CMakeTmp'


Determining if the include file malloc.h exists passed with the following output:
Change Dir: /home/ubuntu/local_build/zfp/build_debug/cmocka-build/CMakeFiles/CMakeTmp

Run Build Command:"/usr/bin/make" "cmTC_e4072/fast"
make[3]: Entering directory '/home/ubuntu/local_build/zfp/build_debug/cmocka-build/CMakeFiles/CMakeTmp'
/usr/bin/make -f CMakeFiles/cmTC_e4072.dir/build.make CMakeFiles/cmTC_e4072.dir/build
make[4]: Entering directory '/home/ubuntu/local_build/zfp/build_debug/cmocka-build/CMakeFiles/CMakeTmp'
Building C object CMakeFiles/cmTC_e4072.dir/CheckIncludeFile.c.o
/usr/bin/cc    -std=gnu99 -pedantic -pedantic-errors -Wall -Wextra -Wshadow -Wmissing-prototypes -Wdeclaration-after-statement -Wunused -Wfloat-equal -Wpointer-arith -Wwrite-strings -Wformat-security -Wmissing-format-attribute -Wundef -fPIC -fstack-protector -D_GNU_SOURCE -D_LARGEFILE64_SOURCE    -o CMakeFiles/cmTC_e4072.dir/CheckIncludeFile.c.o   -c /home/ubuntu/local_build/zfp/build_debug/cmocka-build/CMakeFiles/CMakeTmp/CheckIncludeFile.c
Linking C executable cmTC_e4072
/usr/bin/cmake -E cmake_link_script CMakeFiles/cmTC_e4072.dir/link.txt --verbose=1
/usr/bin/cc   -std=gnu99 -pedantic -pedantic-errors -Wall -Wextra -Wshadow -Wmissing-prototypes -Wdeclaration-after-statement -Wunused -Wfloat-equal -Wpointer-arith -Wwrite-strings -Wformat-security -Wmissing-format-attribute -Wundef -fPIC -fstack-protector -D_GNU_SOURCE -D_LARGEFILE64_SOURCE     CMakeFiles/cmTC_e4072.dir/CheckIncludeFile.c.o  -o cmTC_e4072 -rdynamic 
make[4]: Leaving directory '/home/ubuntu/local_build/zfp/build_debug/cmocka-build/CMakeFiles/CMakeTmp'
make[3]: Leaving directory '/home/ubuntu/local_build/zfp/build_debug/cmocka-build/CMakeFiles/CMakeTmp'


Determining if the include file memory.h exists passed with the following output:
Change Dir: /home/ubuntu/local_build/zfp/build_debug/cmocka-build/CMakeFiles/CMakeTmp

Run Build Command:"/usr/bin/make" "cmTC_ad1a4/fast"
make[3]: Entering directory '/home/ubuntu/local_build/zfp/build_debug/cmocka-build/CMakeFiles/CMakeTmp'
/usr/bin/make -f CMakeFiles/cmTC_ad1a4.dir/build.make CMakeFiles/cmTC_ad1a4.dir/build
make[4]: Entering directory '/home/ubuntu/local_build/zfp/build_debug/cmocka-build/CMakeFiles/CMakeTmp'
Building C object CMakeFiles/cmTC_ad1a4.dir/CheckIncludeFile.c.o
/usr/bin/cc    -std=gnu99 -pedantic -pedantic-errors -Wall -Wextra -Wshadow -Wmissing-prototypes -Wdeclaration-after-statement -Wunused -Wfloat-equal -Wpointer-arith -Wwrite-strings -Wformat-security -Wmissing-format-attribute -Wundef -fPIC -fstack-protector -D_GNU_SOURCE -D_LARGEFILE64_SOURCE    -o CMakeFiles/cmTC_ad1a4.dir/CheckIncludeFile.c.o   -c /home/ubuntu/local_build/zfp/build_debug/cmocka-build/CMakeFiles/CMakeTmp/CheckIncludeFile.c
Linking C executable cmTC_ad1a4
/usr/bin/cmake -E cmake_link_script CMakeFiles/cmTC_ad1a4.dir/link.txt --verbose=1
/usr/bin/cc   -std=gnu99 -pedantic -pedantic-errors -Wall -Wextra -Wshadow -Wmissing-prototypes -Wdeclaration-after-statement -Wunused -Wfloat-equal -Wpointer-arith -Wwrite-strings -Wformat-security -Wmissing-format-attribute -Wundef -fPIC -fstack-protector -D_GNU_SOURCE -D_LARGEFILE64_SOURCE     CMakeFiles/cmTC_ad1a4.dir/CheckIncludeFile.c.o  -o cmTC_ad1a4 -rdynamic 
make[4]: Leaving directory '/home/ubuntu/local_build/zfp/build_debug/cmocka-build/CMakeFiles/CMakeTmp'
make[3]: Leaving directory '/home/ubuntu/local_build/zfp/build_debug/cmocka-build/CMakeFiles/CMakeTmp'


Determining if the include file setjmp.h exists passed with the following output:
Change Dir: /home/ubuntu/local_build/zfp/build_debug/cmocka-build/CMakeFiles/CMakeTmp

Run Build Command:"/usr/bin/make" "cmTC_30972/fast"
make[3]: Entering directory '/home/ubuntu/local_build/zfp/build_debug/cmocka-build/CMakeFiles/CMakeTmp'
/usr/bin/make -f CMakeFiles/cmTC_30972.dir/build.make CMakeFiles/cmTC_30972.dir/build
make[4]: Entering directory '/home/ubuntu/local_build/zfp/build_debug/cmocka-build/CMakeFiles/CMakeTmp'
Building C object CMakeFiles/cmTC_30972.dir/CheckIncludeFile.c.o
/usr/bin/cc    -std=gnu99 -pedantic -pedantic-errors -Wall -Wextra -Wshadow -Wmissing-prototypes -Wdeclaration-after-statement -Wunused -Wfloat-equal -Wpointer-arith -Wwrite-strings -Wformat-security -Wmissing-format-attribute -Wundef -fPIC -fstack-protector -D_GNU_SOURCE -D_LARGEFILE64_SOURCE    -o CMakeFiles/cmTC_30972.dir/CheckIncludeFile.c.o   -c /home/ubuntu/local_build/zfp/build_debug/cmocka-build/CMakeFiles/CMakeTmp/CheckIncludeFile.c
Linking C executable cmTC_30972
/usr/bin/cmake -E cmake_link_script CMakeFiles/cmTC_30972.dir/link.txt --verbose=1
/usr/bin/cc   -std=gnu99 -pedantic -pedantic-errors -Wall -Wextra -Wshadow -Wmissing-prototypes -Wdeclaration-after-statement -Wunused -Wfloat-equal -Wpointer-arith -Wwrite-strings -Wformat-security -Wmissing-format-attribute -Wundef -fPIC -fstack-protector -D_GNU_SOURCE -D_LARGEFILE64_SOURCE     CMakeFiles/cmTC_30972.dir/CheckIncludeFile.c.o  -o cmTC_30972 -rdynamic 
make[4]: Leaving directory '/home/ubuntu/local_build/zfp/build_debug/cmocka-build/CMakeFiles/CMakeTmp'
make[3]: Leaving directory '/home/ubuntu/local_build/zfp/build_debug/cmocka-build/CMakeFiles/CMakeTmp'


Determining if the include file signal.h exists passed with the following output:
Change Dir: /home/ubuntu/local_build/zfp/build_debug/cmocka-build/CMakeFiles/CMakeTmp

Run Build Command:"/usr/bin/make" "cmTC_65303/fast"
make[3]: Entering directory '/home/ubuntu/local_build/zfp/build_debug/cmocka-build/CMakeFiles/CMakeTmp'
/usr/bin/make -f CMakeFiles/cmTC_65303.dir/build.make CMakeFiles/cmTC_65303.dir/build
make[4]: Entering directory '/home/ubuntu/local_build/zfp/build_debug/cmocka-build/CMakeFiles/CMakeTmp'
Building C object CMakeFiles/cmTC_65303.dir/CheckIncludeFile.c.o
/usr/bin/cc    -std=gnu99 -pedantic -pedantic-errors -Wall -Wextra -Wshadow -Wmissing-prototypes -Wdeclaration-after-statement -Wunused -Wfloat-equal -Wpointer-arith -Wwrite-strings -Wformat-security -Wmissing-format-attribute -Wundef -fPIC -fstack-protector -D_GNU_SOURCE -D_LARGEFILE64_SOURCE    -o CMakeFiles/cmTC_65303.dir/CheckIncludeFile.c.o   -c /home/ubuntu/local_build/zfp/build_debug/cmocka-build/CMakeFiles/CMakeTmp/CheckIncludeFile.c
Linking C executable cmTC_65303
/usr/bin/cmake -E cmake_link_script CMakeFiles/cmTC_65303.dir/link.txt --verbose=1
/usr/bin/cc   -std=gnu99 -pedantic -pedantic-errors -Wall -Wextra -Wshadow -Wmissing-prototypes -Wdeclaration-after-statement -Wunused -Wfloat-equal -Wpointer-arith -Wwrite-strings -Wformat-security -Wmissing-format-attribute -Wundef -fPIC -fstack-protector -D_GNU_SOURCE -D_LARGEFILE64_SOURCE     CMakeFiles/cmTC_65303.dir/CheckIncludeFile.c.o  -o cmTC_65303 -rdynamic 
make[4]: Leaving directory '/home/ubuntu/local_build/zfp/build_debug/cmocka-build/CMakeFiles/CMakeTmp'
make[3]: Leaving directory '/home/ubuntu/local_build/zfp/build_debug/cmocka-build/CMakeFiles/CMakeTmp'


Determining if the include file stdarg.h exists passed with the following output:
Change Dir: /home/ubuntu/local_build/zfp/build_debug/cmocka-build/CMakeFiles/CMakeTmp

Run Build Command:"/usr/bin/make" "cmTC_5301a/fast"
make[3]: Entering directory '/home/ubuntu/local_build/zfp/build_debug/cmocka-build/CMakeFiles/CMakeTmp'
/usr/bin/make -f CMakeFiles/cmTC_5301a.dir/build.make CMakeFiles/cmTC_5301a.dir/build
make[4]: Entering directory '/home/ubuntu/local_build/zfp/build_debug/cmocka-build/CMakeFiles/CMakeTmp'
Building C object CMakeFiles/cmTC_5301a.dir/CheckIncludeFile.c.o
/usr/bin/cc    -std=gnu99 -pedantic -pedantic-errors -Wall -Wextra -Wshadow -Wmissing-prototypes -Wdeclaration-after-statement -Wunused -Wfloat-equal -Wpointer-arith -Wwrite-strings -Wformat-security -Wmissing-format-attribute -Wundef -fPIC -fstack-protector -D_GNU_SOURCE -D_LARGEFILE64_SOURCE    -o CMakeFiles/cmTC_5301a.dir/CheckIncludeFile.c.o   -c /home/ubuntu/local_build/zfp/build_debug/cmocka-build/CMakeFiles/CMakeTmp/CheckIncludeFile.c
Linking C executable cmTC_5301a
/usr/bin/cmake -E cmake_link_script CMakeFiles/cmTC_5301a.dir/link.txt --verbose=1
/usr/bin/cc   -std=gnu99 -pedantic -pedantic-errors -Wall -Wextra -Wshadow -Wmissing-prototypes -Wdeclaration-after-statement -Wunused -Wfloat-equal -Wpointer-arith -Wwrite-strings -Wformat-security -Wmissing-format-attribute -Wundef -fPIC -fstack-protector -D_GNU_SOURCE -D_LARGEFILE64_SOURCE     CMakeFiles/cmTC_5301a.dir/CheckIncludeFile.c.o  -o cmTC_5301a -rdynamic 
make[4]: Leaving directory '/home/ubuntu/local_build/zfp/build_debug/cmocka-build/CMakeFiles/CMakeTmp'
make[3]: Leaving directory '/home/ubuntu/local_build/zfp/build_debug/cmocka-build/CMakeFiles/CMakeTmp'


Determining if the include file stddef.h exists passed with the following output:
Change Dir: /home/ubuntu/local_build/zfp/build_debug/cmocka-build/CMakeFiles/CMakeTmp

Run Build Command:"/usr/bin/make" "cmTC_91758/fast"
make[3]: Entering directory '/home/ubuntu/local_build/zfp/build_debug/cmocka-build/CMakeFiles/CMakeTmp'
/usr/bin/make -f CMakeFiles/cmTC_91758.dir/build.make CMakeFiles/cmTC_91758.dir/build
make[4]: Entering directory '/home/ubuntu/local_build/zfp/build_debug/cmocka-build/CMakeFiles/CMakeTmp'
Building C object CMakeFiles/cmTC_91758.dir/CheckIncludeFile.c.o
/usr/bin/cc    -std=gnu99 -pedantic -pedantic-errors -Wall -Wextra -Wshadow -Wmissing-prototypes -Wdeclaration-after-statement -Wunused -Wfloat-equal -Wpointer-arith -Wwrite-strings -Wformat-security -Wmissing-format-attribute -Wundef -fPIC -fstack-protector -D_GNU_SOURCE -D_LARGEFILE64_SOURCE    -o CMakeFiles/cmTC_91758.dir/CheckIncludeFile.c.o   -c /home/ubuntu/local_build/zfp/build_debug/cmocka-build/CMakeFiles/CMakeTmp/CheckIncludeFile.c
Linking C executable cmTC_91758
/usr/bin/cmake -E cmake_link_script CMakeFiles/cmTC_91758.dir/link.txt --verbose=1
/usr/bin/cc   -std=gnu99 -pedantic -pedantic-errors -Wall -Wextra -Wshadow -Wmissing-prototypes -Wdeclaration-after-statement -Wunused -Wfloat-equal -Wpointer-arith -Wwrite-strings -Wformat-security -Wmissing-format-attribute -Wundef -fPIC -fstack-protector -D_GNU_SOURCE -D_LARGEFILE64_SOURCE     CMakeFiles/cmTC_91758.dir/CheckIncludeFile.c.o  -o cmTC_91758 -rdynamic 
make[4]: Leaving directory '/home/ubuntu/local_build/zfp/build_debug/cmocka-build/CMakeFiles/CMakeTmp'
make[3]: Leaving directory '/home/ubuntu/local_build/zfp/build_debug/cmocka-build/CMakeFiles/CMakeTmp'


Determining if the include file stdint.h exists passed with the following output:
Change Dir: /home/ubuntu/local_build/zfp/build_debug/cmocka-build/CMakeFiles/CMakeTmp

Run Build Command:"/usr/bin/make" "cmTC_008a4/fast"
make[3]: Entering directory '/home/ubuntu/local_build/zfp/build_debug/cmocka-build/CMakeFiles/CMakeTmp'
/usr/bin/make -f CMakeFiles/cmTC_008a4.dir/build.make CMakeFiles/cmTC_008a4.dir/build
make[4]: Entering directory '/home/ubuntu/local_build/zfp/build_debug/cmocka-build/CMakeFiles/CMakeTmp'
Building C object CMakeFiles/cmTC_008a4.dir/CheckIncludeFile.c.o
/usr/bin/cc    -std=gnu99 -pedantic -pedantic-errors -Wall -Wextra -Wshadow -Wmissing-prototypes -Wdeclaration-after-statement -Wunused -Wfloat-equal -Wpointer-arith -Wwrite-strings -Wformat-security -Wmissing-format-attribute -Wundef -fPIC -fstack-protector -D_GNU_SOURCE -D_LARGEFILE64_SOURCE    -o CMakeFiles/cmTC_008a4.dir/CheckIncludeFile.c.o   -c /home/ubuntu/local_build/zfp/build_debug/cmocka-build/CMakeFiles/CMakeTmp/CheckIncludeFile.c
Linking C executable cmTC_008a4
/usr/bin/cmake -E cmake_link_script CMakeFiles/cmTC_008a4.dir/link.txt --verbose=1
/usr/bin/cc   -std=gnu99 -pedantic -pedantic-errors -Wall -Wextra -Wshadow -Wmissing-prototypes -Wdeclaration-after-statement -Wunused -Wfloat-equal -Wpointer-arith -Wwrite-strings -Wformat-security -Wmissing-format-attribute -Wundef -fPIC -fstack-protector -D_GNU_SOURCE -D_LARGEFILE64_SOURCE     CMakeFiles/cmTC_008a4.dir/CheckIncludeFile.c.o  -o cmTC_008a4 -rdynamic 
make[4]: Leaving directory '/home/ubuntu/local_build/zfp/build_debug/cmocka-build/CMakeFiles/CMakeTmp'
make[3]: Leaving directory '/home/ubuntu/local_build/zfp/build_debug/cmocka-build/CMakeFiles/CMakeTmp'


Determining if the include file stdio.h exists passed with the following output:
Change Dir: /home/ubuntu/local_build/zfp/build_debug/cmocka-build/CMakeFiles/CMakeTmp

Run Build Command:"/usr/bin/make" "cmTC_cccec/fast"
make[3]: Entering directory '/home/ubuntu/local_build/zfp/build_debug/cmocka-build/CMakeFiles/CMakeTmp'
/usr/bin/make -f CMakeFiles/cmTC_cccec.dir/build.make CMakeFiles/cmTC_cccec.dir/build
make[4]: Entering directory '/home/ubuntu/local_build/zfp/build_debug/cmocka-build/CMakeFiles/CMakeTmp'
Building C object CMakeFiles/cmTC_cccec.dir/CheckIncludeFile.c.o
/usr/bin/cc    -std=gnu99 -pedantic -pedantic-errors -Wall -Wextra -Wshadow -Wmissing-prototypes -Wdeclaration-after-statement -Wunused -Wfloat-equal -Wpointer-arith -Wwrite-strings -Wformat-security -Wmissing-format-attribute -Wundef -fPIC -fstack-protector -D_GNU_SOURCE -D_LARGEFILE64_SOURCE    -o CMakeFiles/cmTC_cccec.dir/CheckIncludeFile.c.o   -c /home/ubuntu/local_build/zfp/build_debug/cmocka-build/CMakeFiles/CMakeTmp/CheckIncludeFile.c
Linking C executable cmTC_cccec
/usr/bin/cmake -E cmake_link_script CMakeFiles/cmTC_cccec.dir/link.txt --verbose=1
/usr/bin/cc   -std=gnu99 -pedantic -pedantic-errors -Wall -Wextra -Wshadow -Wmissing-prototypes -Wdeclaration-after-statement -Wunused -Wfloat-equal -Wpointer-arith -Wwrite-strings -Wformat-security -Wmissing-format-attribute -Wundef -fPIC -fstack-protector -D_GNU_SOURCE -D_LARGEFILE64_SOURCE     CMakeFiles/cmTC_cccec.dir/CheckIncludeFile.c.o  -o cmTC_cccec -rdynamic 
make[4]: Leaving directory '/home/ubuntu/local_build/zfp/build_debug/cmocka-build/CMakeFiles/CMakeTmp'
make[3]: Leaving directory '/home/ubuntu/local_build/zfp/build_debug/cmocka-build/CMakeFiles/CMakeTmp'


Determining if the include file stdlib.h exists passed with the following output:
Change Dir: /home/ubuntu/local_build/zfp/build_debug/cmocka-build/CMakeFiles/CMakeTmp

Run Build Command:"/usr/bin/make" "cmTC_4f9bf/fast"
make[3]: Entering directory '/home/ubuntu/local_build/zfp/build_debug/cmocka-build/CMakeFiles/CMakeTmp'
/usr/bin/make -f CMakeFiles/cmTC_4f9bf.dir/build.make CMakeFiles/cmTC_4f9bf.dir/build
make[4]: Entering directory '/home/ubuntu/local_build/zfp/build_debug/cmocka-build/CMakeFiles/CMakeTmp'
Building C object CMakeFiles/cmTC_4f9bf.dir/CheckIncludeFile.c.o
/usr/bin/cc    -std=gnu99 -pedantic -pedantic-errors -Wall -Wextra -Wshadow -Wmissing-prototypes -Wdeclaration-after-statement -Wunused -Wfloat-equal -Wpointer-arith -Wwrite-strings -Wformat-security -Wmissing-format-attribute -Wundef -fPIC -fstack-protector -D_GNU_SOURCE -D_LARGEFILE64_SOURCE    -o CMakeFiles/cmTC_4f9bf.dir/CheckIncludeFile.c.o   -c /home/ubuntu/local_build/zfp/build_debug/cmocka-build/CMakeFiles/CMakeTmp/CheckIncludeFile.c
Linking C executable cmTC_4f9bf
/usr/bin/cmake -E cmake_link_script CMakeFiles/cmTC_4f9bf.dir/link.txt --verbose=1
/usr/bin/cc   -std=gnu99 -pedantic -pedantic-errors -Wall -Wextra -Wshadow -Wmissing-prototypes -Wdeclaration-after-statement -Wunused -Wfloat-equal -Wpointer-arith -Wwrite-strings -Wformat-security -Wmissing-format-attribute -Wundef -fPIC -fstack-protector -D_GNU_SOURCE -D_LARGEFILE64_SOURCE     CMakeFiles/cmTC_4f9bf.dir/CheckIncludeFile.c.o  -o cmTC_4f9bf -rdynamic 
make[4]: Leaving directory '/home/ubuntu/local_build/zfp/build_debug/cmocka-build/CMakeFiles/CMakeTmp'
make[3]: Leaving directory '/home/ubuntu/local_build/zfp/build_debug/cmocka-build/CMakeFiles/CMakeTmp'


Determining if the include file string.h exists passed with the following output:
Change Dir: /home/ubuntu/local_build/zfp/build_debug/cmocka-build/CMakeFiles/CMakeTmp

Run Build Command:"/usr/bin/make" "cmTC_a14f9/fast"
make[3]: Entering directory '/home/ubuntu/local_build/zfp/build_debug/cmocka-build/CMakeFiles/CMakeTmp'
/usr/bin/make -f CMakeFiles/cmTC_a14f9.dir/build.make CMakeFiles/cmTC_a14f9.dir/build
make[4]: Entering directory '/home/ubuntu/local_build/zfp/build_debug/cmocka-build/CMakeFiles/CMakeTmp'
Building C object CMakeFiles/cmTC_a14f9.dir/CheckIncludeFile.c.o
/usr/bin/cc    -std=gnu99 -pedantic -pedantic-errors -Wall -Wextra -Wshadow -Wmissing-prototypes -Wdeclaration-after-statement -Wunused -Wfloat-equal -Wpointer-arith -Wwrite-strings -Wformat-security -Wmissing-format-attribute -Wundef -fPIC -fstack-protector -D_GNU_SOURCE -D_LARGEFILE64_SOURCE    -o CMakeFiles/cmTC_a14f9.dir/CheckIncludeFile.c.o   -c /home/ubuntu/local_build/zfp/build_debug/cmocka-build/CMakeFiles/CMakeTmp/CheckIncludeFile.c
Linking C executable cmTC_a14f9
/usr/bin/cmake -E cmake_link_script CMakeFiles/cmTC_a14f9.dir/link.txt --verbose=1
/usr/bin/cc   -std=gnu99 -pedantic -pedantic-errors -Wall -Wextra -Wshadow -Wmissing-prototypes -Wdeclaration-after-statement -Wunused -Wfloat-equal -Wpointer-arith -Wwrite-strings -Wformat-security -Wmissing-format-attribute -Wundef -fPIC -fstack-protector -D_GNU_SOURCE -D_LARGEFILE64_SOURCE     CMakeFiles/cmTC_a14f9.dir/CheckIncludeFile.c.o  -o cmTC_a14f9 -rdynamic 
make[4]: Leaving directory '/home/ubuntu/local_build/zfp/build_debug/cmocka-build/CMakeFiles/CMakeTmp'
make[3]: Leaving directory '/home/ubuntu/local_build/zfp/build_debug/cmocka-build/CMakeFiles/CMakeTmp'


Determining if the include file strings.h exists passed with the following output:
Change Dir: /home/ubuntu/local_build/zfp/build_debug/cmocka-build/CMakeFiles/CMakeTmp

Run Build Command:"/usr/bin/make" "cmTC_0ef35/fast"
make[3]: Entering directory '/home/ubuntu/local_build/zfp/build_debug/cmocka-build/CMakeFiles/CMakeTmp'
/usr/bin/make -f CMakeFiles/cmTC_0ef35.dir/build.make CMakeFiles/cmTC_0ef35.dir/build
make[4]: Entering directory '/home/ubuntu/local_build/zfp/build_debug/cmocka-build/CMakeFiles/CMakeTmp'
Building C object CMakeFiles/cmTC_0ef35.dir/CheckIncludeFile.c.o
/usr/bin/cc    -std=gnu99 -pedantic -pedantic-errors -Wall -Wextra -Wshadow -Wmissing-prototypes -Wdeclaration-after-statement -Wunused -Wfloat-equal -Wpointer-arith -Wwrite-strings -Wformat-security -Wmissing-format-attribute -Wundef -fPIC -fstack-protector -D_GNU_SOURCE -D_LARGEFILE64_SOURCE    -o CMakeFiles/cmTC_0ef35.dir/CheckIncludeFile.c.o   -c /home/ubuntu/local_build/zfp/build_debug/cmocka-build/CMakeFiles/CMakeTmp/CheckIncludeFile.c
Linking C executable cmTC_0ef35
/usr/bin/cmake -E cmake_link_script CMakeFiles/cmTC_0ef35.dir/link.txt --verbose=1
/usr/bin/cc   -std=gnu99 -pedantic -pedantic-errors -Wall -Wextra -Wshadow -Wmissing-prototypes -Wdeclaration-after-statement -Wunused -Wfloat-equal -Wpointer-arith -Wwrite-strings -Wformat-security -Wmissing-format-attribute -Wundef -fPIC -fstack-protector -D_GNU_SOURCE -D_LARGEFILE64_SOURCE     CMakeFiles/cmTC_0ef35.dir/CheckIncludeFile.c.o  -o cmTC_0ef35 -rdynamic 
make[4]: Leaving directory '/home/ubuntu/local_build/zfp/build_debug/cmocka-build/CMakeFiles/CMakeTmp'
make[3]: Leaving directory '/home/ubuntu/local_build/zfp/build_debug/cmocka-build/CMakeFiles/CMakeTmp'


Determining if the include file sys/stat.h exists passed with the following output:
Change Dir: /home/ubuntu/local_build/zfp/build_debug/cmocka-build/CMakeFiles/CMakeTmp

Run Build Command:"/usr/bin/make" "cmTC_7f82e/fast"
make[3]: Entering directory '/home/ubuntu/local_build/zfp/build_debug/cmocka-build/CMakeFiles/CMakeTmp'
/usr/bin/make -f CMakeFiles/cmTC_7f82e.dir/build.make CMakeFiles/cmTC_7f82e.dir/build
make[4]: Entering directory '/home/ubuntu/local_build/zfp/build_debug/cmocka-build/CMakeFiles/CMakeTmp'
Building C object CMakeFiles/cmTC_7f82e.dir/CheckIncludeFile.c.o
/usr/bin/cc    -std=gnu99 -pedantic -pedantic-errors -Wall -Wextra -Wshadow -Wmissing-prototypes -Wdeclaration-after-statement -Wunused -Wfloat-equal -Wpointer-arith -Wwrite-strings -Wformat-security -Wmissing-format-attribute -Wundef -fPIC -fstack-protector -D_GNU_SOURCE -D_LARGEFILE64_SOURCE    -o CMakeFiles/cmTC_7f82e.dir/CheckIncludeFile.c.o   -c /home/ubuntu/local_build/zfp/build_debug/cmocka-build/CMakeFiles/CMakeTmp/CheckIncludeFile.c
Linking C executable cmTC_7f82e
/usr/bin/cmake -E cmake_link_script CMakeFiles/cmTC_7f82e.dir/link.txt --verbose=1
/usr/bin/cc   -std=gnu99 -pedantic -pedantic-errors -Wall -Wextra -Wshadow -Wmissing-prototypes -Wdeclaration-after-statement -Wunused -Wfloat-equal -Wpointer-arith -Wwrite-strings -Wformat-security -Wmissing-format-attribute -Wundef -fPIC -fstack-protector -D_GNU_SOURCE -D_LARGEFILE64_SOURCE     CMakeFiles/cmTC_7f82e.dir/CheckIncludeFile.c.o  -o cmTC_7f82e -rdynamic 
make[4]: Leaving directory '/home/ubuntu/local_build/zfp/build_debug/cmocka-build/CMakeFiles/CMakeTmp'
make[3]: Leaving directory '/home/ubuntu/local_build/zfp/build_debug/cmocka-build/CMakeFiles/CMakeTmp'


Determining if the include file sys/types.h exists passed with the following output:
Change Dir: /home/ubuntu/local_build/zfp/build_debug/cmocka-build/CMakeFiles/CMakeTmp

Run Build Command:"/usr/bin/make" "cmTC_5c64b/fast"
make[3]: Entering directory '/home/ubuntu/local_build/zfp/build_debug/cmocka-build/CMakeFiles/CMakeTmp'
/usr/bin/make -f CMakeFiles/cmTC_5c64b.dir/build.make CMakeFiles/cmTC_5c64b.dir/build
make[4]: Entering directory '/home/ubuntu/local_build/zfp/build_debug/cmocka-build/CMakeFiles/CMakeTmp'
Building C object CMakeFiles/cmTC_5c64b.dir/CheckIncludeFile.c.o
/usr/bin/cc    -std=gnu99 -pedantic -pedantic-errors -Wall -Wextra -Wshadow -Wmissing-prototypes -Wdeclaration-after-statement -Wunused -Wfloat-equal -Wpointer-arith -Wwrite-strings -Wformat-security -Wmissing-format-attribute -Wundef -fPIC -fstack-protector -D_GNU_SOURCE -D_LARGEFILE64_SOURCE    -o CMakeFiles/cmTC_5c64b.dir/CheckIncludeFile.c.o   -c /home/ubuntu/local_build/zfp/build_debug/cmocka-build/CMakeFiles/CMakeTmp/CheckIncludeFile.c
Linking C executable cmTC_5c64b
/usr/bin/cmake -E cmake_link_script CMakeFiles/cmTC_5c64b.dir/link.txt --verbose=1
/usr/bin/cc   -std=gnu99 -pedantic -pedantic-errors -Wall -Wextra -Wshadow -Wmissing-prototypes -Wdeclaration-after-statement -Wunused -Wfloat-equal -Wpointer-arith -Wwrite-strings -Wformat-security -Wmissing-format-attribute -Wundef -fPIC -fstack-protector -D_GNU_SOURCE -D_LARGEFILE64_SOURCE     CMakeFiles/cmTC_5c64b.dir/CheckIncludeFile.c.o  -o cmTC_5c64b -rdynamic 
make[4]: Leaving directory '/home/ubuntu/local_build/zfp/build_debug/cmocka-build/CMakeFiles/CMakeTmp'
make[3]: Leaving directory '/home/ubuntu/local_build/zfp/build_debug/cmocka-build/CMakeFiles/CMakeTmp'


Determining if the include file time.h exists passed with the following output:
Change Dir: /home/ubuntu/local_build/zfp/build_debug/cmocka-build/CMakeFiles/CMakeTmp

Run Build Command:"/usr/bin/make" "cmTC_4d062/fast"
make[3]: Entering directory '/home/ubuntu/local_build/zfp/build_debug/cmocka-build/CMakeFiles/CMakeTmp'
/usr/bin/make -f CMakeFiles/cmTC_4d062.dir/build.make CMakeFiles/cmTC_4d062.dir/build
make[4]: Entering directory '/home/ubuntu/local_build/zfp/build_debug/cmocka-build/CMakeFiles/CMakeTmp'
Building C object CMakeFiles/cmTC_4d062.dir/CheckIncludeFile.c.o
/usr/bin/cc    -std=gnu99 -pedantic -pedantic-errors -Wall -Wextra -Wshadow -Wmissing-prototypes -Wdeclaration-after-statement -Wunused -Wfloat-equal -Wpointer-arith -Wwrite-strings -Wformat-security -Wmissing-format-attribute -Wundef -fPIC -fstack-protector -D_GNU_SOURCE -D_LARGEFILE64_SOURCE    -o CMakeFiles/cmTC_4d062.dir/CheckIncludeFile.c.o   -c /home/ubuntu/local_build/zfp/build_debug/cmocka-build/CMakeFiles/CMakeTmp/CheckIncludeFile.c
Linking C executable cmTC_4d062
/usr/bin/cmake -E cmake_link_script CMakeFiles/cmTC_4d062.dir/link.txt --verbose=1
/usr/bin/cc   -std=gnu99 -pedantic -pedantic-errors -Wall -Wextra -Wshadow -Wmissing-prototypes -Wdeclaration-after-statement -Wunused -Wfloat-equal -Wpointer-arith -Wwrite-strings -Wformat-security -Wmissing-format-attribute -Wundef -fPIC -fstack-protector -D_GNU_SOURCE -D_LARGEFILE64_SOURCE     CMakeFiles/cmTC_4d062.dir/CheckIncludeFile.c.o  -o cmTC_4d062 -rdynamic 
make[4]: Leaving directory '/home/ubuntu/local_build/zfp/build_debug/cmocka-build/CMakeFiles/CMakeTmp'
make[3]: Leaving directory '/home/ubuntu/local_build/zfp/build_debug/cmocka-build/CMakeFiles/CMakeTmp'


Determining if the include file unistd.h exists passed with the following output:
Change Dir: /home/ubuntu/local_build/zfp/build_debug/cmocka-build/CMakeFiles/CMakeTmp

Run Build Command:"/usr/bin/make" "cmTC_7d064/fast"
make[3]: Entering directory '/home/ubuntu/local_build/zfp/build_debug/cmocka-build/CMakeFiles/CMakeTmp'
/usr/bin/make -f CMakeFiles/cmTC_7d064.dir/build.make CMakeFiles/cmTC_7d064.dir/build
make[4]: Entering directory '/home/ubuntu/local_build/zfp/build_debug/cmocka-build/CMakeFiles/CMakeTmp'
Building C object CMakeFiles/cmTC_7d064.dir/CheckIncludeFile.c.o
/usr/bin/cc    -std=gnu99 -pedantic -pedantic-errors -Wall -Wextra -Wshadow -Wmissing-prototypes -Wdeclaration-after-statement -Wunused -Wfloat-equal -Wpointer-arith -Wwrite-strings -Wformat-security -Wmissing-format-attribute -Wundef -fPIC -fstack-protector -D_GNU_SOURCE -D_LARGEFILE64_SOURCE    -o CMakeFiles/cmTC_7d064.dir/CheckIncludeFile.c.o   -c /home/ubuntu/local_build/zfp/build_debug/cmocka-build/CMakeFiles/CMakeTmp/CheckIncludeFile.c
Linking C executable cmTC_7d064
/usr/bin/cmake -E cmake_link_script CMakeFiles/cmTC_7d064.dir/link.txt --verbose=1
/usr/bin/cc   -std=gnu99 -pedantic -pedantic-errors -Wall -Wextra -Wshadow -Wmissing-prototypes -Wdeclaration-after-statement -Wunused -Wfloat-equal -Wpointer-arith -Wwrite-strings -Wformat-security -Wmissing-format-attribute -Wundef -fPIC -fstack-protector -D_GNU_SOURCE -D_LARGEFILE64_SOURCE     CMakeFiles/cmTC_7d064.dir/CheckIncludeFile.c.o  -o cmTC_7d064 -rdynamic 
make[4]: Leaving directory '/home/ubuntu/local_build/zfp/build_debug/cmocka-build/CMakeFiles/CMakeTmp'
make[3]: Leaving directory '/home/ubuntu/local_build/zfp/build_debug/cmocka-build/CMakeFiles/CMakeTmp'


Performing C SOURCE FILE Test HAVE_STRUCT_TIMESPEC succeeded with the following output:
Change Dir: /home/ubuntu/local_build/zfp/build_debug/cmocka-build/CMakeFiles/CMakeTmp

Run Build Command:"/usr/bin/make" "cmTC_fd060/fast"
make[3]: Entering directory '/home/ubuntu/local_build/zfp/build_debug/cmocka-build/CMakeFiles/CMakeTmp'
/usr/bin/make -f CMakeFiles/cmTC_fd060.dir/build.make CMakeFiles/cmTC_fd060.dir/build
make[4]: Entering directory '/home/ubuntu/local_build/zfp/build_debug/cmocka-build/CMakeFiles/CMakeTmp'
Building C object CMakeFiles/cmTC_fd060.dir/src.c.o
/usr/bin/cc    -std=gnu99 -pedantic -pedantic-errors -Wall -Wextra -Wshadow -Wmissing-prototypes -Wdeclaration-after-statement -Wunused -Wfloat-equal -Wpointer-arith -Wwrite-strings -Wformat-security -Wmissing-format-attribute -Wundef -fPIC -fstack-protector -D_GNU_SOURCE -D_LARGEFILE64_SOURCE -DHAVE_STRUCT_TIMESPEC   -o CMakeFiles/cmTC_fd060.dir/src.c.o   -c /home/ubuntu/local_build/zfp/build_debug/cmocka-build/CMakeFiles/CMakeTmp/src.c
Linking C executable cmTC_fd060
/usr/bin/cmake -E cmake_link_script CMakeFiles/cmTC_fd060.dir/link.txt --verbose=1
/usr/bin/cc   -std=gnu99 -pedantic -pedantic-errors -Wall -Wextra -Wshadow -Wmissing-prototypes -Wdeclaration-after-statement -Wunused -Wfloat-equal -Wpointer-arith -Wwrite-strings -Wformat-security -Wmissing-format-attribute -Wundef -fPIC -fstack-protector -D_GNU_SOURCE -D_LARGEFILE64_SOURCE -DHAVE_STRUCT_TIMESPEC    CMakeFiles/cmTC_fd060.dir/src.c.o  -o cmTC_fd060 -rdynamic 
make[4]: Leaving directory '/home/ubuntu/local_build/zfp/build_debug/cmocka-build/CMakeFiles/CMakeTmp'
make[3]: Leaving directory '/home/ubuntu/local_build/zfp/build_debug/cmocka-build/CMakeFiles/CMakeTmp'

Source file was:

#include <time.h>

int main()
{
   (void)sizeof(((struct timespec *)0)->tv_sec);
   return 0;
}

Determining if the function calloc exists passed with the following output:
Change Dir: /home/ubuntu/local_build/zfp/build_debug/cmocka-build/CMakeFiles/CMakeTmp

Run Build Command:"/usr/bin/make" "cmTC_98bce/fast"
make[3]: Entering directory '/home/ubuntu/local_build/zfp/build_debug/cmocka-build/CMakeFiles/CMakeTmp'
/usr/bin/make -f CMakeFiles/cmTC_98bce.dir/build.make CMakeFiles/cmTC_98bce.dir/build
make[4]: Entering directory '/home/ubuntu/local_build/zfp/build_debug/cmocka-build/CMakeFiles/CMakeTmp'
Building C object CMakeFiles/cmTC_98bce.dir/CheckFunctionExists.c.o
/usr/bin/cc    -std=gnu99 -pedantic -pedantic-errors -Wall -Wextra -Wshadow -Wmissing-prototypes -Wdeclaration-after-statement -Wunused -Wfloat-equal -Wpointer-arith -Wwrite-strings -Wformat-security -Wmissing-format-attribute -Wundef -fPIC -fstack-protector -D_GNU_SOURCE -D_LARGEFILE64_SOURCE -DCHECK_FUNCTION_EXISTS=calloc   -o CMakeFiles/cmTC_98bce.dir/CheckFunctionExists.c.o   -c /usr/share/cmake-3.5/Modules/CheckFunctionExists.c
<command-line>:0:23: warning: conflicting types for built-in function ‘calloc’
/usr/share/cmake-3.5/Modules/CheckFunctionExists.c:6:6: note: in expansion of macro ‘CHECK_FUNCTION_EXISTS’
 char CHECK_FUNCTION_EXISTS();
      ^
Linking C executable cmTC_98bce
/usr/bin/cmake -E cmake_link_script CMakeFiles/cmTC_98bce.dir/link.txt --verbose=1
/usr/bin/cc   -std=gnu99 -pedantic -pedantic-errors -Wall -Wextra -Wshadow -Wmissing-prototypes -Wdeclaration-after-statement -Wunused -Wfloat-equal -Wpointer-arith -Wwrite-strings -Wformat-security -Wmissing-format-attribute -Wundef -fPIC -fstack-protector -D_GNU_SOURCE -D_LARGEFILE64_SOURCE -DCHECK_FUNCTION_EXISTS=calloc    CMakeFiles/cmTC_98bce.dir/CheckFunctionExists.c.o  -o cmTC_98bce -rdynamic 
make[4]: Leaving directory '/home/ubuntu/local_build/zfp/build_debug/cmocka-build/CMakeFiles/CMakeTmp'
make[3]: Leaving directory '/home/ubuntu/local_build/zfp/build_debug/cmocka-build/CMakeFiles/CMakeTmp'


Determining if the function exit exists passed with the following output:
Change Dir: /home/ubuntu/local_build/zfp/build_debug/cmocka-build/CMakeFiles/CMakeTmp

Run Build Command:"/usr/bin/make" "cmTC_1dac3/fast"
make[3]: Entering directory '/home/ubuntu/local_build/zfp/build_debug/cmocka-build/CMakeFiles/CMakeTmp'
/usr/bin/make -f CMakeFiles/cmTC_1dac3.dir/build.make CMakeFiles/cmTC_1dac3.dir/build
make[4]: Entering directory '/home/ubuntu/local_build/zfp/build_debug/cmocka-build/CMakeFiles/CMakeTmp'
Building C object CMakeFiles/cmTC_1dac3.dir/CheckFunctionExists.c.o
/usr/bin/cc    -std=gnu99 -pedantic -pedantic-errors -Wall -Wextra -Wshadow -Wmissing-prototypes -Wdeclaration-after-statement -Wunused -Wfloat-equal -Wpointer-arith -Wwrite-strings -Wformat-security -Wmissing-format-attribute -Wundef -fPIC -fstack-protector -D_GNU_SOURCE -D_LARGEFILE64_SOURCE -DCHECK_FUNCTION_EXISTS=exit   -o CMakeFiles/cmTC_1dac3.dir/CheckFunctionExists.c.o   -c /usr/share/cmake-3.5/Modules/CheckFunctionExists.c
<command-line>:0:23: warning: conflicting types for built-in function ‘exit’
/usr/share/cmake-3.5/Modules/CheckFunctionExists.c:6:6: note: in expansion of macro ‘CHECK_FUNCTION_EXISTS’
 char CHECK_FUNCTION_EXISTS();
      ^
Linking C executable cmTC_1dac3
/usr/bin/cmake -E cmake_link_script CMakeFiles/cmTC_1dac3.dir/link.txt --verbose=1
/usr/bin/cc   -std=gnu99 -pedantic -pedantic-errors -Wall -Wextra -Wshadow -Wmissing-prototypes -Wdeclaration-after-statement -Wunused -Wfloat-equal -Wpointer-arith -Wwrite-strings -Wformat-security -Wmissing-format-attribute -Wundef -fPIC -fstack-protector -D_GNU_SOURCE -D_LARGEFILE64_SOURCE -DCHECK_FUNCTION_EXISTS=exit    CMakeFiles/cmTC_1dac3.dir/CheckFunctionExists.c.o  -o cmTC_1dac3 -rdynamic 
make[4]: Leaving directory '/home/ubuntu/local_build/zfp/build_debug/cmocka-build/CMakeFiles/CMakeTmp'
make[3]: Leaving directory '/home/ubuntu/local_build/zfp/build_debug/cmocka-build/CMakeFiles/CMakeTmp'


Determining if the function fprintf exists passed with the following output:
Change Dir: /home/ubuntu/local_build/zfp/build_debug/cmocka-build/CMakeFiles/CMakeTmp

Run Build Command:"/usr/bin/make" "cmTC_910a9/fast"
make[3]: Entering directory '/home/ubuntu/local_build/zfp/build_debug/cmocka-build/CMakeFiles/CMakeTmp'
/usr/bin/make -f CMakeFiles/cmTC_910a9.dir/build.make CMakeFiles/cmTC_910a9.dir/build
make[4]: Entering directory '/home/ubuntu/local_build/zfp/build_debug/cmocka-build/CMakeFiles/CMakeTmp'
Building C object CMakeFiles/cmTC_910a9.dir/CheckFunctionExists.c.o
/usr/bin/cc    -std=gnu99 -pedantic -pedantic-errors -Wall -Wextra -Wshadow -Wmissing-prototypes -Wdeclaration-after-statement -Wunused -Wfloat-equal -Wpointer-arith -Wwrite-strings -Wformat-security -Wmissing-format-attribute -Wundef -fPIC -fstack-protector -D_GNU_SOURCE -D_LARGEFILE64_SOURCE -DCHECK_FUNCTION_EXISTS=fprintf   -o CMakeFiles/cmTC_910a9.dir/CheckFunctionExists.c.o   -c /usr/share/cmake-3.5/Modules/CheckFunctionExists.c
<command-line>:0:23: warning: conflicting types for built-in function ‘fprintf’
/usr/share/cmake-3.5/Modules/CheckFunctionExists.c:6:6: note: in expansion of macro ‘CHECK_FUNCTION_EXISTS’
 char CHECK_FUNCTION_EXISTS();
      ^
Linking C executable cmTC_910a9
/usr/bin/cmake -E cmake_link_script CMakeFiles/cmTC_910a9.dir/link.txt --verbose=1
/usr/bin/cc   -std=gnu99 -pedantic -pedantic-errors -Wall -Wextra -Wshadow -Wmissing-prototypes -Wdeclaration-after-statement -Wunused -Wfloat-equal -Wpointer-arith -Wwrite-strings -Wformat-security -Wmissing-format-attribute -Wundef -fPIC -fstack-protector -D_GNU_SOURCE -D_LARGEFILE64_SOURCE -DCHECK_FUNCTION_EXISTS=fprintf    CMakeFiles/cmTC_910a9.dir/CheckFunctionExists.c.o  -o cmTC_910a9 -rdynamic 
make[4]: Leaving directory '/home/ubuntu/local_build/zfp/build_debug/cmocka-build/CMakeFiles/CMakeTmp'
make[3]: Leaving directory '/home/ubuntu/local_build/zfp/build_debug/cmocka-build/CMakeFiles/CMakeTmp'


Determining if the function free exists passed with the following output:
Change Dir: /home/ubuntu/local_build/zfp/build_debug/cmocka-build/CMakeFiles/CMakeTmp

Run Build Command:"/usr/bin/make" "cmTC_c882c/fast"
make[3]: Entering directory '/home/ubuntu/local_build/zfp/build_debug/cmocka-build/CMakeFiles/CMakeTmp'
/usr/bin/make -f CMakeFiles/cmTC_c882c.dir/build.make CMakeFiles/cmTC_c882c.dir/build
make[4]: Entering directory '/home/ubuntu/local_build/zfp/build_debug/cmocka-build/CMakeFiles/CMakeTmp'
Building C object CMakeFiles/cmTC_c882c.dir/CheckFunctionExists.c.o
/usr/bin/cc    -std=gnu99 -pedantic -pedantic-errors -Wall -Wextra -Wshadow -Wmissing-prototypes -Wdeclaration-after-statement -Wunused -Wfloat-equal -Wpointer-arith -Wwrite-strings -Wformat-security -Wmissing-format-attribute -Wundef -fPIC -fstack-protector -D_GNU_SOURCE -D_LARGEFILE64_SOURCE -DCHECK_FUNCTION_EXISTS=free   -o CMakeFiles/cmTC_c882c.dir/CheckFunctionExists.c.o   -c /usr/share/cmake-3.5/Modules/CheckFunctionExists.c
<command-line>:0:23: warning: conflicting types for built-in function ‘free’
/usr/share/cmake-3.5/Modules/CheckFunctionExists.c:6:6: note: in expansion of macro ‘CHECK_FUNCTION_EXISTS’
 char CHECK_FUNCTION_EXISTS();
      ^
Linking C executable cmTC_c882c
/usr/bin/cmake -E cmake_link_script CMakeFiles/cmTC_c882c.dir/link.txt --verbose=1
/usr/bin/cc   -std=gnu99 -pedantic -pedantic-errors -Wall -Wextra -Wshadow -Wmissing-prototypes -Wdeclaration-after-statement -Wunused -Wfloat-equal -Wpointer-arith -Wwrite-strings -Wformat-security -Wmissing-format-attribute -Wundef -fPIC -fstack-protector -D_GNU_SOURCE -D_LARGEFILE64_SOURCE -DCHECK_FUNCTION_EXISTS=free    CMakeFiles/cmTC_c882c.dir/CheckFunctionExists.c.o  -o cmTC_c882c -rdynamic 
make[4]: Leaving directory '/home/ubuntu/local_build/zfp/build_debug/cmocka-build/CMakeFiles/CMakeTmp'
make[3]: Leaving directory '/home/ubuntu/local_build/zfp/build_debug/cmocka-build/CMakeFiles/CMakeTmp'


Determining if the function longjmp exists passed with the following output:
Change Dir: /home/ubuntu/local_build/zfp/build_debug/cmocka-build/CMakeFiles/CMakeTmp

Run Build Command:"/usr/bin/make" "cmTC_a3d5b/fast"
make[3]: Entering directory '/home/ubuntu/local_build/zfp/build_debug/cmocka-build/CMakeFiles/CMakeTmp'
/usr/bin/make -f CMakeFiles/cmTC_a3d5b.dir/build.make CMakeFiles/cmTC_a3d5b.dir/build
make[4]: Entering directory '/home/ubuntu/local_build/zfp/build_debug/cmocka-build/CMakeFiles/CMakeTmp'
Building C object CMakeFiles/cmTC_a3d5b.dir/CheckFunctionExists.c.o
/usr/bin/cc    -std=gnu99 -pedantic -pedantic-errors -Wall -Wextra -Wshadow -Wmissing-prototypes -Wdeclaration-after-statement -Wunused -Wfloat-equal -Wpointer-arith -Wwrite-strings -Wformat-security -Wmissing-format-attribute -Wundef -fPIC -fstack-protector -D_GNU_SOURCE -D_LARGEFILE64_SOURCE -DCHECK_FUNCTION_EXISTS=longjmp   -o CMakeFiles/cmTC_a3d5b.dir/CheckFunctionExists.c.o   -c /usr/share/cmake-3.5/Modules/CheckFunctionExists.c
Linking C executable cmTC_a3d5b
/usr/bin/cmake -E cmake_link_script CMakeFiles/cmTC_a3d5b.dir/link.txt --verbose=1
/usr/bin/cc   -std=gnu99 -pedantic -pedantic-errors -Wall -Wextra -Wshadow -Wmissing-prototypes -Wdeclaration-after-statement -Wunused -Wfloat-equal -Wpointer-arith -Wwrite-strings -Wformat-security -Wmissing-format-attribute -Wundef -fPIC -fstack-protector -D_GNU_SOURCE -D_LARGEFILE64_SOURCE -DCHECK_FUNCTION_EXISTS=longjmp    CMakeFiles/cmTC_a3d5b.dir/CheckFunctionExists.c.o  -o cmTC_a3d5b -rdynamic 
make[4]: Leaving directory '/home/ubuntu/local_build/zfp/build_debug/cmocka-build/CMakeFiles/CMakeTmp'
make[3]: Leaving directory '/home/ubuntu/local_build/zfp/build_debug/cmocka-build/CMakeFiles/CMakeTmp'


Determining if the function siglongjmp exists passed with the following output:
Change Dir: /home/ubuntu/local_build/zfp/build_debug/cmocka-build/CMakeFiles/CMakeTmp

Run Build Command:"/usr/bin/make" "cmTC_072a8/fast"
make[3]: Entering directory '/home/ubuntu/local_build/zfp/build_debug/cmocka-build/CMakeFiles/CMakeTmp'
/usr/bin/make -f CMakeFiles/cmTC_072a8.dir/build.make CMakeFiles/cmTC_072a8.dir/build
make[4]: Entering directory '/home/ubuntu/local_build/zfp/build_debug/cmocka-build/CMakeFiles/CMakeTmp'
Building C object CMakeFiles/cmTC_072a8.dir/CheckFunctionExists.c.o
/usr/bin/cc    -std=gnu99 -pedantic -pedantic-errors -Wall -Wextra -Wshadow -Wmissing-prototypes -Wdeclaration-after-statement -Wunused -Wfloat-equal -Wpointer-arith -Wwrite-strings -Wformat-security -Wmissing-format-attribute -Wundef -fPIC -fstack-protector -D_GNU_SOURCE -D_LARGEFILE64_SOURCE -DCHECK_FUNCTION_EXISTS=siglongjmp   -o CMakeFiles/cmTC_072a8.dir/CheckFunctionExists.c.o   -c /usr/share/cmake-3.5/Modules/CheckFunctionExists.c
Linking C executable cmTC_072a8
/usr/bin/cmake -E cmake_link_script CMakeFiles/cmTC_072a8.dir/link.txt --verbose=1
/usr/bin/cc   -std=gnu99 -pedantic -pedantic-errors -Wall -Wextra -Wshadow -Wmissing-prototypes -Wdeclaration-after-statement -Wunused -Wfloat-equal -Wpointer-arith -Wwrite-strings -Wformat-security -Wmissing-format-attribute -Wundef -fPIC -fstack-protector -D_GNU_SOURCE -D_LARGEFILE64_SOURCE -DCHECK_FUNCTION_EXISTS=siglongjmp    CMakeFiles/cmTC_072a8.dir/CheckFunctionExists.c.o  -o cmTC_072a8 -rdynamic 
make[4]: Leaving directory '/home/ubuntu/local_build/zfp/build_debug/cmocka-build/CMakeFiles/CMakeTmp'
make[3]: Leaving directory '/home/ubuntu/local_build/zfp/build_debug/cmocka-build/CMakeFiles/CMakeTmp'


Determining if the function malloc exists passed with the following output:
Change Dir: /home/ubuntu/local_build/zfp/build_debug/cmocka-build/CMakeFiles/CMakeTmp

Run Build Command:"/usr/bin/make" "cmTC_f8312/fast"
make[3]: Entering directory '/home/ubuntu/local_build/zfp/build_debug/cmocka-build/CMakeFiles/CMakeTmp'
/usr/bin/make -f CMakeFiles/cmTC_f8312.dir/build.make CMakeFiles/cmTC_f8312.dir/build
make[4]: Entering directory '/home/ubuntu/local_build/zfp/build_debug/cmocka-build/CMakeFiles/CMakeTmp'
Building C object CMakeFiles/cmTC_f8312.dir/CheckFunctionExists.c.o
/usr/bin/cc    -std=gnu99 -pedantic -pedantic-errors -Wall -Wextra -Wshadow -Wmissing-prototypes -Wdeclaration-after-statement -Wunused -Wfloat-equal -Wpointer-arith -Wwrite-strings -Wformat-security -Wmissing-format-attribute -Wundef -fPIC -fstack-protector -D_GNU_SOURCE -D_LARGEFILE64_SOURCE -DCHECK_FUNCTION_EXISTS=malloc   -o CMakeFiles/cmTC_f8312.dir/CheckFunctionExists.c.o   -c /usr/share/cmake-3.5/Modules/CheckFunctionExists.c
<command-line>:0:23: warning: conflicting types for built-in function ‘malloc’
/usr/share/cmake-3.5/Modules/CheckFunctionExists.c:6:6: note: in expansion of macro ‘CHECK_FUNCTION_EXISTS’
 char CHECK_FUNCTION_EXISTS();
      ^
Linking C executable cmTC_f8312
/usr/bin/cmake -E cmake_link_script CMakeFiles/cmTC_f8312.dir/link.txt --verbose=1
/usr/bin/cc   -std=gnu99 -pedantic -pedantic-errors -Wall -Wextra -Wshadow -Wmissing-prototypes -Wdeclaration-after-statement -Wunused -Wfloat-equal -Wpointer-arith -Wwrite-strings -Wformat-security -Wmissing-format-attribute -Wundef -fPIC -fstack-protector -D_GNU_SOURCE -D_LARGEFILE64_SOURCE -DCHECK_FUNCTION_EXISTS=malloc    CMakeFiles/cmTC_f8312.dir/CheckFunctionExists.c.o  -o cmTC_f8312 -rdynamic 
make[4]: Leaving directory '/home/ubuntu/local_build/zfp/build_debug/cmocka-build/CMakeFiles/CMakeTmp'
make[3]: Leaving directory '/home/ubuntu/local_build/zfp/build_debug/cmocka-build/CMakeFiles/CMakeTmp'


Determining if the function memcpy exists passed with the following output:
Change Dir: /home/ubuntu/local_build/zfp/build_debug/cmocka-build/CMakeFiles/CMakeTmp

Run Build Command:"/usr/bin/make" "cmTC_6c897/fast"
make[3]: Entering directory '/home/ubuntu/local_build/zfp/build_debug/cmocka-build/CMakeFiles/CMakeTmp'
/usr/bin/make -f CMakeFiles/cmTC_6c897.dir/build.make CMakeFiles/cmTC_6c897.dir/build
make[4]: Entering directory '/home/ubuntu/local_build/zfp/build_debug/cmocka-build/CMakeFiles/CMakeTmp'
Building C object CMakeFiles/cmTC_6c897.dir/CheckFunctionExists.c.o
/usr/bin/cc    -std=gnu99 -pedantic -pedantic-errors -Wall -Wextra -Wshadow -Wmissing-prototypes -Wdeclaration-after-statement -Wunused -Wfloat-equal -Wpointer-arith -Wwrite-strings -Wformat-security -Wmissing-format-attribute -Wundef -fPIC -fstack-protector -D_GNU_SOURCE -D_LARGEFILE64_SOURCE -DCHECK_FUNCTION_EXISTS=memcpy   -o CMakeFiles/cmTC_6c897.dir/CheckFunctionExists.c.o   -c /usr/share/cmake-3.5/Modules/CheckFunctionExists.c
<command-line>:0:23: warning: conflicting types for built-in function ‘memcpy’
/usr/share/cmake-3.5/Modules/CheckFunctionExists.c:6:6: note: in expansion of macro ‘CHECK_FUNCTION_EXISTS’
 char CHECK_FUNCTION_EXISTS();
      ^
Linking C executable cmTC_6c897
/usr/bin/cmake -E cmake_link_script CMakeFiles/cmTC_6c897.dir/link.txt --verbose=1
/usr/bin/cc   -std=gnu99 -pedantic -pedantic-errors -Wall -Wextra -Wshadow -Wmissing-prototypes -Wdeclaration-after-statement -Wunused -Wfloat-equal -Wpointer-arith -Wwrite-strings -Wformat-security -Wmissing-format-attribute -Wundef -fPIC -fstack-protector -D_GNU_SOURCE -D_LARGEFILE64_SOURCE -DCHECK_FUNCTION_EXISTS=memcpy    CMakeFiles/cmTC_6c897.dir/CheckFunctionExists.c.o  -o cmTC_6c897 -rdynamic 
make[4]: Leaving directory '/home/ubuntu/local_build/zfp/build_debug/cmocka-build/CMakeFiles/CMakeTmp'
make[3]: Leaving directory '/home/ubuntu/local_build/zfp/build_debug/cmocka-build/CMakeFiles/CMakeTmp'


Determining if the function memset exists passed with the following output:
Change Dir: /home/ubuntu/local_build/zfp/build_debug/cmocka-build/CMakeFiles/CMakeTmp

Run Build Command:"/usr/bin/make" "cmTC_bbca6/fast"
make[3]: Entering directory '/home/ubuntu/local_build/zfp/build_debug/cmocka-build/CMakeFiles/CMakeTmp'
/usr/bin/make -f CMakeFiles/cmTC_bbca6.dir/build.make CMakeFiles/cmTC_bbca6.dir/build
make[4]: Entering directory '/home/ubuntu/local_build/zfp/build_debug/cmocka-build/CMakeFiles/CMakeTmp'
Building C object CMakeFiles/cmTC_bbca6.dir/CheckFunctionExists.c.o
/usr/bin/cc    -std=gnu99 -pedantic -pedantic-errors -Wall -Wextra -Wshadow -Wmissing-prototypes -Wdeclaration-after-statement -Wunused -Wfloat-equal -Wpointer-arith -Wwrite-strings -Wformat-security -Wmissing-format-attribute -Wundef -fPIC -fstack-protector -D_GNU_SOURCE -D_LARGEFILE64_SOURCE -DCHECK_FUNCTION_EXISTS=memset   -o CMakeFiles/cmTC_bbca6.dir/CheckFunctionExists.c.o   -c /usr/share/cmake-3.5/Modules/CheckFunctionExists.c
<command-line>:0:23: warning: conflicting types for built-in function ‘memset’
/usr/share/cmake-3.5/Modules/CheckFunctionExists.c:6:6: note: in expansion of macro ‘CHECK_FUNCTION_EXISTS’
 char CHECK_FUNCTION_EXISTS();
      ^
Linking C executable cmTC_bbca6
/usr/bin/cmake -E cmake_link_script CMakeFiles/cmTC_bbca6.dir/link.txt --verbose=1
/usr/bin/cc   -std=gnu99 -pedantic -pedantic-errors -Wall -Wextra -Wshadow -Wmissing-prototypes -Wdeclaration-after-statement -Wunused -Wfloat-equal -Wpointer-arith -Wwrite-strings -Wformat-security -Wmissing-format-attribute -Wundef -fPIC -fstack-protector -D_GNU_SOURCE -D_LARGEFILE64_SOURCE -DCHECK_FUNCTION_EXISTS=memset    CMakeFiles/cmTC_bbca6.dir/CheckFunctionExists.c.o  -o cmTC_bbca6 -rdynamic 
make[4]: Leaving directory '/home/ubuntu/local_build/zfp/build_debug/cmocka-build/CMakeFiles/CMakeTmp'
make[3]: Leaving directory '/home/ubuntu/local_build/zfp/build_debug/cmocka-build/CMakeFiles/CMakeTmp'


Determining if the function printf exists passed with the following output:
Change Dir: /home/ubuntu/local_build/zfp/build_debug/cmocka-build/CMakeFiles/CMakeTmp

Run Build Command:"/usr/bin/make" "cmTC_13bce/fast"
make[3]: Entering directory '/home/ubuntu/local_build/zfp/build_debug/cmocka-build/CMakeFiles/CMakeTmp'
/usr/bin/make -f CMakeFiles/cmTC_13bce.dir/build.make CMakeFiles/cmTC_13bce.dir/build
make[4]: Entering directory '/home/ubuntu/local_build/zfp/build_debug/cmocka-build/CMakeFiles/CMakeTmp'
Building C object CMakeFiles/cmTC_13bce.dir/CheckFunctionExists.c.o
/usr/bin/cc    -std=gnu99 -pedantic -pedantic-errors -Wall -Wextra -Wshadow -Wmissing-prototypes -Wdeclaration-after-statement -Wunused -Wfloat-equal -Wpointer-arith -Wwrite-strings -Wformat-security -Wmissing-format-attribute -Wundef -fPIC -fstack-protector -D_GNU_SOURCE -D_LARGEFILE64_SOURCE -DCHECK_FUNCTION_EXISTS=printf   -o CMakeFiles/cmTC_13bce.dir/CheckFunctionExists.c.o   -c /usr/share/cmake-3.5/Modules/CheckFunctionExists.c
<command-line>:0:23: warning: conflicting types for built-in function ‘printf’
/usr/share/cmake-3.5/Modules/CheckFunctionExists.c:6:6: note: in expansion of macro ‘CHECK_FUNCTION_EXISTS’
 char CHECK_FUNCTION_EXISTS();
      ^
Linking C executable cmTC_13bce
/usr/bin/cmake -E cmake_link_script CMakeFiles/cmTC_13bce.dir/link.txt --verbose=1
/usr/bin/cc   -std=gnu99 -pedantic -pedantic-errors -Wall -Wextra -Wshadow -Wmissing-prototypes -Wdeclaration-after-statement -Wunused -Wfloat-equal -Wpointer-arith -Wwrite-strings -Wformat-security -Wmissing-format-attribute -Wundef -fPIC -fstack-protector -D_GNU_SOURCE -D_LARGEFILE64_SOURCE -DCHECK_FUNCTION_EXISTS=printf    CMakeFiles/cmTC_13bce.dir/CheckFunctionExists.c.o  -o cmTC_13bce -rdynamic 
make[4]: Leaving directory '/home/ubuntu/local_build/zfp/build_debug/cmocka-build/CMakeFiles/CMakeTmp'
make[3]: Leaving directory '/home/ubuntu/local_build/zfp/build_debug/cmocka-build/CMakeFiles/CMakeTmp'


Determining if the function setjmp exists passed with the following output:
Change Dir: /home/ubuntu/local_build/zfp/build_debug/cmocka-build/CMakeFiles/CMakeTmp

Run Build Command:"/usr/bin/make" "cmTC_9b181/fast"
make[3]: Entering directory '/home/ubuntu/local_build/zfp/build_debug/cmocka-build/CMakeFiles/CMakeTmp'
/usr/bin/make -f CMakeFiles/cmTC_9b181.dir/build.make CMakeFiles/cmTC_9b181.dir/build
make[4]: Entering directory '/home/ubuntu/local_build/zfp/build_debug/cmocka-build/CMakeFiles/CMakeTmp'
Building C object CMakeFiles/cmTC_9b181.dir/CheckFunctionExists.c.o
/usr/bin/cc    -std=gnu99 -pedantic -pedantic-errors -Wall -Wextra -Wshadow -Wmissing-prototypes -Wdeclaration-after-statement -Wunused -Wfloat-equal -Wpointer-arith -Wwrite-strings -Wformat-security -Wmissing-format-attribute -Wundef -fPIC -fstack-protector -D_GNU_SOURCE -D_LARGEFILE64_SOURCE -DCHECK_FUNCTION_EXISTS=setjmp   -o CMakeFiles/cmTC_9b181.dir/CheckFunctionExists.c.o   -c /usr/share/cmake-3.5/Modules/CheckFunctionExists.c
Linking C executable cmTC_9b181
/usr/bin/cmake -E cmake_link_script CMakeFiles/cmTC_9b181.dir/link.txt --verbose=1
/usr/bin/cc   -std=gnu99 -pedantic -pedantic-errors -Wall -Wextra -Wshadow -Wmissing-prototypes -Wdeclaration-after-statement -Wunused -Wfloat-equal -Wpointer-arith -Wwrite-strings -Wformat-security -Wmissing-format-attribute -Wundef -fPIC -fstack-protector -D_GNU_SOURCE -D_LARGEFILE64_SOURCE -DCHECK_FUNCTION_EXISTS=setjmp    CMakeFiles/cmTC_9b181.dir/CheckFunctionExists.c.o  -o cmTC_9b181 -rdynamic 
make[4]: Leaving directory '/home/ubuntu/local_build/zfp/build_debug/cmocka-build/CMakeFiles/CMakeTmp'
make[3]: Leaving directory '/home/ubuntu/local_build/zfp/build_debug/cmocka-build/CMakeFiles/CMakeTmp'


Determining if the function signal exists passed with the following output:
Change Dir: /home/ubuntu/local_build/zfp/build_debug/cmocka-build/CMakeFiles/CMakeTmp

Run Build Command:"/usr/bin/make" "cmTC_ede43/fast"
make[3]: Entering directory '/home/ubuntu/local_build/zfp/build_debug/cmocka-build/CMakeFiles/CMakeTmp'
/usr/bin/make -f CMakeFiles/cmTC_ede43.dir/build.make CMakeFiles/cmTC_ede43.dir/build
make[4]: Entering directory '/home/ubuntu/local_build/zfp/build_debug/cmocka-build/CMakeFiles/CMakeTmp'
Building C object CMakeFiles/cmTC_ede43.dir/CheckFunctionExists.c.o
/usr/bin/cc    -std=gnu99 -pedantic -pedantic-errors -Wall -Wextra -Wshadow -Wmissing-prototypes -Wdeclaration-after-statement -Wunused -Wfloat-equal -Wpointer-arith -Wwrite-strings -Wformat-security -Wmissing-format-attribute -Wundef -fPIC -fstack-protector -D_GNU_SOURCE -D_LARGEFILE64_SOURCE -DCHECK_FUNCTION_EXISTS=signal   -o CMakeFiles/cmTC_ede43.dir/CheckFunctionExists.c.o   -c /usr/share/cmake-3.5/Modules/CheckFunctionExists.c
Linking C executable cmTC_ede43
/usr/bin/cmake -E cmake_link_script CMakeFiles/cmTC_ede43.dir/link.txt --verbose=1
/usr/bin/cc   -std=gnu99 -pedantic -pedantic-errors -Wall -Wextra -Wshadow -Wmissing-prototypes -Wdeclaration-after-statement -Wunused -Wfloat-equal -Wpointer-arith -Wwrite-strings -Wformat-security -Wmissing-format-attribute -Wundef -fPIC -fstack-protector -D_GNU_SOURCE -D_LARGEFILE64_SOURCE -DCHECK_FUNCTION_EXISTS=signal    CMakeFiles/cmTC_ede43.dir/CheckFunctionExists.c.o  -o cmTC_ede43 -rdynamic 
make[4]: Leaving directory '/home/ubuntu/local_build/zfp/build_debug/cmocka-build/CMakeFiles/CMakeTmp'
make[3]: Leaving directory '/home/ubuntu/local_build/zfp/build_debug/cmocka-build/CMakeFiles/CMakeTmp'


Determining if the function strsignal exists passed with the following output:
Change Dir: /home/ubuntu/local_build/zfp/build_debug/cmocka-build/CMakeFiles/CMakeTmp

Run Build Command:"/usr/bin/make" "cmTC_12ca9/fast"
make[3]: Entering directory '/home/ubuntu/local_build/zfp/build_debug/cmocka-build/CMakeFiles/CMakeTmp'
/usr/bin/make -f CMakeFiles/cmTC_12ca9.dir/build.make CMakeFiles/cmTC_12ca9.dir/build
make[4]: Entering directory '/home/ubuntu/local_build/zfp/build_debug/cmocka-build/CMakeFiles/CMakeTmp'
Building C object CMakeFiles/cmTC_12ca9.dir/CheckFunctionExists.c.o
/usr/bin/cc    -std=gnu99 -pedantic -pedantic-errors -Wall -Wextra -Wshadow -Wmissing-prototypes -Wdeclaration-after-statement -Wunused -Wfloat-equal -Wpointer-arith -Wwrite-strings -Wformat-security -Wmissing-format-attribute -Wundef -fPIC -fstack-protector -D_GNU_SOURCE -D_LARGEFILE64_SOURCE -DCHECK_FUNCTION_EXISTS=strsignal   -o CMakeFiles/cmTC_12ca9.dir/CheckFunctionExists.c.o   -c /usr/share/cmake-3.5/Modules/CheckFunctionExists.c
Linking C executable cmTC_12ca9
/usr/bin/cmake -E cmake_link_script CMakeFiles/cmTC_12ca9.dir/link.txt --verbose=1
/usr/bin/cc   -std=gnu99 -pedantic -pedantic-errors -Wall -Wextra -Wshadow -Wmissing-prototypes -Wdeclaration-after-statement -Wunused -Wfloat-equal -Wpointer-arith -Wwrite-strings -Wformat-security -Wmissing-format-attribute -Wundef -fPIC -fstack-protector -D_GNU_SOURCE -D_LARGEFILE64_SOURCE -DCHECK_FUNCTION_EXISTS=strsignal    CMakeFiles/cmTC_12ca9.dir/CheckFunctionExists.c.o  -o cmTC_12ca9 -rdynamic 
make[4]: Leaving directory '/home/ubuntu/local_build/zfp/build_debug/cmocka-build/CMakeFiles/CMakeTmp'
make[3]: Leaving directory '/home/ubuntu/local_build/zfp/build_debug/cmocka-build/CMakeFiles/CMakeTmp'


Determining if the function strcmp exists passed with the following output:
Change Dir: /home/ubuntu/local_build/zfp/build_debug/cmocka-build/CMakeFiles/CMakeTmp

Run Build Command:"/usr/bin/make" "cmTC_755c1/fast"
make[3]: Entering directory '/home/ubuntu/local_build/zfp/build_debug/cmocka-build/CMakeFiles/CMakeTmp'
/usr/bin/make -f CMakeFiles/cmTC_755c1.dir/build.make CMakeFiles/cmTC_755c1.dir/build
make[4]: Entering directory '/home/ubuntu/local_build/zfp/build_debug/cmocka-build/CMakeFiles/CMakeTmp'
Building C object CMakeFiles/cmTC_755c1.dir/CheckFunctionExists.c.o
/usr/bin/cc    -std=gnu99 -pedantic -pedantic-errors -Wall -Wextra -Wshadow -Wmissing-prototypes -Wdeclaration-after-statement -Wunused -Wfloat-equal -Wpointer-arith -Wwrite-strings -Wformat-security -Wmissing-format-attribute -Wundef -fPIC -fstack-protector -D_GNU_SOURCE -D_LARGEFILE64_SOURCE -DCHECK_FUNCTION_EXISTS=strcmp   -o CMakeFiles/cmTC_755c1.dir/CheckFunctionExists.c.o   -c /usr/share/cmake-3.5/Modules/CheckFunctionExists.c
<command-line>:0:23: warning: conflicting types for built-in function ‘strcmp’
/usr/share/cmake-3.5/Modules/CheckFunctionExists.c:6:6: note: in expansion of macro ‘CHECK_FUNCTION_EXISTS’
 char CHECK_FUNCTION_EXISTS();
      ^
Linking C executable cmTC_755c1
/usr/bin/cmake -E cmake_link_script CMakeFiles/cmTC_755c1.dir/link.txt --verbose=1
/usr/bin/cc   -std=gnu99 -pedantic -pedantic-errors -Wall -Wextra -Wshadow -Wmissing-prototypes -Wdeclaration-after-statement -Wunused -Wfloat-equal -Wpointer-arith -Wwrite-strings -Wformat-security -Wmissing-format-attribute -Wundef -fPIC -fstack-protector -D_GNU_SOURCE -D_LARGEFILE64_SOURCE -DCHECK_FUNCTION_EXISTS=strcmp    CMakeFiles/cmTC_755c1.dir/CheckFunctionExists.c.o  -o cmTC_755c1 -rdynamic 
make[4]: Leaving directory '/home/ubuntu/local_build/zfp/build_debug/cmocka-build/CMakeFiles/CMakeTmp'
make[3]: Leaving directory '/home/ubuntu/local_build/zfp/build_debug/cmocka-build/CMakeFiles/CMakeTmp'


Determining if the function clock_gettime exists passed with the following output:
Change Dir: /home/ubuntu/local_build/zfp/build_debug/cmocka-build/CMakeFiles/CMakeTmp

Run Build Command:"/usr/bin/make" "cmTC_400cc/fast"
make[3]: Entering directory '/home/ubuntu/local_build/zfp/build_debug/cmocka-build/CMakeFiles/CMakeTmp'
/usr/bin/make -f CMakeFiles/cmTC_400cc.dir/build.make CMakeFiles/cmTC_400cc.dir/build
make[4]: Entering directory '/home/ubuntu/local_build/zfp/build_debug/cmocka-build/CMakeFiles/CMakeTmp'
Building C object CMakeFiles/cmTC_400cc.dir/CheckFunctionExists.c.o
/usr/bin/cc    -std=gnu99 -pedantic -pedantic-errors -Wall -Wextra -Wshadow -Wmissing-prototypes -Wdeclaration-after-statement -Wunused -Wfloat-equal -Wpointer-arith -Wwrite-strings -Wformat-security -Wmissing-format-attribute -Wundef -fPIC -fstack-protector -D_GNU_SOURCE -D_LARGEFILE64_SOURCE -DCHECK_FUNCTION_EXISTS=clock_gettime   -o CMakeFiles/cmTC_400cc.dir/CheckFunctionExists.c.o   -c /usr/share/cmake-3.5/Modules/CheckFunctionExists.c
Linking C executable cmTC_400cc
/usr/bin/cmake -E cmake_link_script CMakeFiles/cmTC_400cc.dir/link.txt --verbose=1
/usr/bin/cc   -std=gnu99 -pedantic -pedantic-errors -Wall -Wextra -Wshadow -Wmissing-prototypes -Wdeclaration-after-statement -Wunused -Wfloat-equal -Wpointer-arith -Wwrite-strings -Wformat-security -Wmissing-format-attribute -Wundef -fPIC -fstack-protector -D_GNU_SOURCE -D_LARGEFILE64_SOURCE -DCHECK_FUNCTION_EXISTS=clock_gettime    CMakeFiles/cmTC_400cc.dir/CheckFunctionExists.c.o  -o cmTC_400cc -rdynamic 
make[4]: Leaving directory '/home/ubuntu/local_build/zfp/build_debug/cmocka-build/CMakeFiles/CMakeTmp'
make[3]: Leaving directory '/home/ubuntu/local_build/zfp/build_debug/cmocka-build/CMakeFiles/CMakeTmp'


Determining if the function sprintf exists passed with the following output:
Change Dir: /home/ubuntu/local_build/zfp/build_debug/cmocka-build/CMakeFiles/CMakeTmp

Run Build Command:"/usr/bin/make" "cmTC_cf4bc/fast"
make[3]: Entering directory '/home/ubuntu/local_build/zfp/build_debug/cmocka-build/CMakeFiles/CMakeTmp'
/usr/bin/make -f CMakeFiles/cmTC_cf4bc.dir/build.make CMakeFiles/cmTC_cf4bc.dir/build
make[4]: Entering directory '/home/ubuntu/local_build/zfp/build_debug/cmocka-build/CMakeFiles/CMakeTmp'
Building C object CMakeFiles/cmTC_cf4bc.dir/CheckFunctionExists.c.o
/usr/bin/cc    -std=gnu99 -pedantic -pedantic-errors -Wall -Wextra -Wshadow -Wmissing-prototypes -Wdeclaration-after-statement -Wunused -Wfloat-equal -Wpointer-arith -Wwrite-strings -Wformat-security -Wmissing-format-attribute -Wundef -fPIC -fstack-protector -D_GNU_SOURCE -D_LARGEFILE64_SOURCE -DCHECK_FUNCTION_EXISTS=sprintf   -o CMakeFiles/cmTC_cf4bc.dir/CheckFunctionExists.c.o   -c /usr/share/cmake-3.5/Modules/CheckFunctionExists.c
<command-line>:0:23: warning: conflicting types for built-in function ‘sprintf’
/usr/share/cmake-3.5/Modules/CheckFunctionExists.c:6:6: note: in expansion of macro ‘CHECK_FUNCTION_EXISTS’
 char CHECK_FUNCTION_EXISTS();
      ^
Linking C executable cmTC_cf4bc
/usr/bin/cmake -E cmake_link_script CMakeFiles/cmTC_cf4bc.dir/link.txt --verbose=1
/usr/bin/cc   -std=gnu99 -pedantic -pedantic-errors -Wall -Wextra -Wshadow -Wmissing-prototypes -Wdeclaration-after-statement -Wunused -Wfloat-equal -Wpointer-arith -Wwrite-strings -Wformat-security -Wmissing-format-attribute -Wundef -fPIC -fstack-protector -D_GNU_SOURCE -D_LARGEFILE64_SOURCE -DCHECK_FUNCTION_EXISTS=sprintf    CMakeFiles/cmTC_cf4bc.dir/CheckFunctionExists.c.o  -o cmTC_cf4bc -rdynamic 
make[4]: Leaving directory '/home/ubuntu/local_build/zfp/build_debug/cmocka-build/CMakeFiles/CMakeTmp'
make[3]: Leaving directory '/home/ubuntu/local_build/zfp/build_debug/cmocka-build/CMakeFiles/CMakeTmp'


Determining if the function vsnprintf exists passed with the following output:
Change Dir: /home/ubuntu/local_build/zfp/build_debug/cmocka-build/CMakeFiles/CMakeTmp

Run Build Command:"/usr/bin/make" "cmTC_febcc/fast"
make[3]: Entering directory '/home/ubuntu/local_build/zfp/build_debug/cmocka-build/CMakeFiles/CMakeTmp'
/usr/bin/make -f CMakeFiles/cmTC_febcc.dir/build.make CMakeFiles/cmTC_febcc.dir/build
make[4]: Entering directory '/home/ubuntu/local_build/zfp/build_debug/cmocka-build/CMakeFiles/CMakeTmp'
Building C object CMakeFiles/cmTC_febcc.dir/CheckFunctionExists.c.o
/usr/bin/cc    -std=gnu99 -pedantic -pedantic-errors -Wall -Wextra -Wshadow -Wmissing-prototypes -Wdeclaration-after-statement -Wunused -Wfloat-equal -Wpointer-arith -Wwrite-strings -Wformat-security -Wmissing-format-attribute -Wundef -fPIC -fstack-protector -D_GNU_SOURCE -D_LARGEFILE64_SOURCE -DCHECK_FUNCTION_EXISTS=vsnprintf   -o CMakeFiles/cmTC_febcc.dir/CheckFunctionExists.c.o   -c /usr/share/cmake-3.5/Modules/CheckFunctionExists.c
<command-line>:0:23: warning: conflicting types for built-in function ‘vsnprintf’
/usr/share/cmake-3.5/Modules/CheckFunctionExists.c:6:6: note: in expansion of macro ‘CHECK_FUNCTION_EXISTS’
 char CHECK_FUNCTION_EXISTS();
      ^
Linking C executable cmTC_febcc
/usr/bin/cmake -E cmake_link_script CMakeFiles/cmTC_febcc.dir/link.txt --verbose=1
/usr/bin/cc   -std=gnu99 -pedantic -pedantic-errors -Wall -Wextra -Wshadow -Wmissing-prototypes -Wdeclaration-after-statement -Wunused -Wfloat-equal -Wpointer-arith -Wwrite-strings -Wformat-security -Wmissing-format-attribute -Wundef -fPIC -fstack-protector -D_GNU_SOURCE -D_LARGEFILE64_SOURCE -DCHECK_FUNCTION_EXISTS=vsnprintf    CMakeFiles/cmTC_febcc.dir/CheckFunctionExists.c.o  -o cmTC_febcc -rdynamic 
make[4]: Leaving directory '/home/ubuntu/local_build/zfp/build_debug/cmocka-build/CMakeFiles/CMakeTmp'
make[3]: Leaving directory '/home/ubuntu/local_build/zfp/build_debug/cmocka-build/CMakeFiles/CMakeTmp'


Performing C SOURCE FILE Test HAVE_GCC_THREAD_LOCAL_STORAGE succeeded with the following output:
Change Dir: /home/ubuntu/local_build/zfp/build_debug/cmocka-build/CMakeFiles/CMakeTmp

Run Build Command:"/usr/bin/make" "cmTC_77c1d/fast"
make[3]: Entering directory '/home/ubuntu/local_build/zfp/build_debug/cmocka-build/CMakeFiles/CMakeTmp'
/usr/bin/make -f CMakeFiles/cmTC_77c1d.dir/build.make CMakeFiles/cmTC_77c1d.dir/build
make[4]: Entering directory '/home/ubuntu/local_build/zfp/build_debug/cmocka-build/CMakeFiles/CMakeTmp'
Building C object CMakeFiles/cmTC_77c1d.dir/src.c.o
/usr/bin/cc    -std=gnu99 -pedantic -pedantic-errors -Wall -Wextra -Wshadow -Wmissing-prototypes -Wdeclaration-after-statement -Wunused -Wfloat-equal -Wpointer-arith -Wwrite-strings -Wformat-security -Wmissing-format-attribute -Wundef -fPIC -fstack-protector -D_GNU_SOURCE -D_LARGEFILE64_SOURCE -DHAVE_GCC_THREAD_LOCAL_STORAGE   -o CMakeFiles/cmTC_77c1d.dir/src.c.o   -c /home/ubuntu/local_build/zfp/build_debug/cmocka-build/CMakeFiles/CMakeTmp/src.c
Linking C executable cmTC_77c1d
/usr/bin/cmake -E cmake_link_script CMakeFiles/cmTC_77c1d.dir/link.txt --verbose=1
/usr/bin/cc   -std=gnu99 -pedantic -pedantic-errors -Wall -Wextra -Wshadow -Wmissing-prototypes -Wdeclaration-after-statement -Wunused -Wfloat-equal -Wpointer-arith -Wwrite-strings -Wformat-security -Wmissing-format-attribute -Wundef -fPIC -fstack-protector -D_GNU_SOURCE -D_LARGEFILE64_SOURCE -DHAVE_GCC_THREAD_LOCAL_STORAGE    CMakeFiles/cmTC_77c1d.dir/src.c.o  -o cmTC_77c1d -rdynamic 
make[4]: Leaving directory '/home/ubuntu/local_build/zfp/build_debug/cmocka-build/CMakeFiles/CMakeTmp'
make[3]: Leaving directory '/home/ubuntu/local_build/zfp/build_debug/cmocka-build/CMakeFiles/CMakeTmp'

Source file was:

__thread int tls;

int main(void) {
    return 0;
}
Performing C SOURCE FILE Test HAVE_CLOCK_GETTIME_REALTIME succeeded with the following output:
Change Dir: /home/ubuntu/local_build/zfp/build_debug/cmocka-build/CMakeFiles/CMakeTmp

Run Build Command:"/usr/bin/make" "cmTC_e68e1/fast"
make[3]: Entering directory '/home/ubuntu/local_build/zfp/build_debug/cmocka-build/CMakeFiles/CMakeTmp'
/usr/bin/make -f CMakeFiles/cmTC_e68e1.dir/build.make CMakeFiles/cmTC_e68e1.dir/build
make[4]: Entering directory '/home/ubuntu/local_build/zfp/build_debug/cmocka-build/CMakeFiles/CMakeTmp'
Building C object CMakeFiles/cmTC_e68e1.dir/src.c.o
/usr/bin/cc    -std=gnu99 -pedantic -pedantic-errors -Wall -Wextra -Wshadow -Wmissing-prototypes -Wdeclaration-after-statement -Wunused -Wfloat-equal -Wpointer-arith -Wwrite-strings -Wformat-security -Wmissing-format-attribute -Wundef -fPIC -fstack-protector -D_GNU_SOURCE -D_LARGEFILE64_SOURCE -DHAVE_CLOCK_GETTIME_REALTIME   -o CMakeFiles/cmTC_e68e1.dir/src.c.o   -c /home/ubuntu/local_build/zfp/build_debug/cmocka-build/CMakeFiles/CMakeTmp/src.c
Linking C executable cmTC_e68e1
/usr/bin/cmake -E cmake_link_script CMakeFiles/cmTC_e68e1.dir/link.txt --verbose=1
/usr/bin/cc   -std=gnu99 -pedantic -pedantic-errors -Wall -Wextra -Wshadow -Wmissing-prototypes -Wdeclaration-after-statement -Wunused -Wfloat-equal -Wpointer-arith -Wwrite-strings -Wformat-security -Wmissing-format-attribute -Wundef -fPIC -fstack-protector -D_GNU_SOURCE -D_LARGEFILE64_SOURCE -DHAVE_CLOCK_GETTIME_REALTIME    CMakeFiles/cmTC_e68e1.dir/src.c.o  -o cmTC_e68e1 -rdynamic /usr/lib/x86_64-linux-gnu/librt.so 
make[4]: Leaving directory '/home/ubuntu/local_build/zfp/build_debug/cmocka-build/CMakeFiles/CMakeTmp'
make[3]: Leaving directory '/home/ubuntu/local_build/zfp/build_debug/cmocka-build/CMakeFiles/CMakeTmp'

Source file was:

#include <time.h>

int main(void) {
    struct timespec ts;

    clock_gettime(CLOCK_REALTIME, &ts);

    return 0;
}
Determining size of unsigned short passed with the following output:
Change Dir: /home/ubuntu/local_build/zfp/build_debug/cmocka-build/CMakeFiles/CMakeTmp

Run Build Command:"/usr/bin/make" "cmTC_eb73a/fast"
make[3]: Entering directory '/home/ubuntu/local_build/zfp/build_debug/cmocka-build/CMakeFiles/CMakeTmp'
/usr/bin/make -f CMakeFiles/cmTC_eb73a.dir/build.make CMakeFiles/cmTC_eb73a.dir/build
make[4]: Entering directory '/home/ubuntu/local_build/zfp/build_debug/cmocka-build/CMakeFiles/CMakeTmp'
Building C object CMakeFiles/cmTC_eb73a.dir/CMAKE_SIZEOF_UNSIGNED_SHORT.c.o
/usr/bin/cc    -std=gnu99 -pedantic -pedantic-errors -Wall -Wextra -Wshadow -Wmissing-prototypes -Wdeclaration-after-statement -Wunused -Wfloat-equal -Wpointer-arith -Wwrite-strings -Wformat-security -Wmissing-format-attribute -Wundef -fPIC -fstack-protector -D_GNU_SOURCE -D_LARGEFILE64_SOURCE    -o CMakeFiles/cmTC_eb73a.dir/CMAKE_SIZEOF_UNSIGNED_SHORT.c.o   -c /home/ubuntu/local_build/zfp/build_debug/cmocka-build/CMakeFiles/CheckTypeSize/CMAKE_SIZEOF_UNSIGNED_SHORT.c
Linking C executable cmTC_eb73a
/usr/bin/cmake -E cmake_link_script CMakeFiles/cmTC_eb73a.dir/link.txt --verbose=1
/usr/bin/cc   -std=gnu99 -pedantic -pedantic-errors -Wall -Wextra -Wshadow -Wmissing-prototypes -Wdeclaration-after-statement -Wunused -Wfloat-equal -Wpointer-arith -Wwrite-strings -Wformat-security -Wmissing-format-attribute -Wundef -fPIC -fstack-protector -D_GNU_SOURCE -D_LARGEFILE64_SOURCE     CMakeFiles/cmTC_eb73a.dir/CMAKE_SIZEOF_UNSIGNED_SHORT.c.o  -o cmTC_eb73a -rdynamic 
make[4]: Leaving directory '/home/ubuntu/local_build/zfp/build_debug/cmocka-build/CMakeFiles/CMakeTmp'
make[3]: Leaving directory '/home/ubuntu/local_build/zfp/build_debug/cmocka-build/CMakeFiles/CMakeTmp'


