Determining if the pthread_create exist failed with the following output:
Change Dir: /home/cc/local_build/zfp/build_debug/CMakeFiles/CMakeTmp

Run Build Command:"/usr/bin/make" "cmTC_0ca64/fast"
/usr/bin/make -f CMakeFiles/cmTC_0ca64.dir/build.make CMakeFiles/cmTC_0ca64.dir/build
make[1]: Entering directory '/home/cc/local_build/zfp/build_debug/CMakeFiles/CMakeTmp'
Building C object CMakeFiles/cmTC_0ca64.dir/CheckSymbolExists.c.o
/usr/bin/cc    -fPIC  -fPIE   -o CMakeFiles/cmTC_0ca64.dir/CheckSymbolExists.c.o   -c /home/cc/local_build/zfp/build_debug/CMakeFiles/CMakeTmp/CheckSymbolExists.c
Linking C executable cmTC_0ca64
/usr/bin/cmake -E cmake_link_script CMakeFiles/cmTC_0ca64.dir/link.txt --verbose=1
/usr/bin/cc  -fPIC     CMakeFiles/cmTC_0ca64.dir/CheckSymbolExists.c.o  -o cmTC_0ca64 -rdynamic 
CMakeFiles/cmTC_0ca64.dir/CheckSymbolExists.c.o: In function `main':
CheckSymbolExists.c:(.text+0x1b): undefined reference to `pthread_create'
collect2: error: ld returned 1 exit status
CMakeFiles/cmTC_0ca64.dir/build.make:97: recipe for target 'cmTC_0ca64' failed
make[1]: *** [cmTC_0ca64] Error 1
make[1]: Leaving directory '/home/cc/local_build/zfp/build_debug/CMakeFiles/CMakeTmp'
Makefile:126: recipe for target 'cmTC_0ca64/fast' failed
make: *** [cmTC_0ca64/fast] Error 2

File /home/cc/local_build/zfp/build_debug/CMakeFiles/CMakeTmp/CheckSymbolExists.c:
/* */
#include <pthread.h>

int main(int argc, char** argv)
{
  (void)argv;
#ifndef pthread_create
  return ((int*)(&pthread_create))[argc];
#else
  (void)argc;
  return 0;
#endif
}

Determining if the function pthread_create exists in the pthreads failed with the following output:
Change Dir: /home/cc/local_build/zfp/build_debug/CMakeFiles/CMakeTmp

Run Build Command:"/usr/bin/make" "cmTC_12a6b/fast"
/usr/bin/make -f CMakeFiles/cmTC_12a6b.dir/build.make CMakeFiles/cmTC_12a6b.dir/build
make[1]: Entering directory '/home/cc/local_build/zfp/build_debug/CMakeFiles/CMakeTmp'
Building C object CMakeFiles/cmTC_12a6b.dir/CheckFunctionExists.c.o
/usr/bin/cc    -fPIC -DCHECK_FUNCTION_EXISTS=pthread_create -fPIE   -o CMakeFiles/cmTC_12a6b.dir/CheckFunctionExists.c.o   -c /usr/share/cmake-3.5/Modules/CheckFunctionExists.c
Linking C executable cmTC_12a6b
/usr/bin/cmake -E cmake_link_script CMakeFiles/cmTC_12a6b.dir/link.txt --verbose=1
/usr/bin/cc  -fPIC -DCHECK_FUNCTION_EXISTS=pthread_create    CMakeFiles/cmTC_12a6b.dir/CheckFunctionExists.c.o  -o cmTC_12a6b -rdynamic -lpthreads 
/usr/bin/ld: cannot find -lpthreads
collect2: error: ld returned 1 exit status
CMakeFiles/cmTC_12a6b.dir/build.make:97: recipe for target 'cmTC_12a6b' failed
make[1]: *** [cmTC_12a6b] Error 1
make[1]: Leaving directory '/home/cc/local_build/zfp/build_debug/CMakeFiles/CMakeTmp'
Makefile:126: recipe for target 'cmTC_12a6b/fast' failed
make: *** [cmTC_12a6b/fast] Error 2


Performing C SOURCE FILE Test HAVE_MATH failed with the following output:
Change Dir: /home/cc/local_build/zfp/build_debug/CMakeFiles/CMakeTmp

Run Build Command:"/usr/bin/make" "cmTC_cb986/fast"
/usr/bin/make -f CMakeFiles/cmTC_cb986.dir/build.make CMakeFiles/cmTC_cb986.dir/build
make[1]: Entering directory '/home/cc/local_build/zfp/build_debug/CMakeFiles/CMakeTmp'
Building C object CMakeFiles/cmTC_cb986.dir/src.c.o
/usr/bin/cc    -DHAVE_MATH -fPIE   -o CMakeFiles/cmTC_cb986.dir/src.c.o   -c /home/cc/local_build/zfp/build_debug/CMakeFiles/CMakeTmp/src.c
Linking C executable cmTC_cb986
/usr/bin/cmake -E cmake_link_script CMakeFiles/cmTC_cb986.dir/link.txt --verbose=1
/usr/bin/cc   -DHAVE_MATH    CMakeFiles/cmTC_cb986.dir/src.c.o  -o cmTC_cb986 -rdynamic 
CMakeFiles/cmTC_cb986.dir/src.c.o: In function `main':
src.c:(.text+0x11): undefined reference to `sqrt'
collect2: error: ld returned 1 exit status
CMakeFiles/cmTC_cb986.dir/build.make:97: recipe for target 'cmTC_cb986' failed
make[1]: *** [cmTC_cb986] Error 1
make[1]: Leaving directory '/home/cc/local_build/zfp/build_debug/CMakeFiles/CMakeTmp'
Makefile:126: recipe for target 'cmTC_cb986/fast' failed
make: *** [cmTC_cb986/fast] Error 2

Source file was:
#include<math.h>
float f; int main(){sqrt(f);return 0;}
